<?xml version="1.0" encoding="UTF-8"?>
<testsuite xmlns:xsi="http://www.w3.org/2001/XMLSchema-instance" xsi:noNamespaceSchemaLocation="https://maven.apache.org/surefire/maven-surefire-plugin/xsd/surefire-test-report-3.0.xsd" version="3.0" name="TestRunner" time="17.334" tests="2" errors="2" skipped="0" failures="0">
  <properties>
    <property name="java.specification.version" value="17"/>
    <property name="sun.jnu.encoding" value="UTF-8"/>
    <property name="java.class.path" value="/Users/saeeda8/Projects/MVA-APP-workspace/mva-app-testing/target/test-classes:/Users/saeeda8/Projects/MVA-APP-workspace/mva-app-testing/target/classes:/Users/saeeda8/.m2/repository/org/seleniumhq/selenium/selenium-java/4.13.0/selenium-java-4.13.0.jar:/Users/saeeda8/.m2/repository/org/seleniumhq/selenium/selenium-api/4.13.0/selenium-api-4.13.0.jar:/Users/saeeda8/.m2/repository/org/seleniumhq/selenium/selenium-chrome-driver/4.13.0/selenium-chrome-driver-4.13.0.jar:/Users/saeeda8/.m2/repository/com/google/auto/service/auto-service-annotations/1.1.1/auto-service-annotations-1.1.1.jar:/Users/saeeda8/.m2/repository/com/google/guava/guava/32.1.2-jre/guava-32.1.2-jre.jar:/Users/saeeda8/.m2/repository/com/google/guava/failureaccess/1.0.1/failureaccess-1.0.1.jar:/Users/saeeda8/.m2/repository/com/google/guava/listenablefuture/9999.0-empty-to-avoid-conflict-with-guava/listenablefuture-9999.0-empty-to-avoid-conflict-with-guava.jar:/Users/saeeda8/.m2/repository/com/google/code/findbugs/jsr305/3.0.2/jsr305-3.0.2.jar:/Users/saeeda8/.m2/repository/org/checkerframework/checker-qual/3.33.0/checker-qual-3.33.0.jar:/Users/saeeda8/.m2/repository/com/google/errorprone/error_prone_annotations/2.18.0/error_prone_annotations-2.18.0.jar:/Users/saeeda8/.m2/repository/com/google/j2objc/j2objc-annotations/2.8/j2objc-annotations-2.8.jar:/Users/saeeda8/.m2/repository/org/seleniumhq/selenium/selenium-chromium-driver/4.13.0/selenium-chromium-driver-4.13.0.jar:/Users/saeeda8/.m2/repository/org/seleniumhq/selenium/selenium-json/4.13.0/selenium-json-4.13.0.jar:/Users/saeeda8/.m2/repository/org/seleniumhq/selenium/selenium-manager/4.13.0/selenium-manager-4.13.0.jar:/Users/saeeda8/.m2/repository/org/seleniumhq/selenium/selenium-devtools-v115/4.13.0/selenium-devtools-v115-4.13.0.jar:/Users/saeeda8/.m2/repository/org/seleniumhq/selenium/selenium-devtools-v116/4.13.0/selenium-devtools-v116-4.13.0.jar:/Users/saeeda8/.m2/repository/org/seleniumhq/selenium/selenium-devtools-v117/4.13.0/selenium-devtools-v117-4.13.0.jar:/Users/saeeda8/.m2/repository/org/seleniumhq/selenium/selenium-devtools-v85/4.13.0/selenium-devtools-v85-4.13.0.jar:/Users/saeeda8/.m2/repository/org/seleniumhq/selenium/selenium-edge-driver/4.13.0/selenium-edge-driver-4.13.0.jar:/Users/saeeda8/.m2/repository/org/seleniumhq/selenium/selenium-firefox-driver/4.13.0/selenium-firefox-driver-4.13.0.jar:/Users/saeeda8/.m2/repository/org/seleniumhq/selenium/selenium-http/4.13.0/selenium-http-4.13.0.jar:/Users/saeeda8/.m2/repository/dev/failsafe/failsafe/3.3.2/failsafe-3.3.2.jar:/Users/saeeda8/.m2/repository/org/seleniumhq/selenium/selenium-ie-driver/4.13.0/selenium-ie-driver-4.13.0.jar:/Users/saeeda8/.m2/repository/org/seleniumhq/selenium/selenium-remote-driver/4.13.0/selenium-remote-driver-4.13.0.jar:/Users/saeeda8/.m2/repository/io/netty/netty-buffer/4.1.96.Final/netty-buffer-4.1.96.Final.jar:/Users/saeeda8/.m2/repository/io/netty/netty-codec-http/4.1.96.Final/netty-codec-http-4.1.96.Final.jar:/Users/saeeda8/.m2/repository/io/netty/netty-codec/4.1.96.Final/netty-codec-4.1.96.Final.jar:/Users/saeeda8/.m2/repository/io/netty/netty-handler/4.1.96.Final/netty-handler-4.1.96.Final.jar:/Users/saeeda8/.m2/repository/io/netty/netty-common/4.1.96.Final/netty-common-4.1.96.Final.jar:/Users/saeeda8/.m2/repository/io/netty/netty-transport-classes-epoll/4.1.96.Final/netty-transport-classes-epoll-4.1.96.Final.jar:/Users/saeeda8/.m2/repository/io/netty/netty-transport-classes-kqueue/4.1.96.Final/netty-transport-classes-kqueue-4.1.96.Final.jar:/Users/saeeda8/.m2/repository/io/netty/netty-transport-native-epoll/4.1.96.Final/netty-transport-native-epoll-4.1.96.Final.jar:/Users/saeeda8/.m2/repository/io/netty/netty-transport-native-kqueue/4.1.96.Final/netty-transport-native-kqueue-4.1.96.Final.jar:/Users/saeeda8/.m2/repository/io/netty/netty-transport-native-unix-common/4.1.96.Final/netty-transport-native-unix-common-4.1.96.Final.jar:/Users/saeeda8/.m2/repository/io/netty/netty-transport/4.1.96.Final/netty-transport-4.1.96.Final.jar:/Users/saeeda8/.m2/repository/io/netty/netty-resolver/4.1.96.Final/netty-resolver-4.1.96.Final.jar:/Users/saeeda8/.m2/repository/io/opentelemetry/opentelemetry-api/1.28.0/opentelemetry-api-1.28.0.jar:/Users/saeeda8/.m2/repository/io/opentelemetry/opentelemetry-context/1.28.0/opentelemetry-context-1.28.0.jar:/Users/saeeda8/.m2/repository/io/opentelemetry/opentelemetry-exporter-logging/1.28.0/opentelemetry-exporter-logging-1.28.0.jar:/Users/saeeda8/.m2/repository/io/opentelemetry/opentelemetry-sdk-metrics/1.28.0/opentelemetry-sdk-metrics-1.28.0.jar:/Users/saeeda8/.m2/repository/io/opentelemetry/opentelemetry-extension-incubator/1.28.0-alpha/opentelemetry-extension-incubator-1.28.0-alpha.jar:/Users/saeeda8/.m2/repository/io/opentelemetry/opentelemetry-sdk-logs/1.28.0/opentelemetry-sdk-logs-1.28.0.jar:/Users/saeeda8/.m2/repository/io/opentelemetry/opentelemetry-sdk-common/1.28.0/opentelemetry-sdk-common-1.28.0.jar:/Users/saeeda8/.m2/repository/io/opentelemetry/opentelemetry-sdk-extension-autoconfigure-spi/1.28.0/opentelemetry-sdk-extension-autoconfigure-spi-1.28.0.jar:/Users/saeeda8/.m2/repository/io/opentelemetry/opentelemetry-sdk-extension-autoconfigure/1.28.0/opentelemetry-sdk-extension-autoconfigure-1.28.0.jar:/Users/saeeda8/.m2/repository/io/opentelemetry/opentelemetry-api-events/1.28.0-alpha/opentelemetry-api-events-1.28.0-alpha.jar:/Users/saeeda8/.m2/repository/io/opentelemetry/opentelemetry-sdk-trace/1.28.0/opentelemetry-sdk-trace-1.28.0.jar:/Users/saeeda8/.m2/repository/io/opentelemetry/opentelemetry-sdk/1.28.0/opentelemetry-sdk-1.28.0.jar:/Users/saeeda8/.m2/repository/io/opentelemetry/opentelemetry-semconv/1.28.0-alpha/opentelemetry-semconv-1.28.0-alpha.jar:/Users/saeeda8/.m2/repository/net/bytebuddy/byte-buddy/1.14.5/byte-buddy-1.14.5.jar:/Users/saeeda8/.m2/repository/org/asynchttpclient/async-http-client/2.12.3/async-http-client-2.12.3.jar:/Users/saeeda8/.m2/repository/org/asynchttpclient/async-http-client-netty-utils/2.12.3/async-http-client-netty-utils-2.12.3.jar:/Users/saeeda8/.m2/repository/io/netty/netty-codec-socks/4.1.60.Final/netty-codec-socks-4.1.60.Final.jar:/Users/saeeda8/.m2/repository/io/netty/netty-handler-proxy/4.1.60.Final/netty-handler-proxy-4.1.60.Final.jar:/Users/saeeda8/.m2/repository/io/netty/netty-transport-native-epoll/4.1.60.Final/netty-transport-native-epoll-4.1.60.Final-linux-x86_64.jar:/Users/saeeda8/.m2/repository/io/netty/netty-transport-native-kqueue/4.1.60.Final/netty-transport-native-kqueue-4.1.60.Final-osx-x86_64.jar:/Users/saeeda8/.m2/repository/org/reactivestreams/reactive-streams/1.0.3/reactive-streams-1.0.3.jar:/Users/saeeda8/.m2/repository/com/typesafe/netty/netty-reactive-streams/2.0.4/netty-reactive-streams-2.0.4.jar:/Users/saeeda8/.m2/repository/com/sun/activation/jakarta.activation/1.2.2/jakarta.activation-1.2.2.jar:/Users/saeeda8/.m2/repository/org/seleniumhq/selenium/selenium-os/4.13.0/selenium-os-4.13.0.jar:/Users/saeeda8/.m2/repository/org/apache/commons/commons-exec/1.3/commons-exec-1.3.jar:/Users/saeeda8/.m2/repository/org/seleniumhq/selenium/selenium-safari-driver/4.13.0/selenium-safari-driver-4.13.0.jar:/Users/saeeda8/.m2/repository/org/seleniumhq/selenium/selenium-support/4.13.0/selenium-support-4.13.0.jar:/Users/saeeda8/.m2/repository/io/appium/java-client/8.5.1/java-client-8.5.1.jar:/Users/saeeda8/.m2/repository/com/google/code/gson/gson/2.10.1/gson-2.10.1.jar:/Users/saeeda8/.m2/repository/commons-validator/commons-validator/1.7/commons-validator-1.7.jar:/Users/saeeda8/.m2/repository/commons-beanutils/commons-beanutils/1.9.4/commons-beanutils-1.9.4.jar:/Users/saeeda8/.m2/repository/commons-digester/commons-digester/2.1/commons-digester-2.1.jar:/Users/saeeda8/.m2/repository/commons-logging/commons-logging/1.2/commons-logging-1.2.jar:/Users/saeeda8/.m2/repository/commons-collections/commons-collections/3.2.2/commons-collections-3.2.2.jar:/Users/saeeda8/.m2/repository/org/apache/commons/commons-lang3/3.12.0/commons-lang3-3.12.0.jar:/Users/saeeda8/.m2/repository/commons-io/commons-io/2.12.0/commons-io-2.12.0.jar:/Users/saeeda8/.m2/repository/org/slf4j/slf4j-api/2.0.7/slf4j-api-2.0.7.jar:/Users/saeeda8/Projects/MVA-APP-workspace/mva-app-testing/api/mva-api-testing-0.0.1-SNAPSHOT-jar-with-dependencies.jar:/Users/saeeda8/.m2/repository/io/qameta/allure/allure-cucumber7-jvm/2.21.0/allure-cucumber7-jvm-2.21.0.jar:/Users/saeeda8/.m2/repository/io/qameta/allure/allure-java-commons/2.21.0/allure-java-commons-2.21.0.jar:/Users/saeeda8/.m2/repository/io/qameta/allure/allure-model/2.21.0/allure-model-2.21.0.jar:/Users/saeeda8/.m2/repository/org/junit/jupiter/junit-jupiter-api/5.9.2/junit-jupiter-api-5.9.2.jar:/Users/saeeda8/.m2/repository/org/opentest4j/opentest4j/1.2.0/opentest4j-1.2.0.jar:/Users/saeeda8/.m2/repository/org/junit/platform/junit-platform-commons/1.9.2/junit-platform-commons-1.9.2.jar:/Users/saeeda8/.m2/repository/org/apiguardian/apiguardian-api/1.1.2/apiguardian-api-1.1.2.jar:/Users/saeeda8/.m2/repository/org/junit/platform/junit-platform-suite/1.9.2/junit-platform-suite-1.9.2.jar:/Users/saeeda8/.m2/repository/org/junit/platform/junit-platform-suite-api/1.9.2/junit-platform-suite-api-1.9.2.jar:/Users/saeeda8/.m2/repository/org/junit/platform/junit-platform-suite-engine/1.9.2/junit-platform-suite-engine-1.9.2.jar:/Users/saeeda8/.m2/repository/org/junit/platform/junit-platform-suite-commons/1.9.2/junit-platform-suite-commons-1.9.2.jar:/Users/saeeda8/.m2/repository/org/junit/platform/junit-platform-launcher/1.9.2/junit-platform-launcher-1.9.2.jar:/Users/saeeda8/.m2/repository/com/googlecode/json-simple/json-simple/1.1.1/json-simple-1.1.1.jar:/Users/saeeda8/.m2/repository/io/rest-assured/json-path/4.3.1/json-path-4.3.1.jar:/Users/saeeda8/.m2/repository/org/codehaus/groovy/groovy-json/3.0.3/groovy-json-3.0.3.jar:/Users/saeeda8/.m2/repository/org/codehaus/groovy/groovy/3.0.3/groovy-3.0.3.jar:/Users/saeeda8/.m2/repository/io/rest-assured/rest-assured-common/4.3.1/rest-assured-common-4.3.1.jar:/Users/saeeda8/.m2/repository/org/testng/testng/7.4.0/testng-7.4.0.jar:/Users/saeeda8/.m2/repository/com/beust/jcommander/1.78/jcommander-1.78.jar:/Users/saeeda8/.m2/repository/org/webjars/jquery/3.5.1/jquery-3.5.1.jar:/Users/saeeda8/.m2/repository/javax/mail/mail/1.4.4/mail-1.4.4.jar:/Users/saeeda8/.m2/repository/javax/activation/activation/1.1/activation-1.1.jar:/Users/saeeda8/.m2/repository/org/jsoup/jsoup/1.13.1/jsoup-1.13.1.jar:/Users/saeeda8/.m2/repository/io/cucumber/gherkin/26.2.0/gherkin-26.2.0.jar:/Users/saeeda8/.m2/repository/io/cucumber/messages/22.0.0/messages-22.0.0.jar:/Users/saeeda8/.m2/repository/io/cucumber/cucumber-junit-platform-engine/7.12.0/cucumber-junit-platform-engine-7.12.0.jar:/Users/saeeda8/.m2/repository/io/cucumber/cucumber-core/7.12.0/cucumber-core-7.12.0.jar:/Users/saeeda8/.m2/repository/io/cucumber/cucumber-gherkin/7.12.0/cucumber-gherkin-7.12.0.jar:/Users/saeeda8/.m2/repository/io/cucumber/cucumber-gherkin-messages/7.12.0/cucumber-gherkin-messages-7.12.0.jar:/Users/saeeda8/.m2/repository/io/cucumber/tag-expressions/5.0.1/tag-expressions-5.0.1.jar:/Users/saeeda8/.m2/repository/io/cucumber/cucumber-expressions/16.1.2/cucumber-expressions-16.1.2.jar:/Users/saeeda8/.m2/repository/io/cucumber/datatable/7.12.0/datatable-7.12.0.jar:/Users/saeeda8/.m2/repository/io/cucumber/cucumber-plugin/7.12.0/cucumber-plugin-7.12.0.jar:/Users/saeeda8/.m2/repository/io/cucumber/docstring/7.12.0/docstring-7.12.0.jar:/Users/saeeda8/.m2/repository/io/cucumber/html-formatter/20.3.0/html-formatter-20.3.0.jar:/Users/saeeda8/.m2/repository/io/cucumber/junit-xml-formatter/0.2.0/junit-xml-formatter-0.2.0.jar:/Users/saeeda8/.m2/repository/io/cucumber/ci-environment/9.2.0/ci-environment-9.2.0.jar:/Users/saeeda8/.m2/repository/org/junit/platform/junit-platform-engine/1.9.3/junit-platform-engine-1.9.3.jar:/Users/saeeda8/.m2/repository/io/cucumber/cucumber-junit/7.14.0/cucumber-junit-7.14.0.jar:/Users/saeeda8/.m2/repository/junit/junit/4.13.2/junit-4.13.2.jar:/Users/saeeda8/.m2/repository/org/hamcrest/hamcrest-core/1.3/hamcrest-core-1.3.jar:/Users/saeeda8/.m2/repository/io/cucumber/cucumber-java/7.14.0/cucumber-java-7.14.0.jar:/Users/saeeda8/.m2/repository/org/assertj/assertj-core/3.10.0/assertj-core-3.10.0.jar:/Users/saeeda8/.m2/repository/org/apache/commons/commons-text/1.9/commons-text-1.9.jar:/Users/saeeda8/.m2/repository/io/cucumber/cucumber-picocontainer/7.12.0/cucumber-picocontainer-7.12.0.jar:/Users/saeeda8/.m2/repository/org/picocontainer/picocontainer/2.15/picocontainer-2.15.jar:/Users/saeeda8/.m2/repository/org/jetbrains/annotations/13.0/annotations-13.0.jar:/Users/saeeda8/.m2/repository/com/github/krraghavan/xeger/1.0.0-RELEASE/xeger-1.0.0-RELEASE.jar:/Users/saeeda8/.m2/repository/dk/brics/automaton/automaton/1.11-8/automaton-1.11-8.jar:/Users/saeeda8/.m2/repository/org/apache/tika/tika-core/2.6.0/tika-core-2.6.0.jar:"/>
    <property name="java.vm.vendor" value="Oracle Corporation"/>
    <property name="sun.arch.data.model" value="64"/>
    <property name="java.vendor.url" value="https://java.oracle.com/"/>
    <property name="user.timezone" value="Africa/Cairo"/>
    <property name="os.name" value="Mac OS X"/>
    <property name="java.vm.specification.version" value="17"/>
    <property name="sun.java.launcher" value="SUN_STANDARD"/>
    <property name="user.country" value="EG"/>
    <property name="sun.boot.library.path" value="/Library/Java/JavaVirtualMachines/jdk-17.jdk/Contents/Home/lib"/>
    <property name="sun.java.command" value="/Users/saeeda8/Projects/MVA-APP-workspace/mva-app-testing/target/surefire/surefirebooter-20231226173226890_3.jar /Users/saeeda8/Projects/MVA-APP-workspace/mva-app-testing/target/surefire 2023-12-26T17-32-26_579-jvmRun1 surefire-20231226173226890_1tmp surefire_0-20231226173226890_2tmp"/>
    <property name="jdk.debug" value="release"/>
    <property name="surefire.test.class.path" value="/Users/saeeda8/Projects/MVA-APP-workspace/mva-app-testing/target/test-classes:/Users/saeeda8/Projects/MVA-APP-workspace/mva-app-testing/target/classes:/Users/saeeda8/.m2/repository/org/seleniumhq/selenium/selenium-java/4.13.0/selenium-java-4.13.0.jar:/Users/saeeda8/.m2/repository/org/seleniumhq/selenium/selenium-api/4.13.0/selenium-api-4.13.0.jar:/Users/saeeda8/.m2/repository/org/seleniumhq/selenium/selenium-chrome-driver/4.13.0/selenium-chrome-driver-4.13.0.jar:/Users/saeeda8/.m2/repository/com/google/auto/service/auto-service-annotations/1.1.1/auto-service-annotations-1.1.1.jar:/Users/saeeda8/.m2/repository/com/google/guava/guava/32.1.2-jre/guava-32.1.2-jre.jar:/Users/saeeda8/.m2/repository/com/google/guava/failureaccess/1.0.1/failureaccess-1.0.1.jar:/Users/saeeda8/.m2/repository/com/google/guava/listenablefuture/9999.0-empty-to-avoid-conflict-with-guava/listenablefuture-9999.0-empty-to-avoid-conflict-with-guava.jar:/Users/saeeda8/.m2/repository/com/google/code/findbugs/jsr305/3.0.2/jsr305-3.0.2.jar:/Users/saeeda8/.m2/repository/org/checkerframework/checker-qual/3.33.0/checker-qual-3.33.0.jar:/Users/saeeda8/.m2/repository/com/google/errorprone/error_prone_annotations/2.18.0/error_prone_annotations-2.18.0.jar:/Users/saeeda8/.m2/repository/com/google/j2objc/j2objc-annotations/2.8/j2objc-annotations-2.8.jar:/Users/saeeda8/.m2/repository/org/seleniumhq/selenium/selenium-chromium-driver/4.13.0/selenium-chromium-driver-4.13.0.jar:/Users/saeeda8/.m2/repository/org/seleniumhq/selenium/selenium-json/4.13.0/selenium-json-4.13.0.jar:/Users/saeeda8/.m2/repository/org/seleniumhq/selenium/selenium-manager/4.13.0/selenium-manager-4.13.0.jar:/Users/saeeda8/.m2/repository/org/seleniumhq/selenium/selenium-devtools-v115/4.13.0/selenium-devtools-v115-4.13.0.jar:/Users/saeeda8/.m2/repository/org/seleniumhq/selenium/selenium-devtools-v116/4.13.0/selenium-devtools-v116-4.13.0.jar:/Users/saeeda8/.m2/repository/org/seleniumhq/selenium/selenium-devtools-v117/4.13.0/selenium-devtools-v117-4.13.0.jar:/Users/saeeda8/.m2/repository/org/seleniumhq/selenium/selenium-devtools-v85/4.13.0/selenium-devtools-v85-4.13.0.jar:/Users/saeeda8/.m2/repository/org/seleniumhq/selenium/selenium-edge-driver/4.13.0/selenium-edge-driver-4.13.0.jar:/Users/saeeda8/.m2/repository/org/seleniumhq/selenium/selenium-firefox-driver/4.13.0/selenium-firefox-driver-4.13.0.jar:/Users/saeeda8/.m2/repository/org/seleniumhq/selenium/selenium-http/4.13.0/selenium-http-4.13.0.jar:/Users/saeeda8/.m2/repository/dev/failsafe/failsafe/3.3.2/failsafe-3.3.2.jar:/Users/saeeda8/.m2/repository/org/seleniumhq/selenium/selenium-ie-driver/4.13.0/selenium-ie-driver-4.13.0.jar:/Users/saeeda8/.m2/repository/org/seleniumhq/selenium/selenium-remote-driver/4.13.0/selenium-remote-driver-4.13.0.jar:/Users/saeeda8/.m2/repository/io/netty/netty-buffer/4.1.96.Final/netty-buffer-4.1.96.Final.jar:/Users/saeeda8/.m2/repository/io/netty/netty-codec-http/4.1.96.Final/netty-codec-http-4.1.96.Final.jar:/Users/saeeda8/.m2/repository/io/netty/netty-codec/4.1.96.Final/netty-codec-4.1.96.Final.jar:/Users/saeeda8/.m2/repository/io/netty/netty-handler/4.1.96.Final/netty-handler-4.1.96.Final.jar:/Users/saeeda8/.m2/repository/io/netty/netty-common/4.1.96.Final/netty-common-4.1.96.Final.jar:/Users/saeeda8/.m2/repository/io/netty/netty-transport-classes-epoll/4.1.96.Final/netty-transport-classes-epoll-4.1.96.Final.jar:/Users/saeeda8/.m2/repository/io/netty/netty-transport-classes-kqueue/4.1.96.Final/netty-transport-classes-kqueue-4.1.96.Final.jar:/Users/saeeda8/.m2/repository/io/netty/netty-transport-native-epoll/4.1.96.Final/netty-transport-native-epoll-4.1.96.Final.jar:/Users/saeeda8/.m2/repository/io/netty/netty-transport-native-kqueue/4.1.96.Final/netty-transport-native-kqueue-4.1.96.Final.jar:/Users/saeeda8/.m2/repository/io/netty/netty-transport-native-unix-common/4.1.96.Final/netty-transport-native-unix-common-4.1.96.Final.jar:/Users/saeeda8/.m2/repository/io/netty/netty-transport/4.1.96.Final/netty-transport-4.1.96.Final.jar:/Users/saeeda8/.m2/repository/io/netty/netty-resolver/4.1.96.Final/netty-resolver-4.1.96.Final.jar:/Users/saeeda8/.m2/repository/io/opentelemetry/opentelemetry-api/1.28.0/opentelemetry-api-1.28.0.jar:/Users/saeeda8/.m2/repository/io/opentelemetry/opentelemetry-context/1.28.0/opentelemetry-context-1.28.0.jar:/Users/saeeda8/.m2/repository/io/opentelemetry/opentelemetry-exporter-logging/1.28.0/opentelemetry-exporter-logging-1.28.0.jar:/Users/saeeda8/.m2/repository/io/opentelemetry/opentelemetry-sdk-metrics/1.28.0/opentelemetry-sdk-metrics-1.28.0.jar:/Users/saeeda8/.m2/repository/io/opentelemetry/opentelemetry-extension-incubator/1.28.0-alpha/opentelemetry-extension-incubator-1.28.0-alpha.jar:/Users/saeeda8/.m2/repository/io/opentelemetry/opentelemetry-sdk-logs/1.28.0/opentelemetry-sdk-logs-1.28.0.jar:/Users/saeeda8/.m2/repository/io/opentelemetry/opentelemetry-sdk-common/1.28.0/opentelemetry-sdk-common-1.28.0.jar:/Users/saeeda8/.m2/repository/io/opentelemetry/opentelemetry-sdk-extension-autoconfigure-spi/1.28.0/opentelemetry-sdk-extension-autoconfigure-spi-1.28.0.jar:/Users/saeeda8/.m2/repository/io/opentelemetry/opentelemetry-sdk-extension-autoconfigure/1.28.0/opentelemetry-sdk-extension-autoconfigure-1.28.0.jar:/Users/saeeda8/.m2/repository/io/opentelemetry/opentelemetry-api-events/1.28.0-alpha/opentelemetry-api-events-1.28.0-alpha.jar:/Users/saeeda8/.m2/repository/io/opentelemetry/opentelemetry-sdk-trace/1.28.0/opentelemetry-sdk-trace-1.28.0.jar:/Users/saeeda8/.m2/repository/io/opentelemetry/opentelemetry-sdk/1.28.0/opentelemetry-sdk-1.28.0.jar:/Users/saeeda8/.m2/repository/io/opentelemetry/opentelemetry-semconv/1.28.0-alpha/opentelemetry-semconv-1.28.0-alpha.jar:/Users/saeeda8/.m2/repository/net/bytebuddy/byte-buddy/1.14.5/byte-buddy-1.14.5.jar:/Users/saeeda8/.m2/repository/org/asynchttpclient/async-http-client/2.12.3/async-http-client-2.12.3.jar:/Users/saeeda8/.m2/repository/org/asynchttpclient/async-http-client-netty-utils/2.12.3/async-http-client-netty-utils-2.12.3.jar:/Users/saeeda8/.m2/repository/io/netty/netty-codec-socks/4.1.60.Final/netty-codec-socks-4.1.60.Final.jar:/Users/saeeda8/.m2/repository/io/netty/netty-handler-proxy/4.1.60.Final/netty-handler-proxy-4.1.60.Final.jar:/Users/saeeda8/.m2/repository/io/netty/netty-transport-native-epoll/4.1.60.Final/netty-transport-native-epoll-4.1.60.Final-linux-x86_64.jar:/Users/saeeda8/.m2/repository/io/netty/netty-transport-native-kqueue/4.1.60.Final/netty-transport-native-kqueue-4.1.60.Final-osx-x86_64.jar:/Users/saeeda8/.m2/repository/org/reactivestreams/reactive-streams/1.0.3/reactive-streams-1.0.3.jar:/Users/saeeda8/.m2/repository/com/typesafe/netty/netty-reactive-streams/2.0.4/netty-reactive-streams-2.0.4.jar:/Users/saeeda8/.m2/repository/com/sun/activation/jakarta.activation/1.2.2/jakarta.activation-1.2.2.jar:/Users/saeeda8/.m2/repository/org/seleniumhq/selenium/selenium-os/4.13.0/selenium-os-4.13.0.jar:/Users/saeeda8/.m2/repository/org/apache/commons/commons-exec/1.3/commons-exec-1.3.jar:/Users/saeeda8/.m2/repository/org/seleniumhq/selenium/selenium-safari-driver/4.13.0/selenium-safari-driver-4.13.0.jar:/Users/saeeda8/.m2/repository/org/seleniumhq/selenium/selenium-support/4.13.0/selenium-support-4.13.0.jar:/Users/saeeda8/.m2/repository/io/appium/java-client/8.5.1/java-client-8.5.1.jar:/Users/saeeda8/.m2/repository/com/google/code/gson/gson/2.10.1/gson-2.10.1.jar:/Users/saeeda8/.m2/repository/commons-validator/commons-validator/1.7/commons-validator-1.7.jar:/Users/saeeda8/.m2/repository/commons-beanutils/commons-beanutils/1.9.4/commons-beanutils-1.9.4.jar:/Users/saeeda8/.m2/repository/commons-digester/commons-digester/2.1/commons-digester-2.1.jar:/Users/saeeda8/.m2/repository/commons-logging/commons-logging/1.2/commons-logging-1.2.jar:/Users/saeeda8/.m2/repository/commons-collections/commons-collections/3.2.2/commons-collections-3.2.2.jar:/Users/saeeda8/.m2/repository/org/apache/commons/commons-lang3/3.12.0/commons-lang3-3.12.0.jar:/Users/saeeda8/.m2/repository/commons-io/commons-io/2.12.0/commons-io-2.12.0.jar:/Users/saeeda8/.m2/repository/org/slf4j/slf4j-api/2.0.7/slf4j-api-2.0.7.jar:/Users/saeeda8/Projects/MVA-APP-workspace/mva-app-testing/api/mva-api-testing-0.0.1-SNAPSHOT-jar-with-dependencies.jar:/Users/saeeda8/.m2/repository/io/qameta/allure/allure-cucumber7-jvm/2.21.0/allure-cucumber7-jvm-2.21.0.jar:/Users/saeeda8/.m2/repository/io/qameta/allure/allure-java-commons/2.21.0/allure-java-commons-2.21.0.jar:/Users/saeeda8/.m2/repository/io/qameta/allure/allure-model/2.21.0/allure-model-2.21.0.jar:/Users/saeeda8/.m2/repository/org/junit/jupiter/junit-jupiter-api/5.9.2/junit-jupiter-api-5.9.2.jar:/Users/saeeda8/.m2/repository/org/opentest4j/opentest4j/1.2.0/opentest4j-1.2.0.jar:/Users/saeeda8/.m2/repository/org/junit/platform/junit-platform-commons/1.9.2/junit-platform-commons-1.9.2.jar:/Users/saeeda8/.m2/repository/org/apiguardian/apiguardian-api/1.1.2/apiguardian-api-1.1.2.jar:/Users/saeeda8/.m2/repository/org/junit/platform/junit-platform-suite/1.9.2/junit-platform-suite-1.9.2.jar:/Users/saeeda8/.m2/repository/org/junit/platform/junit-platform-suite-api/1.9.2/junit-platform-suite-api-1.9.2.jar:/Users/saeeda8/.m2/repository/org/junit/platform/junit-platform-suite-engine/1.9.2/junit-platform-suite-engine-1.9.2.jar:/Users/saeeda8/.m2/repository/org/junit/platform/junit-platform-suite-commons/1.9.2/junit-platform-suite-commons-1.9.2.jar:/Users/saeeda8/.m2/repository/org/junit/platform/junit-platform-launcher/1.9.2/junit-platform-launcher-1.9.2.jar:/Users/saeeda8/.m2/repository/com/googlecode/json-simple/json-simple/1.1.1/json-simple-1.1.1.jar:/Users/saeeda8/.m2/repository/io/rest-assured/json-path/4.3.1/json-path-4.3.1.jar:/Users/saeeda8/.m2/repository/org/codehaus/groovy/groovy-json/3.0.3/groovy-json-3.0.3.jar:/Users/saeeda8/.m2/repository/org/codehaus/groovy/groovy/3.0.3/groovy-3.0.3.jar:/Users/saeeda8/.m2/repository/io/rest-assured/rest-assured-common/4.3.1/rest-assured-common-4.3.1.jar:/Users/saeeda8/.m2/repository/org/testng/testng/7.4.0/testng-7.4.0.jar:/Users/saeeda8/.m2/repository/com/beust/jcommander/1.78/jcommander-1.78.jar:/Users/saeeda8/.m2/repository/org/webjars/jquery/3.5.1/jquery-3.5.1.jar:/Users/saeeda8/.m2/repository/javax/mail/mail/1.4.4/mail-1.4.4.jar:/Users/saeeda8/.m2/repository/javax/activation/activation/1.1/activation-1.1.jar:/Users/saeeda8/.m2/repository/org/jsoup/jsoup/1.13.1/jsoup-1.13.1.jar:/Users/saeeda8/.m2/repository/io/cucumber/gherkin/26.2.0/gherkin-26.2.0.jar:/Users/saeeda8/.m2/repository/io/cucumber/messages/22.0.0/messages-22.0.0.jar:/Users/saeeda8/.m2/repository/io/cucumber/cucumber-junit-platform-engine/7.12.0/cucumber-junit-platform-engine-7.12.0.jar:/Users/saeeda8/.m2/repository/io/cucumber/cucumber-core/7.12.0/cucumber-core-7.12.0.jar:/Users/saeeda8/.m2/repository/io/cucumber/cucumber-gherkin/7.12.0/cucumber-gherkin-7.12.0.jar:/Users/saeeda8/.m2/repository/io/cucumber/cucumber-gherkin-messages/7.12.0/cucumber-gherkin-messages-7.12.0.jar:/Users/saeeda8/.m2/repository/io/cucumber/tag-expressions/5.0.1/tag-expressions-5.0.1.jar:/Users/saeeda8/.m2/repository/io/cucumber/cucumber-expressions/16.1.2/cucumber-expressions-16.1.2.jar:/Users/saeeda8/.m2/repository/io/cucumber/datatable/7.12.0/datatable-7.12.0.jar:/Users/saeeda8/.m2/repository/io/cucumber/cucumber-plugin/7.12.0/cucumber-plugin-7.12.0.jar:/Users/saeeda8/.m2/repository/io/cucumber/docstring/7.12.0/docstring-7.12.0.jar:/Users/saeeda8/.m2/repository/io/cucumber/html-formatter/20.3.0/html-formatter-20.3.0.jar:/Users/saeeda8/.m2/repository/io/cucumber/junit-xml-formatter/0.2.0/junit-xml-formatter-0.2.0.jar:/Users/saeeda8/.m2/repository/io/cucumber/ci-environment/9.2.0/ci-environment-9.2.0.jar:/Users/saeeda8/.m2/repository/org/junit/platform/junit-platform-engine/1.9.3/junit-platform-engine-1.9.3.jar:/Users/saeeda8/.m2/repository/io/cucumber/cucumber-junit/7.14.0/cucumber-junit-7.14.0.jar:/Users/saeeda8/.m2/repository/junit/junit/4.13.2/junit-4.13.2.jar:/Users/saeeda8/.m2/repository/org/hamcrest/hamcrest-core/1.3/hamcrest-core-1.3.jar:/Users/saeeda8/.m2/repository/io/cucumber/cucumber-java/7.14.0/cucumber-java-7.14.0.jar:/Users/saeeda8/.m2/repository/org/assertj/assertj-core/3.10.0/assertj-core-3.10.0.jar:/Users/saeeda8/.m2/repository/org/apache/commons/commons-text/1.9/commons-text-1.9.jar:/Users/saeeda8/.m2/repository/io/cucumber/cucumber-picocontainer/7.12.0/cucumber-picocontainer-7.12.0.jar:/Users/saeeda8/.m2/repository/org/picocontainer/picocontainer/2.15/picocontainer-2.15.jar:/Users/saeeda8/.m2/repository/org/jetbrains/annotations/13.0/annotations-13.0.jar:/Users/saeeda8/.m2/repository/com/github/krraghavan/xeger/1.0.0-RELEASE/xeger-1.0.0-RELEASE.jar:/Users/saeeda8/.m2/repository/dk/brics/automaton/automaton/1.11-8/automaton-1.11-8.jar:/Users/saeeda8/.m2/repository/org/apache/tika/tika-core/2.6.0/tika-core-2.6.0.jar:"/>
    <property name="LOA3AccountId" value="8061633139"/>
    <property name="sun.cpu.endian" value="little"/>
    <property name="user.home" value="/Users/saeeda8"/>
    <property name="user.language" value="en"/>
    <property name="java.specification.vendor" value="Oracle Corporation"/>
    <property name="java.version.date" value="2023-04-18"/>
    <property name="java.home" value="/Library/Java/JavaVirtualMachines/jdk-17.jdk/Contents/Home"/>
    <property name="file.separator" value="/"/>
    <property name="basedir" value="/Users/saeeda8/Projects/MVA-APP-workspace/mva-app-testing"/>
    <property name="java.vm.compressedOopsMode" value="Zero based"/>
    <property name="line.separator" value="&#10;"/>
    <property name="java.specification.name" value="Java Platform API Specification"/>
    <property name="java.vm.specification.vendor" value="Oracle Corporation"/>
    <property name="LOA3Token" value="DSmp9ipWx6w5hZG/paR9jHKKi9728OU5LUhfsG6Hfbwe42PVo1zkymel6vt/I3FRoYt2eL4k782q36gAq6uifhRWFC0bW2Or6EAoTpzlaTNS+xs2A2j5SAb023tmzsnmoJj8U3j4HEjEEX2bpgLvNcyGJfp6hAD4LLrEzyaXUk0esQruX6fn2Abek7IdDe3Pf1UGHetcR+eP98doJdR9Lj8rfJO8IHS6ADev4SnqxqwoZ1TpO8PJ0NWT9H/JoYFDi4rM0VOvdPw7yh4mo9DG9d6xLVsnzDVd/sjuQLcv4Np7NwkTdLvrjj0Qhner0YoZg21crvH7b/PjvJmb1uBevQFaPdbFXI/V40gfw2buOrbJ/itEZEuM4MqwrGk9FmuRLorwnI78JnxGHzTHftk7UYE+R6H0iBC9zpOz9CfuPl2oJR49wzWI3H8oxhe1YTyUe9jyZF2CFOE75AzdNbllw/IdDYZUGZRaMS+6SKng+Xm5IZftnITIULKGdgUZwWvtyRLb4kPmwATZb/M6WGICA3SyVbu0DuYDrlThJE0k0Z8FVYzyHFBz1XiFh0orLFn+KZi1bYhg8f3QecXVjz2zGyNMjeMA4xIsOmjLOm2fHnRjrWmxS31uYRXNSN4NczwQNB2iQUZa9lWCnuky4ZqHB2cq4GK0rRoZUYw1D77RJg/NBQwWWYdJV+X2I0wIFMD2W2Hh+8WiylAG4lyAX74kelkNcQW2UriVuZ/fmrkG+trA4fk4j7AaNK+8/egs1m6H0O4L1bVDtIZSl0J8eO8gNFZdytWnh9Gdtiy2RzjwdDWm/mDhrXZ2tEPCqRXW7OLBNdMShv7qeXKenqaMF4E6t3Y+Resfo0DaFe6i/odpSWFKC6LQet3ZfsiD67d+T3Jhvbo4zmHRgTp5f5SrCUfVktjDhdCYoUVF5FkyaAuGIM+RFyvfqourKrV3ETxZ39lgN00CbwlXU/lMOmMPHxx9OTLkMVhfszeoNMm6saa7Lww3BZ/gCerT9IHkZLPUYCetvWf0UtSN7Sx3ixWcQIPu5jlToVJ0SKu6dsKT+thEBPR2+kL2wcKvL4T5/tvBAnW6V0opSf/p+GNx6n27bIrReyPOXfDPki3cO07rWJcD9UVfhUPz88oRdiCK8fdYif/sWndxJD+4uqn2Duarizk5d7p4bvXQOHVE5/WbWhqI923txKuuNMbAm9hpGFVGrPfwvhmcm5G09twQ9OAO3lizBw3g0diZR+Jn08LXIBwZQ+kjcFfxOOAs79aBdb3Nm2sTPf3fv6wRTq+6pr2C+zqkH7GvE5NfDtnTeRB62qKoMukBdX64iHK3ej6RVDcSfCZWICFbmh871a4KqNUpnAYvFrf57fD1JhKN7dIwcdXiCLJmhwszaLONcRcABQa73nuZ8sfOXPu2jdl4URG41CkyF77v4elaJkA+lSwbpYYqGjcbTRCXvoMF5aiWQ+1/GhYDh0kovfCGJxKBk/GtcNDcXj0zcKwvEiLYiGEtERe78+hq+1CrzWDYv9IRxRsrdEEBoYOCRo7r5tqjf94Awfi0xETrMBKXDGYxbozruZ5y/rPFaIRvdveJkXPRM2XXi5Gxl3G1pBKjPEoq0aM3k2QlpK43FVgvonjt4qI9WfLuqwwVIUDPzZPORd6gIjCuSE1RZ7iwKNcOaPILSJI6gK3KsN2cwcDbTjxM9yxCjpp1j8gDpREdRqEmL8RzRSSdUvydO7xRAjXh0xP9+mP0QgZ8mjFXg1CE9kWQJCA4MAR0j62GlxbpZoAcbSCVgulM16KX60O3RDesxXtBlHCB1eOW4dZLwcmwA+e7b0WODrQIuAhoxrkbIHvLJ+SOKU2an08+3Du4yT6SM7oBWsNqElKFdIcO2Efxfl1nErYxEcfLR0lpeRhqy8VXxuIAXggtnBzgKq9KwrghQv/G2dNiWt6/O9bLrGWV5+fRlVO5rzav62jD5F7uO0b7mXIwfag2yS41H/URju0PHeZJXdKExsV2j/o7NgRs4j1nF/GFqFuFjR8nTIfxk6PST+hP0lTo20eaFaEm3cZP+MJ9ahZRmFW2rqGY2PYF4qVEHMOuynpfEjp8SUHgJmAjoZpfkI3pUEAoPUX1OrRkjlks5biiCSONNFZkNxgNcO246jfmx/Ae8tHMak6Tyc+Uc5TqgvUeHNE3cdnwc98wuPmeLvP+qhOVLgPEhcmh5K5Jva0PLXCP3gP5N4uEAZoWkOwSC5brCJao+A4zpNHy3Fmf+BPTxCGDwMAutAdlJ/B2oh20tPNCGFdoX9x38zzw5jkBD7aFIW4DVUG+qfKtVgtYOh9mC9DSz/icfyFFgEcUlKdCvVWAtz4wMBFntcV6IaTWn5d1zrZIkNI0zcCgn23f9n588EEaQkWqPxkUuN0RaTxP1EM7JywXsPUaluEy0QCYo87RPY15nzINr2mIlHRKRWltjqDkU77AWlotY8AMJC+4vQEegAz/2vACQGMDudD4ZsveIkIcfhU94VfycA88HPw5CIfsR2eSLj6gOF2uEWJcxO80wyZ2KXJbvzZF+Mt6CVivUGTj8HHDH+G+XpefnNery9G/DilI8jd6YcIm9UH0mG7YR324CBQ6GzWPzrhY+d3ZG3U+weuN8UcCQFRvOjGESn2IHN82WlkIQT/N2hD/1kB7l9izVX0zdfyV7J++Wq8i5+8osUd0JtFoTYiBW1ONg0nVVQ2PyGcnODwqctW1zx6beXg="/>
    <property name="surefire.real.class.path" value="/Users/saeeda8/Projects/MVA-APP-workspace/mva-app-testing/target/surefire/surefirebooter-20231226173226890_3.jar"/>
    <property name="sun.management.compiler" value="HotSpot 64-Bit Tiered Compilers"/>
    <property name="java.runtime.version" value="17.0.7+8-LTS-224"/>
    <property name="user.name" value="saeeda8"/>
    <property name="path.separator" value=":"/>
    <property name="os.version" value="13.5.1"/>
    <property name="java.runtime.name" value="Java(TM) SE Runtime Environment"/>
    <property name="LOA1Token" value="Erqz9AO1nO6aP8EJhKlvANrA2BSND+KOKP8MoMY4HkhncDEY7VGcvZaAgdvjCbqjy6ibR2/6tlWgACXA+iepbH2POhR2LQYhwj8momEKlZQpxosXE3Twa4CUPOcUY00W7lyaHVIuGx0khbk3iEL9qHoOGhXsqyCkGJgJfnZ3Jc1U+o5IAWRbBiHTXpFfvkOOxGwOeMzlR3dFUOSlUxB4S4DF7myiqxo24ZzvZI2fPOZui6BPtdCtg7bULWNnPYaxMX8JfJ1+U0EB/HWGWxrqUfeYRtfq5qxEuWQaFZw1aI2K36tGR7TduW+LLE1YIyZHfZI/zRGtgWhYfjBGkPOSJJ0UD3Ih851QM37kGYjjvCMZAizKEyserh0B3m4qxFy0k6DoKFNzut5M4DXyUdltGtk6DCxUepOyMpeLX4niDqvFhPEe3PtD7cTVrEkgAePn3EhKw91g428lOYXfMM1RLlThI2aBGvLcwZyTRvuHUr6IfDdbw0kuxIFjBly67ONyToJh3sjl/VFMW93b2WCnG2OzhWGFYZg7DmaAbw9NrIlW90BlIQgGE9kOzjMi+gQJle7dPMwpnaCcbLEfuGBoLDPf/WJrqC6w4IEopwMxI5pcdCkLOR6B4Bzvg2hWm2RZ/6wYEtD/Dpmbg25Le5yo36BdW9REphV7jwuAiTRvPS9RtZoVHeVw5TusyFkZCUm0ch/tPI8/mRNR9lUXzQ4IUQqMKYPFXXLDP0X+VlFmGhLdLvN0mFKryZKIkDzAb4ByyBj3RWZYkhaDhjIRUOUHEb25UiTpFS1DUCi9o0NrGfzBQ2BZMQLEcX1xHQXQqDgBF5bX3bTND77SDE+ZGHpAHsngd+mHAbtm8+auFaYTql90orK8kLGMNgayj70rsrldiQM/i1Rz3Hdb7NqB8LSUtB4QxHDZIRyBUvCb7YznU4S2Q+qnZWmdoWHphqZCR/otHM9Ld22DCgEXbnnFvj6bza5X4dysMxfZbWvctHy6wO60NF12ILGJg21ijss9z1yfPsoZ2kEs+M1LHMNa+x/QIqwWKRiYcRygMMuqYBPaxjfjOFCLrfc7+s7Hqov3s3vJQ6JE9R9Nt79/gE7vOiQG8DLncE3xYqypvOq0NOWl9/8U9Z1Qh/MFJ965lHRbGGYgrDBafSrg+d8mwyMNK+UrsJTm0iPoCzvgoR6Z3OvCyuB5fu33vQ4y3M9HcoppMwYZvr1wCzlfz/k87ILfPT2JOhHHzicR2RGKngNh0iVzK/9W+IG9po6abUa2lhBAsBcmEkayjDbMpAxJRY7k/eg5AW2dPPmXOMtAtw5ZaedIlLOCto4cZ9oQ8AtVM2i8khXNnXB9tWHdoXAPX86fSDkJmTeQPJNn2LsDXkWc/X6e+vfvE5k/PI5cY4tM10ceqhZKG+VUMwYvt8+m75sVxJiWI/htD88kQhnS1ih0nfgXKQ7ik8jR/GmFO4CXZ2lJ/IN9cX6XbHAPiBGgOp8GQuGT7IF0uau40ywg8Hd71u8CfTuJ68XAcuSFvS30AGB+t53kM6Tx55sIxtjzHmtAFJBa3JS6IL6DgH89P15+mr80GpGRtJF4bFLeG2a2dD3Kie2p1B+YZW4uY7HfXL1JTkpcu7ZsHmNFrYvDGw5ifLJ3gPW3vcpz7q//dURYpTSosg93ddbPkLnewVbe3+lqPu3QnzfGXLb5RaD0JJDFeAbeg4/pCtpbd3jm3uPc6BicBdvpvXfoP+2mOQ9YKxnENQSXXEBFZVfE/bMjHS+spbMAcUCNrzxqwi4VZhtYR6ufDTs/z75XRtB/t371qcrMwu9JYsOQf+1lPEOIysSXK8Jg0M/1rfiFdMVxvpjZMMXrmGxTCHq28Y7PRY4veFricCUEYWNfSRHoiQxfIOxgUzOF5pUp5mchS8r8AXXRN5v7i9N/jfzOTfK5ERSsNmk/MikDGJA8tJpdijWqb/Exblgx1j3A+G9OiR7y1Ywg7QDYZ6oe7LgBAqijT7fl1jS0u11oTa+XK4gWZGfxOYvL38R8qI9vJBaLElYwTSHBe2b696FHwfFOQdIK93zP1fLe/wlUzlm9zkXD1gTm8Y5VkYWbFk79XTVF8mPrAnyaS7Oeaj4EpgN8cEsGzJxouYOMJQWX1xFjMVa+7JMCCoGv0OmGSmPDF1HK1ANLOlKJf81npyBLakwXocH8fNN1890cqIqD99cgyiz4/D5JZjJfAOkDZOXCGWi7NEwUVeurB9QQt7V100qtJTz+p4i50pUxj+XnjPlt/wN9xXg1GOU9fnBTXBwayA1XpLk3gfbAMKGfSLsX71Dq/Gu8rflofpfG+yCV5qrSJXlW+ifo8REutH3FfjqTvNcpiFvfl/uFP8Qr5Q1HWcl2vccZpwarLqGwN0Z2+PMe/R5b8yrehQo4g4b4phPWMmatY+IOIyAQ+ge77HBz561EaJyp7gj77ShuS4bFGlrDUtrWHK95vcMLBbTR2NR37V/ndL+bZv/sDMuKVZXrdgLVXzJJhqn21/e77cyv5xhXnnjgwbp1ITixgLoHTa9aPwLdkx7t4gQhUJEuGiEuKsfE9bwHvwznRPAN/41JH2xRhfkw7iAHV1/B3ORpC+KO4H42bnwpV9yheJYSFh6C6GdOnbVWPfwem8vcAi6Z76rFk569obAwu7RPiPvSFE0ABnE51pWkL+kgH8bkEFANQfY0SQvv/ViePcLnLXAILBZ32+vkHGk+1ThZonHtvGc="/>
    <property name="file.encoding" value="UTF-8"/>
    <property name="java.vm.name" value="Java HotSpot(TM) 64-Bit Server VM"/>
    <property name="localRepository" value="/Users/saeeda8/.m2/repository"/>
    <property name="java.vendor.url.bug" value="https://bugreport.java.com/bugreport/"/>
    <property name="java.io.tmpdir" value="/var/folders/nq/fpqgl6_n1yn2yscrzfrh3_90pxttxy/T/"/>
    <property name="idea.version" value="2023.1.5"/>
    <property name="java.version" value="17.0.7"/>
    <property name="cucumber.filter.tags" value="@TC_1048344"/>
    <property name="user.dir" value="/Users/saeeda8/Projects/MVA-APP-workspace/mva-app-testing"/>
    <property name="os.arch" value="aarch64"/>
    <property name="java.vm.specification.name" value="Java Virtual Machine Specification"/>
    <property name="native.encoding" value="UTF-8"/>
    <property name="java.library.path" value="/Users/saeeda8/Library/Java/Extensions:/Library/Java/Extensions:/Network/Library/Java/Extensions:/System/Library/Java/Extensions:/usr/lib/java:."/>
    <property name="java.vm.info" value="mixed mode, sharing"/>
    <property name="java.vendor" value="Oracle Corporation"/>
    <property name="java.vm.version" value="17.0.7+8-LTS-224"/>
    <property name="LOA1AccountId" value="8061633139"/>
    <property name="sun.io.unicode.encoding" value="UnicodeBig"/>
    <property name="java.class.version" value="61.0"/>
  </properties>
  <testcase name="Check that Renew plan early overlay is displayed in Add Data overlay" classname="Red Hybrid Add Extras Category links" time="17.201">
    <error message="Could not start a new session. Response code 500. Message: An unknown server-side error occurred while processing the command. Original error: Unable to launch WebDriverAgent because of xcodebuild failure: xcodebuild failed with code 65&#10;xcodebuild error message:&#10;. Make sure you follow the tutorial at https://github.com/appium/appium-xcuitest-driver/blob/master/docs/real-device-config.md. Try to remove the WebDriverAgentRunner application from the device if it is installed and reboot the device. &#10;Host info: host: &apos;E1180517&apos;, ip: &apos;fe80:0:0:0:44:43a0:7825:8479%en0&apos;&#10;Build info: version: &apos;4.13.0&apos;, revision: &apos;ba948ece5b*&apos;&#10;System info: os.name: &apos;Mac OS X&apos;, os.arch: &apos;aarch64&apos;, os.version: &apos;13.5.1&apos;, java.version: &apos;17.0.7&apos;&#10;Driver info: io.appium.java_client.ios.IOSDriver&#10;Command: [null, newSession {capabilities=[{appium:autoAcceptAlerts=false, appium:automationName=XCUITest, appium:bundleId=com.VIS.myvodafoneUK, appium:deviceName=iPhone 12 Pro, appium:newCommandTimeout=60000, appium:noReset=false, platformName=IOS, appium:platformVersion=16.1.1, appium:udid=00008101-000E399A2684001E}], desiredCapabilities=Capabilities {autoAcceptAlerts: false, automationName: XCUITest, bundleId: com.VIS.myvodafoneUK, deviceName: iPhone 12 Pro, newCommandTimeout: 60000, noReset: false, platformName: IOS, platformVersion: 16.1.1, udid: 00008101-000E399A2684001E}}]&#10;Capabilities {autoAcceptAlerts: false, automationName: XCUITest, bundleId: com.VIS.myvodafoneUK, deviceName: iPhone 12 Pro, newCommandTimeout: 60000, noReset: false, platformName: IOS, platformVersion: 16.1.1, udid: 00008101-000E399A2684001E}" type="org.openqa.selenium.SessionNotCreatedException"><![CDATA[org.openqa.selenium.SessionNotCreatedException: 
Could not start a new session. Response code 500. Message: An unknown server-side error occurred while processing the command. Original error: Unable to launch WebDriverAgent because of xcodebuild failure: xcodebuild failed with code 65
xcodebuild error message:
. Make sure you follow the tutorial at https://github.com/appium/appium-xcuitest-driver/blob/master/docs/real-device-config.md. Try to remove the WebDriverAgentRunner application from the device if it is installed and reboot the device. 
Host info: host: 'E1180517', ip: 'fe80:0:0:0:44:43a0:7825:8479%en0'
Build info: version: '4.13.0', revision: 'ba948ece5b*'
System info: os.name: 'Mac OS X', os.arch: 'aarch64', os.version: '13.5.1', java.version: '17.0.7'
Driver info: io.appium.java_client.ios.IOSDriver
Command: [null, newSession {capabilities=[{appium:autoAcceptAlerts=false, appium:automationName=XCUITest, appium:bundleId=com.VIS.myvodafoneUK, appium:deviceName=iPhone 12 Pro, appium:newCommandTimeout=60000, appium:noReset=false, platformName=IOS, appium:platformVersion=16.1.1, appium:udid=00008101-000E399A2684001E}], desiredCapabilities=Capabilities {autoAcceptAlerts: false, automationName: XCUITest, bundleId: com.VIS.myvodafoneUK, deviceName: iPhone 12 Pro, newCommandTimeout: 60000, noReset: false, platformName: IOS, platformVersion: 16.1.1, udid: 00008101-000E399A2684001E}}]
Capabilities {autoAcceptAlerts: false, automationName: XCUITest, bundleId: com.VIS.myvodafoneUK, deviceName: iPhone 12 Pro, newCommandTimeout: 60000, noReset: false, platformName: IOS, platformVersion: 16.1.1, udid: 00008101-000E399A2684001E}
	at org.openqa.selenium.remote.ProtocolHandshake.createSession(ProtocolHandshake.java:140)
	at java.base/jdk.internal.reflect.NativeMethodAccessorImpl.invoke0(Native Method)
	at java.base/jdk.internal.reflect.NativeMethodAccessorImpl.invoke(NativeMethodAccessorImpl.java:77)
	at java.base/jdk.internal.reflect.DelegatingMethodAccessorImpl.invoke(DelegatingMethodAccessorImpl.java:43)
	at java.base/java.lang.reflect.Method.invoke(Method.java:568)
	at io.appium.java_client.remote.AppiumProtocolHandshake.createSession(AppiumProtocolHandshake.java:133)
	at io.appium.java_client.remote.AppiumProtocolHandshake.createSession(AppiumProtocolHandshake.java:102)
	at io.appium.java_client.remote.AppiumCommandExecutor.createSession(AppiumCommandExecutor.java:182)
	at io.appium.java_client.remote.AppiumCommandExecutor.execute(AppiumCommandExecutor.java:250)
	at org.openqa.selenium.remote.RemoteWebDriver.execute(RemoteWebDriver.java:602)
	at io.appium.java_client.AppiumDriver.startSession(AppiumDriver.java:274)
	at org.openqa.selenium.remote.RemoteWebDriver.<init>(RemoteWebDriver.java:163)
	at io.appium.java_client.AppiumDriver.<init>(AppiumDriver.java:89)
	at io.appium.java_client.AppiumDriver.<init>(AppiumDriver.java:101)
	at io.appium.java_client.ios.IOSDriver.<init>(IOSDriver.java:104)
	at core.drivers_initializer.drivers.BaseIOSDriver.createDriver(BaseIOSDriver.java:18)
	at core.drivers_initializer.drivers.BaseIOSDriver.createDriver(BaseIOSDriver.java:12)
	at core.drivers_initializer.drivers.AppiumMobileDriver.setup(AppiumMobileDriver.java:154)
	at core.Hooks.beforeAll(Hooks.java:216)
]]></error>
    <system-out><![CDATA[
@3G @RedHybrid @TC_1048344 @POST_BETA
Scenario: Check that Renew plan early overlay is displayed in Add Data overlay &amp#27;[90m# src/test/resources/features/RedHybrid/Red_Hybrid_Add_Extras_Category_links.feature:37&amp#27;[0m
ios
Running using local Appium server
linesplatformName=iOS
linesplatformVersion=16.1.1
linesdeviceName=iPhone 12 Pro
linesudid=00008101-000E399A2684001E
linesautoAcceptAlerts=false
linesnoReset=false
linesautomationName=XCUITest
linesbundleId=com.VIS.myvodafoneUK
linesnewCommandTimeout=60000
      &amp#27;[31morg.openqa.selenium.SessionNotCreatedException: Could not start a new session. Response code 500. Message: An unknown server-side error occurred while processing the command. Original error: Unable to launch WebDriverAgent because of xcodebuild failure: xcodebuild failed with code 65
xcodebuild error message:
. Make sure you follow the tutorial at https://github.com/appium/appium-xcuitest-driver/blob/master/docs/real-device-config.md. Try to remove the WebDriverAgentRunner application from the device if it is installed and reboot the device. 
Host info: host: 'E1180517', ip: 'fe80:0:0:0:44:43a0:7825:8479%en0'
Build info: version: '4.13.0', revision: 'ba948ece5b*'
System info: os.name: 'Mac OS X', os.arch: 'aarch64', os.version: '13.5.1', java.version: '17.0.7'
Driver info: io.appium.java_client.ios.IOSDriver
Command: [null, newSession {capabilities=[{appium:autoAcceptAlerts=false, appium:automationName=XCUITest, appium:bundleId=com.VIS.myvodafoneUK, appium:deviceName=iPhone 12 Pro, appium:newCommandTimeout=60000, appium:noReset=false, platformName=IOS, appium:platformVersion=16.1.1, appium:udid=00008101-000E399A2684001E}], desiredCapabilities=Capabilities {autoAcceptAlerts: false, automationName: XCUITest, bundleId: com.VIS.myvodafoneUK, deviceName: iPhone 12 Pro, newCommandTimeout: 60000, noReset: false, platformName: IOS, platformVersion: 16.1.1, udid: 00008101-000E399A2684001E}}]
Capabilities {autoAcceptAlerts: false, automationName: XCUITest, bundleId: com.VIS.myvodafoneUK, deviceName: iPhone 12 Pro, newCommandTimeout: 60000, noReset: false, platformName: IOS, platformVersion: 16.1.1, udid: 00008101-000E399A2684001E}
	at org.openqa.selenium.remote.ProtocolHandshake.createSession(ProtocolHandshake.java:140)
	at java.base/jdk.internal.reflect.NativeMethodAccessorImpl.invoke0(Native Method)
	at java.base/jdk.internal.reflect.NativeMethodAccessorImpl.invoke(NativeMethodAccessorImpl.java:77)
	at java.base/jdk.internal.reflect.DelegatingMethodAccessorImpl.invoke(DelegatingMethodAccessorImpl.java:43)
	at java.base/java.lang.reflect.Method.invoke(Method.java:568)
	at io.appium.java_client.remote.AppiumProtocolHandshake.createSession(AppiumProtocolHandshake.java:133)
	at io.appium.java_client.remote.AppiumProtocolHandshake.createSession(AppiumProtocolHandshake.java:102)
	at io.appium.java_client.remote.AppiumCommandExecutor.createSession(AppiumCommandExecutor.java:182)
	at io.appium.java_client.remote.AppiumCommandExecutor.execute(AppiumCommandExecutor.java:250)
	at org.openqa.selenium.remote.RemoteWebDriver.execute(RemoteWebDriver.java:602)
	at io.appium.java_client.AppiumDriver.startSession(AppiumDriver.java:274)
	at org.openqa.selenium.remote.RemoteWebDriver.<init>(RemoteWebDriver.java:163)
	at io.appium.java_client.AppiumDriver.<init>(AppiumDriver.java:89)
	at io.appium.java_client.AppiumDriver.<init>(AppiumDriver.java:101)
	at io.appium.java_client.ios.IOSDriver.<init>(IOSDriver.java:104)
	at core.drivers_initializer.drivers.BaseIOSDriver.createDriver(BaseIOSDriver.java:18)
	at core.drivers_initializer.drivers.BaseIOSDriver.createDriver(BaseIOSDriver.java:12)
	at core.drivers_initializer.drivers.AppiumMobileDriver.setup(AppiumMobileDriver.java:154)
	at core.Hooks.beforeAll(Hooks.java:216)
&amp#27;[0m
  &amp#27;[36mGiven &amp#27;[0m&amp#27;[36mI am MVA user and logged in using Soft Login&amp#27;[0m                           &amp#27;[90m# stepdefs.RedHybrid.RedHybrid_Login.clickOnSkipLoginButton()&amp#27;[0m
  &amp#27;[36mAnd &amp#27;[0m&amp#27;[36mI should be navigated to dashboard&amp#27;[0m                                       &amp#27;[90m# stepdefs.RedHybrid.RedHybrid_Login.dashboardIsDisplayed()&amp#27;[0m
  &amp#27;[36mWhen &amp#27;[0m&amp#27;[36mI navigate to add extras overlay&amp#27;[0m                                        &amp#27;[90m# stepdefs.RedHybrid.Dashboard_ExtrasList_Overlay.userClicksOnAddExtrasTile()&amp#27;[0m
  &amp#27;[36mWhen &amp#27;[0m&amp#27;[36mI click on &amp#27;[0m&amp#27;[36m&amp#27;[1m"Data Extra"&amp#27;[0m&amp#27;[36m extra&amp#27;[0m                                           &amp#27;[90m# stepdefs.RedHybrid.RedHybrid_AddExtras_CategoryLink.userClicksOnRoaming_In_Europe_Extra(java.lang.String)&amp#27;[0m
  &amp#27;[36mAnd &amp#27;[0m&amp#27;[36mI navigate to Extra overlay&amp#27;[0m                                              &amp#27;[90m# stepdefs.RedHybrid.RedHybrid_AddExtras_CategoryLink.extraOverlayAppearToTheUser()&amp#27;[0m
  &amp#27;[36mThen &amp#27;[0m&amp#27;[36mI should see Renew Plan Early CTA is Displayed&amp#27;[0m                          &amp#27;[90m# stepdefs.RedHybrid.RedHybrid_AddExtras_CategoryLink.CheckRenewPlanEarlyCTA()&amp#27;[0m
  &amp#27;[36mWhen &amp#27;[0m&amp#27;[36mI click on Renew Plan Early CTA&amp#27;[0m                                         &amp#27;[90m# stepdefs.RedHybrid.RedHybrid_AddExtras_CategoryLink.iClickOnRenewPlanEarlyCTA()&amp#27;[0m
  &amp#27;[36mThen &amp#27;[0m&amp#27;[36mI should be directed to Renew_plan_early_overlay&amp#27;[0m                        &amp#27;[90m# stepdefs.RedHybrid.RenewPlanEarly.userShouldBeDirectedToRenew_plan_early_overlay()&amp#27;[0m
Failed to take embed Screenshot
========/n Return to the dashborad /n===========
[Ljava.lang.StackTraceElement;@6a2d0a19
]]></system-out>
  </testcase>
  <testcase name="" classname="TestRunner" time="17.334">
    <error message="Cannot invoke &quot;io.appium.java_client.AppiumDriver.quit()&quot; because &quot;core.Hooks.driver&quot; is null" type="java.lang.NullPointerException"><![CDATA[java.lang.NullPointerException: Cannot invoke "io.appium.java_client.AppiumDriver.quit()" because "core.Hooks.driver" is null
	at core.Hooks.teardown(Hooks.java:82)
	at core.EventHandlerPlugin$1.receive(EventHandlerPlugin.java:29)
	at core.EventHandlerPlugin$1.receive(EventHandlerPlugin.java:25)
	at io.cucumber.core.eventbus.AbstractEventPublisher.send(AbstractEventPublisher.java:51)
	at io.cucumber.core.eventbus.AbstractEventBus.send(AbstractEventBus.java:12)
	at io.cucumber.core.runtime.SynchronizedEventBus.send(SynchronizedEventBus.java:47)
	at io.cucumber.core.runtime.CucumberExecutionContext.emitTestRunFinished(CucumberExecutionContext.java:118)
	at io.cucumber.core.runtime.CucumberExecutionContext.finishTestRun(CucumberExecutionContext.java:105)
	at io.cucumber.core.runtime.CucumberExecutionContext.runFeatures(CucumberExecutionContext.java:153)
	at io.cucumber.junit.Cucumber$StartAndFinishTestRun.evaluate(Cucumber.java:226)
	at org.junit.runners.ParentRunner$3.evaluate(ParentRunner.java:306)
	at org.junit.runners.ParentRunner.run(ParentRunner.java:413)
	at org.junit.runner.JUnitCore.run(JUnitCore.java:137)
	at org.junit.runner.JUnitCore.run(JUnitCore.java:115)
	at org.junit.vintage.engine.execution.RunnerExecutor.execute(RunnerExecutor.java:42)
	at org.junit.vintage.engine.VintageTestEngine.executeAllChildren(VintageTestEngine.java:80)
	at org.junit.vintage.engine.VintageTestEngine.execute(VintageTestEngine.java:72)
	at org.junit.platform.launcher.core.EngineExecutionOrchestrator.execute(EngineExecutionOrchestrator.java:147)
	at org.junit.platform.launcher.core.EngineExecutionOrchestrator.execute(EngineExecutionOrchestrator.java:127)
	at org.junit.platform.launcher.core.EngineExecutionOrchestrator.execute(EngineExecutionOrchestrator.java:90)
	at org.junit.platform.launcher.core.EngineExecutionOrchestrator.lambda$execute$0(EngineExecutionOrchestrator.java:55)
	at org.junit.platform.launcher.core.EngineExecutionOrchestrator.withInterceptedStreams(EngineExecutionOrchestrator.java:102)
	at org.junit.platform.launcher.core.EngineExecutionOrchestrator.execute(EngineExecutionOrchestrator.java:54)
	at org.junit.platform.launcher.core.DefaultLauncher.execute(DefaultLauncher.java:114)
	at org.junit.platform.launcher.core.DefaultLauncher.execute(DefaultLauncher.java:86)
	at org.junit.platform.launcher.core.DefaultLauncherSession$DelegatingLauncher.execute(DefaultLauncherSession.java:86)
	at org.apache.maven.surefire.junitplatform.LazyLauncher.execute(LazyLauncher.java:55)
	at org.apache.maven.surefire.junitplatform.JUnitPlatformProvider.execute(JUnitPlatformProvider.java:223)
	at org.apache.maven.surefire.junitplatform.JUnitPlatformProvider.invokeAllTests(JUnitPlatformProvider.java:175)
	at org.apache.maven.surefire.junitplatform.JUnitPlatformProvider.invoke(JUnitPlatformProvider.java:139)
	at org.apache.maven.surefire.booter.ForkedBooter.runSuitesInProcess(ForkedBooter.java:456)
	at org.apache.maven.surefire.booter.ForkedBooter.execute(ForkedBooter.java:169)
	at org.apache.maven.surefire.booter.ForkedBooter.run(ForkedBooter.java:595)
	at org.apache.maven.surefire.booter.ForkedBooter.main(ForkedBooter.java:581)
]]></error>
  </testcase>
</testsuite>