<?xml version="1.0" encoding="UTF-8"?>
<testsuite xmlns:xsi="http://www.w3.org/2001/XMLSchema-instance" xsi:noNamespaceSchemaLocation="https://maven.apache.org/surefire/maven-surefire-plugin/xsd/surefire-test-report-3.0.xsd" version="3.0" name="Cucumber" time="0" tests="830" errors="2" skipped="828" failures="0">
  <properties>
    <property name="java.specification.version" value="17"/>
    <property name="sun.jnu.encoding" value="UTF-8"/>
    <property name="java.class.path" value="/Users/saeeda8/Projects/MVA-APP-workspace/mva-app-testing/target/test-classes:/Users/saeeda8/Projects/MVA-APP-workspace/mva-app-testing/target/classes:/Users/saeeda8/.m2/repository/org/seleniumhq/selenium/selenium-java/4.13.0/selenium-java-4.13.0.jar:/Users/saeeda8/.m2/repository/org/seleniumhq/selenium/selenium-api/4.13.0/selenium-api-4.13.0.jar:/Users/saeeda8/.m2/repository/org/seleniumhq/selenium/selenium-chrome-driver/4.13.0/selenium-chrome-driver-4.13.0.jar:/Users/saeeda8/.m2/repository/com/google/auto/service/auto-service-annotations/1.1.1/auto-service-annotations-1.1.1.jar:/Users/saeeda8/.m2/repository/com/google/guava/guava/32.1.2-jre/guava-32.1.2-jre.jar:/Users/saeeda8/.m2/repository/com/google/guava/failureaccess/1.0.1/failureaccess-1.0.1.jar:/Users/saeeda8/.m2/repository/com/google/guava/listenablefuture/9999.0-empty-to-avoid-conflict-with-guava/listenablefuture-9999.0-empty-to-avoid-conflict-with-guava.jar:/Users/saeeda8/.m2/repository/com/google/code/findbugs/jsr305/3.0.2/jsr305-3.0.2.jar:/Users/saeeda8/.m2/repository/org/checkerframework/checker-qual/3.33.0/checker-qual-3.33.0.jar:/Users/saeeda8/.m2/repository/com/google/errorprone/error_prone_annotations/2.18.0/error_prone_annotations-2.18.0.jar:/Users/saeeda8/.m2/repository/com/google/j2objc/j2objc-annotations/2.8/j2objc-annotations-2.8.jar:/Users/saeeda8/.m2/repository/org/seleniumhq/selenium/selenium-chromium-driver/4.13.0/selenium-chromium-driver-4.13.0.jar:/Users/saeeda8/.m2/repository/org/seleniumhq/selenium/selenium-json/4.13.0/selenium-json-4.13.0.jar:/Users/saeeda8/.m2/repository/org/seleniumhq/selenium/selenium-manager/4.13.0/selenium-manager-4.13.0.jar:/Users/saeeda8/.m2/repository/org/seleniumhq/selenium/selenium-devtools-v115/4.13.0/selenium-devtools-v115-4.13.0.jar:/Users/saeeda8/.m2/repository/org/seleniumhq/selenium/selenium-devtools-v116/4.13.0/selenium-devtools-v116-4.13.0.jar:/Users/saeeda8/.m2/repository/org/seleniumhq/selenium/selenium-devtools-v117/4.13.0/selenium-devtools-v117-4.13.0.jar:/Users/saeeda8/.m2/repository/org/seleniumhq/selenium/selenium-devtools-v85/4.13.0/selenium-devtools-v85-4.13.0.jar:/Users/saeeda8/.m2/repository/org/seleniumhq/selenium/selenium-edge-driver/4.13.0/selenium-edge-driver-4.13.0.jar:/Users/saeeda8/.m2/repository/org/seleniumhq/selenium/selenium-firefox-driver/4.13.0/selenium-firefox-driver-4.13.0.jar:/Users/saeeda8/.m2/repository/org/seleniumhq/selenium/selenium-http/4.13.0/selenium-http-4.13.0.jar:/Users/saeeda8/.m2/repository/dev/failsafe/failsafe/3.3.2/failsafe-3.3.2.jar:/Users/saeeda8/.m2/repository/org/seleniumhq/selenium/selenium-ie-driver/4.13.0/selenium-ie-driver-4.13.0.jar:/Users/saeeda8/.m2/repository/org/seleniumhq/selenium/selenium-remote-driver/4.13.0/selenium-remote-driver-4.13.0.jar:/Users/saeeda8/.m2/repository/io/netty/netty-buffer/4.1.96.Final/netty-buffer-4.1.96.Final.jar:/Users/saeeda8/.m2/repository/io/netty/netty-codec-http/4.1.96.Final/netty-codec-http-4.1.96.Final.jar:/Users/saeeda8/.m2/repository/io/netty/netty-codec/4.1.96.Final/netty-codec-4.1.96.Final.jar:/Users/saeeda8/.m2/repository/io/netty/netty-handler/4.1.96.Final/netty-handler-4.1.96.Final.jar:/Users/saeeda8/.m2/repository/io/netty/netty-common/4.1.96.Final/netty-common-4.1.96.Final.jar:/Users/saeeda8/.m2/repository/io/netty/netty-transport-classes-epoll/4.1.96.Final/netty-transport-classes-epoll-4.1.96.Final.jar:/Users/saeeda8/.m2/repository/io/netty/netty-transport-classes-kqueue/4.1.96.Final/netty-transport-classes-kqueue-4.1.96.Final.jar:/Users/saeeda8/.m2/repository/io/netty/netty-transport-native-epoll/4.1.96.Final/netty-transport-native-epoll-4.1.96.Final.jar:/Users/saeeda8/.m2/repository/io/netty/netty-transport-native-kqueue/4.1.96.Final/netty-transport-native-kqueue-4.1.96.Final.jar:/Users/saeeda8/.m2/repository/io/netty/netty-transport-native-unix-common/4.1.96.Final/netty-transport-native-unix-common-4.1.96.Final.jar:/Users/saeeda8/.m2/repository/io/netty/netty-transport/4.1.96.Final/netty-transport-4.1.96.Final.jar:/Users/saeeda8/.m2/repository/io/netty/netty-resolver/4.1.96.Final/netty-resolver-4.1.96.Final.jar:/Users/saeeda8/.m2/repository/io/opentelemetry/opentelemetry-api/1.28.0/opentelemetry-api-1.28.0.jar:/Users/saeeda8/.m2/repository/io/opentelemetry/opentelemetry-context/1.28.0/opentelemetry-context-1.28.0.jar:/Users/saeeda8/.m2/repository/io/opentelemetry/opentelemetry-exporter-logging/1.28.0/opentelemetry-exporter-logging-1.28.0.jar:/Users/saeeda8/.m2/repository/io/opentelemetry/opentelemetry-sdk-metrics/1.28.0/opentelemetry-sdk-metrics-1.28.0.jar:/Users/saeeda8/.m2/repository/io/opentelemetry/opentelemetry-extension-incubator/1.28.0-alpha/opentelemetry-extension-incubator-1.28.0-alpha.jar:/Users/saeeda8/.m2/repository/io/opentelemetry/opentelemetry-sdk-logs/1.28.0/opentelemetry-sdk-logs-1.28.0.jar:/Users/saeeda8/.m2/repository/io/opentelemetry/opentelemetry-sdk-common/1.28.0/opentelemetry-sdk-common-1.28.0.jar:/Users/saeeda8/.m2/repository/io/opentelemetry/opentelemetry-sdk-extension-autoconfigure-spi/1.28.0/opentelemetry-sdk-extension-autoconfigure-spi-1.28.0.jar:/Users/saeeda8/.m2/repository/io/opentelemetry/opentelemetry-sdk-extension-autoconfigure/1.28.0/opentelemetry-sdk-extension-autoconfigure-1.28.0.jar:/Users/saeeda8/.m2/repository/io/opentelemetry/opentelemetry-api-events/1.28.0-alpha/opentelemetry-api-events-1.28.0-alpha.jar:/Users/saeeda8/.m2/repository/io/opentelemetry/opentelemetry-sdk-trace/1.28.0/opentelemetry-sdk-trace-1.28.0.jar:/Users/saeeda8/.m2/repository/io/opentelemetry/opentelemetry-sdk/1.28.0/opentelemetry-sdk-1.28.0.jar:/Users/saeeda8/.m2/repository/io/opentelemetry/opentelemetry-semconv/1.28.0-alpha/opentelemetry-semconv-1.28.0-alpha.jar:/Users/saeeda8/.m2/repository/net/bytebuddy/byte-buddy/1.14.5/byte-buddy-1.14.5.jar:/Users/saeeda8/.m2/repository/org/asynchttpclient/async-http-client/2.12.3/async-http-client-2.12.3.jar:/Users/saeeda8/.m2/repository/org/asynchttpclient/async-http-client-netty-utils/2.12.3/async-http-client-netty-utils-2.12.3.jar:/Users/saeeda8/.m2/repository/io/netty/netty-codec-socks/4.1.60.Final/netty-codec-socks-4.1.60.Final.jar:/Users/saeeda8/.m2/repository/io/netty/netty-handler-proxy/4.1.60.Final/netty-handler-proxy-4.1.60.Final.jar:/Users/saeeda8/.m2/repository/io/netty/netty-transport-native-epoll/4.1.60.Final/netty-transport-native-epoll-4.1.60.Final-linux-x86_64.jar:/Users/saeeda8/.m2/repository/io/netty/netty-transport-native-kqueue/4.1.60.Final/netty-transport-native-kqueue-4.1.60.Final-osx-x86_64.jar:/Users/saeeda8/.m2/repository/org/reactivestreams/reactive-streams/1.0.3/reactive-streams-1.0.3.jar:/Users/saeeda8/.m2/repository/com/typesafe/netty/netty-reactive-streams/2.0.4/netty-reactive-streams-2.0.4.jar:/Users/saeeda8/.m2/repository/com/sun/activation/jakarta.activation/1.2.2/jakarta.activation-1.2.2.jar:/Users/saeeda8/.m2/repository/org/seleniumhq/selenium/selenium-os/4.13.0/selenium-os-4.13.0.jar:/Users/saeeda8/.m2/repository/org/apache/commons/commons-exec/1.3/commons-exec-1.3.jar:/Users/saeeda8/.m2/repository/org/seleniumhq/selenium/selenium-safari-driver/4.13.0/selenium-safari-driver-4.13.0.jar:/Users/saeeda8/.m2/repository/org/seleniumhq/selenium/selenium-support/4.13.0/selenium-support-4.13.0.jar:/Users/saeeda8/.m2/repository/io/appium/java-client/8.5.1/java-client-8.5.1.jar:/Users/saeeda8/.m2/repository/com/google/code/gson/gson/2.10.1/gson-2.10.1.jar:/Users/saeeda8/.m2/repository/commons-validator/commons-validator/1.7/commons-validator-1.7.jar:/Users/saeeda8/.m2/repository/commons-beanutils/commons-beanutils/1.9.4/commons-beanutils-1.9.4.jar:/Users/saeeda8/.m2/repository/commons-digester/commons-digester/2.1/commons-digester-2.1.jar:/Users/saeeda8/.m2/repository/commons-logging/commons-logging/1.2/commons-logging-1.2.jar:/Users/saeeda8/.m2/repository/commons-collections/commons-collections/3.2.2/commons-collections-3.2.2.jar:/Users/saeeda8/.m2/repository/org/apache/commons/commons-lang3/3.12.0/commons-lang3-3.12.0.jar:/Users/saeeda8/.m2/repository/commons-io/commons-io/2.12.0/commons-io-2.12.0.jar:/Users/saeeda8/.m2/repository/org/slf4j/slf4j-api/2.0.7/slf4j-api-2.0.7.jar:/Users/saeeda8/Projects/MVA-APP-workspace/mva-app-testing/api/mva-api-testing-0.0.1-SNAPSHOT-jar-with-dependencies.jar:/Users/saeeda8/.m2/repository/io/qameta/allure/allure-cucumber7-jvm/2.21.0/allure-cucumber7-jvm-2.21.0.jar:/Users/saeeda8/.m2/repository/io/qameta/allure/allure-java-commons/2.21.0/allure-java-commons-2.21.0.jar:/Users/saeeda8/.m2/repository/io/qameta/allure/allure-model/2.21.0/allure-model-2.21.0.jar:/Users/saeeda8/.m2/repository/org/junit/jupiter/junit-jupiter-api/5.9.2/junit-jupiter-api-5.9.2.jar:/Users/saeeda8/.m2/repository/org/opentest4j/opentest4j/1.2.0/opentest4j-1.2.0.jar:/Users/saeeda8/.m2/repository/org/junit/platform/junit-platform-commons/1.9.2/junit-platform-commons-1.9.2.jar:/Users/saeeda8/.m2/repository/org/apiguardian/apiguardian-api/1.1.2/apiguardian-api-1.1.2.jar:/Users/saeeda8/.m2/repository/org/junit/platform/junit-platform-suite/1.9.2/junit-platform-suite-1.9.2.jar:/Users/saeeda8/.m2/repository/org/junit/platform/junit-platform-suite-api/1.9.2/junit-platform-suite-api-1.9.2.jar:/Users/saeeda8/.m2/repository/org/junit/platform/junit-platform-suite-engine/1.9.2/junit-platform-suite-engine-1.9.2.jar:/Users/saeeda8/.m2/repository/org/junit/platform/junit-platform-suite-commons/1.9.2/junit-platform-suite-commons-1.9.2.jar:/Users/saeeda8/.m2/repository/org/junit/platform/junit-platform-launcher/1.9.2/junit-platform-launcher-1.9.2.jar:/Users/saeeda8/.m2/repository/com/googlecode/json-simple/json-simple/1.1.1/json-simple-1.1.1.jar:/Users/saeeda8/.m2/repository/io/rest-assured/json-path/4.3.1/json-path-4.3.1.jar:/Users/saeeda8/.m2/repository/org/codehaus/groovy/groovy-json/3.0.3/groovy-json-3.0.3.jar:/Users/saeeda8/.m2/repository/org/codehaus/groovy/groovy/3.0.3/groovy-3.0.3.jar:/Users/saeeda8/.m2/repository/io/rest-assured/rest-assured-common/4.3.1/rest-assured-common-4.3.1.jar:/Users/saeeda8/.m2/repository/org/testng/testng/7.4.0/testng-7.4.0.jar:/Users/saeeda8/.m2/repository/com/beust/jcommander/1.78/jcommander-1.78.jar:/Users/saeeda8/.m2/repository/org/webjars/jquery/3.5.1/jquery-3.5.1.jar:/Users/saeeda8/.m2/repository/javax/mail/mail/1.4.4/mail-1.4.4.jar:/Users/saeeda8/.m2/repository/javax/activation/activation/1.1/activation-1.1.jar:/Users/saeeda8/.m2/repository/org/jsoup/jsoup/1.13.1/jsoup-1.13.1.jar:/Users/saeeda8/.m2/repository/io/cucumber/gherkin/26.2.0/gherkin-26.2.0.jar:/Users/saeeda8/.m2/repository/io/cucumber/messages/22.0.0/messages-22.0.0.jar:/Users/saeeda8/.m2/repository/io/cucumber/cucumber-junit-platform-engine/7.12.0/cucumber-junit-platform-engine-7.12.0.jar:/Users/saeeda8/.m2/repository/io/cucumber/cucumber-core/7.12.0/cucumber-core-7.12.0.jar:/Users/saeeda8/.m2/repository/io/cucumber/cucumber-gherkin/7.12.0/cucumber-gherkin-7.12.0.jar:/Users/saeeda8/.m2/repository/io/cucumber/cucumber-gherkin-messages/7.12.0/cucumber-gherkin-messages-7.12.0.jar:/Users/saeeda8/.m2/repository/io/cucumber/tag-expressions/5.0.1/tag-expressions-5.0.1.jar:/Users/saeeda8/.m2/repository/io/cucumber/cucumber-expressions/16.1.2/cucumber-expressions-16.1.2.jar:/Users/saeeda8/.m2/repository/io/cucumber/datatable/7.12.0/datatable-7.12.0.jar:/Users/saeeda8/.m2/repository/io/cucumber/cucumber-plugin/7.12.0/cucumber-plugin-7.12.0.jar:/Users/saeeda8/.m2/repository/io/cucumber/docstring/7.12.0/docstring-7.12.0.jar:/Users/saeeda8/.m2/repository/io/cucumber/html-formatter/20.3.0/html-formatter-20.3.0.jar:/Users/saeeda8/.m2/repository/io/cucumber/junit-xml-formatter/0.2.0/junit-xml-formatter-0.2.0.jar:/Users/saeeda8/.m2/repository/io/cucumber/ci-environment/9.2.0/ci-environment-9.2.0.jar:/Users/saeeda8/.m2/repository/org/junit/platform/junit-platform-engine/1.9.3/junit-platform-engine-1.9.3.jar:/Users/saeeda8/.m2/repository/io/cucumber/cucumber-junit/7.14.0/cucumber-junit-7.14.0.jar:/Users/saeeda8/.m2/repository/junit/junit/4.13.2/junit-4.13.2.jar:/Users/saeeda8/.m2/repository/org/hamcrest/hamcrest-core/1.3/hamcrest-core-1.3.jar:/Users/saeeda8/.m2/repository/io/cucumber/cucumber-java/7.14.0/cucumber-java-7.14.0.jar:/Users/saeeda8/.m2/repository/org/assertj/assertj-core/3.10.0/assertj-core-3.10.0.jar:/Users/saeeda8/.m2/repository/org/apache/commons/commons-text/1.9/commons-text-1.9.jar:/Users/saeeda8/.m2/repository/io/cucumber/cucumber-picocontainer/7.12.0/cucumber-picocontainer-7.12.0.jar:/Users/saeeda8/.m2/repository/org/picocontainer/picocontainer/2.15/picocontainer-2.15.jar:/Users/saeeda8/.m2/repository/org/jetbrains/annotations/13.0/annotations-13.0.jar:/Users/saeeda8/.m2/repository/com/github/krraghavan/xeger/1.0.0-RELEASE/xeger-1.0.0-RELEASE.jar:/Users/saeeda8/.m2/repository/dk/brics/automaton/automaton/1.11-8/automaton-1.11-8.jar:/Users/saeeda8/.m2/repository/org/apache/tika/tika-core/2.6.0/tika-core-2.6.0.jar:"/>
    <property name="java.vm.vendor" value="Oracle Corporation"/>
    <property name="sun.arch.data.model" value="64"/>
    <property name="java.vendor.url" value="https://java.oracle.com/"/>
    <property name="user.timezone" value="Africa/Cairo"/>
    <property name="os.name" value="Mac OS X"/>
    <property name="java.vm.specification.version" value="17"/>
    <property name="sun.java.launcher" value="SUN_STANDARD"/>
    <property name="user.country" value="EG"/>
    <property name="sun.boot.library.path" value="/Library/Java/JavaVirtualMachines/jdk-17.jdk/Contents/Home/lib"/>
    <property name="sun.java.command" value="/Users/saeeda8/Projects/MVA-APP-workspace/mva-app-testing/target/surefire/surefirebooter-20231226173226890_3.jar /Users/saeeda8/Projects/MVA-APP-workspace/mva-app-testing/target/surefire 2023-12-26T17-32-26_579-jvmRun1 surefire-20231226173226890_1tmp surefire_0-20231226173226890_2tmp"/>
    <property name="jdk.debug" value="release"/>
    <property name="surefire.test.class.path" value="/Users/saeeda8/Projects/MVA-APP-workspace/mva-app-testing/target/test-classes:/Users/saeeda8/Projects/MVA-APP-workspace/mva-app-testing/target/classes:/Users/saeeda8/.m2/repository/org/seleniumhq/selenium/selenium-java/4.13.0/selenium-java-4.13.0.jar:/Users/saeeda8/.m2/repository/org/seleniumhq/selenium/selenium-api/4.13.0/selenium-api-4.13.0.jar:/Users/saeeda8/.m2/repository/org/seleniumhq/selenium/selenium-chrome-driver/4.13.0/selenium-chrome-driver-4.13.0.jar:/Users/saeeda8/.m2/repository/com/google/auto/service/auto-service-annotations/1.1.1/auto-service-annotations-1.1.1.jar:/Users/saeeda8/.m2/repository/com/google/guava/guava/32.1.2-jre/guava-32.1.2-jre.jar:/Users/saeeda8/.m2/repository/com/google/guava/failureaccess/1.0.1/failureaccess-1.0.1.jar:/Users/saeeda8/.m2/repository/com/google/guava/listenablefuture/9999.0-empty-to-avoid-conflict-with-guava/listenablefuture-9999.0-empty-to-avoid-conflict-with-guava.jar:/Users/saeeda8/.m2/repository/com/google/code/findbugs/jsr305/3.0.2/jsr305-3.0.2.jar:/Users/saeeda8/.m2/repository/org/checkerframework/checker-qual/3.33.0/checker-qual-3.33.0.jar:/Users/saeeda8/.m2/repository/com/google/errorprone/error_prone_annotations/2.18.0/error_prone_annotations-2.18.0.jar:/Users/saeeda8/.m2/repository/com/google/j2objc/j2objc-annotations/2.8/j2objc-annotations-2.8.jar:/Users/saeeda8/.m2/repository/org/seleniumhq/selenium/selenium-chromium-driver/4.13.0/selenium-chromium-driver-4.13.0.jar:/Users/saeeda8/.m2/repository/org/seleniumhq/selenium/selenium-json/4.13.0/selenium-json-4.13.0.jar:/Users/saeeda8/.m2/repository/org/seleniumhq/selenium/selenium-manager/4.13.0/selenium-manager-4.13.0.jar:/Users/saeeda8/.m2/repository/org/seleniumhq/selenium/selenium-devtools-v115/4.13.0/selenium-devtools-v115-4.13.0.jar:/Users/saeeda8/.m2/repository/org/seleniumhq/selenium/selenium-devtools-v116/4.13.0/selenium-devtools-v116-4.13.0.jar:/Users/saeeda8/.m2/repository/org/seleniumhq/selenium/selenium-devtools-v117/4.13.0/selenium-devtools-v117-4.13.0.jar:/Users/saeeda8/.m2/repository/org/seleniumhq/selenium/selenium-devtools-v85/4.13.0/selenium-devtools-v85-4.13.0.jar:/Users/saeeda8/.m2/repository/org/seleniumhq/selenium/selenium-edge-driver/4.13.0/selenium-edge-driver-4.13.0.jar:/Users/saeeda8/.m2/repository/org/seleniumhq/selenium/selenium-firefox-driver/4.13.0/selenium-firefox-driver-4.13.0.jar:/Users/saeeda8/.m2/repository/org/seleniumhq/selenium/selenium-http/4.13.0/selenium-http-4.13.0.jar:/Users/saeeda8/.m2/repository/dev/failsafe/failsafe/3.3.2/failsafe-3.3.2.jar:/Users/saeeda8/.m2/repository/org/seleniumhq/selenium/selenium-ie-driver/4.13.0/selenium-ie-driver-4.13.0.jar:/Users/saeeda8/.m2/repository/org/seleniumhq/selenium/selenium-remote-driver/4.13.0/selenium-remote-driver-4.13.0.jar:/Users/saeeda8/.m2/repository/io/netty/netty-buffer/4.1.96.Final/netty-buffer-4.1.96.Final.jar:/Users/saeeda8/.m2/repository/io/netty/netty-codec-http/4.1.96.Final/netty-codec-http-4.1.96.Final.jar:/Users/saeeda8/.m2/repository/io/netty/netty-codec/4.1.96.Final/netty-codec-4.1.96.Final.jar:/Users/saeeda8/.m2/repository/io/netty/netty-handler/4.1.96.Final/netty-handler-4.1.96.Final.jar:/Users/saeeda8/.m2/repository/io/netty/netty-common/4.1.96.Final/netty-common-4.1.96.Final.jar:/Users/saeeda8/.m2/repository/io/netty/netty-transport-classes-epoll/4.1.96.Final/netty-transport-classes-epoll-4.1.96.Final.jar:/Users/saeeda8/.m2/repository/io/netty/netty-transport-classes-kqueue/4.1.96.Final/netty-transport-classes-kqueue-4.1.96.Final.jar:/Users/saeeda8/.m2/repository/io/netty/netty-transport-native-epoll/4.1.96.Final/netty-transport-native-epoll-4.1.96.Final.jar:/Users/saeeda8/.m2/repository/io/netty/netty-transport-native-kqueue/4.1.96.Final/netty-transport-native-kqueue-4.1.96.Final.jar:/Users/saeeda8/.m2/repository/io/netty/netty-transport-native-unix-common/4.1.96.Final/netty-transport-native-unix-common-4.1.96.Final.jar:/Users/saeeda8/.m2/repository/io/netty/netty-transport/4.1.96.Final/netty-transport-4.1.96.Final.jar:/Users/saeeda8/.m2/repository/io/netty/netty-resolver/4.1.96.Final/netty-resolver-4.1.96.Final.jar:/Users/saeeda8/.m2/repository/io/opentelemetry/opentelemetry-api/1.28.0/opentelemetry-api-1.28.0.jar:/Users/saeeda8/.m2/repository/io/opentelemetry/opentelemetry-context/1.28.0/opentelemetry-context-1.28.0.jar:/Users/saeeda8/.m2/repository/io/opentelemetry/opentelemetry-exporter-logging/1.28.0/opentelemetry-exporter-logging-1.28.0.jar:/Users/saeeda8/.m2/repository/io/opentelemetry/opentelemetry-sdk-metrics/1.28.0/opentelemetry-sdk-metrics-1.28.0.jar:/Users/saeeda8/.m2/repository/io/opentelemetry/opentelemetry-extension-incubator/1.28.0-alpha/opentelemetry-extension-incubator-1.28.0-alpha.jar:/Users/saeeda8/.m2/repository/io/opentelemetry/opentelemetry-sdk-logs/1.28.0/opentelemetry-sdk-logs-1.28.0.jar:/Users/saeeda8/.m2/repository/io/opentelemetry/opentelemetry-sdk-common/1.28.0/opentelemetry-sdk-common-1.28.0.jar:/Users/saeeda8/.m2/repository/io/opentelemetry/opentelemetry-sdk-extension-autoconfigure-spi/1.28.0/opentelemetry-sdk-extension-autoconfigure-spi-1.28.0.jar:/Users/saeeda8/.m2/repository/io/opentelemetry/opentelemetry-sdk-extension-autoconfigure/1.28.0/opentelemetry-sdk-extension-autoconfigure-1.28.0.jar:/Users/saeeda8/.m2/repository/io/opentelemetry/opentelemetry-api-events/1.28.0-alpha/opentelemetry-api-events-1.28.0-alpha.jar:/Users/saeeda8/.m2/repository/io/opentelemetry/opentelemetry-sdk-trace/1.28.0/opentelemetry-sdk-trace-1.28.0.jar:/Users/saeeda8/.m2/repository/io/opentelemetry/opentelemetry-sdk/1.28.0/opentelemetry-sdk-1.28.0.jar:/Users/saeeda8/.m2/repository/io/opentelemetry/opentelemetry-semconv/1.28.0-alpha/opentelemetry-semconv-1.28.0-alpha.jar:/Users/saeeda8/.m2/repository/net/bytebuddy/byte-buddy/1.14.5/byte-buddy-1.14.5.jar:/Users/saeeda8/.m2/repository/org/asynchttpclient/async-http-client/2.12.3/async-http-client-2.12.3.jar:/Users/saeeda8/.m2/repository/org/asynchttpclient/async-http-client-netty-utils/2.12.3/async-http-client-netty-utils-2.12.3.jar:/Users/saeeda8/.m2/repository/io/netty/netty-codec-socks/4.1.60.Final/netty-codec-socks-4.1.60.Final.jar:/Users/saeeda8/.m2/repository/io/netty/netty-handler-proxy/4.1.60.Final/netty-handler-proxy-4.1.60.Final.jar:/Users/saeeda8/.m2/repository/io/netty/netty-transport-native-epoll/4.1.60.Final/netty-transport-native-epoll-4.1.60.Final-linux-x86_64.jar:/Users/saeeda8/.m2/repository/io/netty/netty-transport-native-kqueue/4.1.60.Final/netty-transport-native-kqueue-4.1.60.Final-osx-x86_64.jar:/Users/saeeda8/.m2/repository/org/reactivestreams/reactive-streams/1.0.3/reactive-streams-1.0.3.jar:/Users/saeeda8/.m2/repository/com/typesafe/netty/netty-reactive-streams/2.0.4/netty-reactive-streams-2.0.4.jar:/Users/saeeda8/.m2/repository/com/sun/activation/jakarta.activation/1.2.2/jakarta.activation-1.2.2.jar:/Users/saeeda8/.m2/repository/org/seleniumhq/selenium/selenium-os/4.13.0/selenium-os-4.13.0.jar:/Users/saeeda8/.m2/repository/org/apache/commons/commons-exec/1.3/commons-exec-1.3.jar:/Users/saeeda8/.m2/repository/org/seleniumhq/selenium/selenium-safari-driver/4.13.0/selenium-safari-driver-4.13.0.jar:/Users/saeeda8/.m2/repository/org/seleniumhq/selenium/selenium-support/4.13.0/selenium-support-4.13.0.jar:/Users/saeeda8/.m2/repository/io/appium/java-client/8.5.1/java-client-8.5.1.jar:/Users/saeeda8/.m2/repository/com/google/code/gson/gson/2.10.1/gson-2.10.1.jar:/Users/saeeda8/.m2/repository/commons-validator/commons-validator/1.7/commons-validator-1.7.jar:/Users/saeeda8/.m2/repository/commons-beanutils/commons-beanutils/1.9.4/commons-beanutils-1.9.4.jar:/Users/saeeda8/.m2/repository/commons-digester/commons-digester/2.1/commons-digester-2.1.jar:/Users/saeeda8/.m2/repository/commons-logging/commons-logging/1.2/commons-logging-1.2.jar:/Users/saeeda8/.m2/repository/commons-collections/commons-collections/3.2.2/commons-collections-3.2.2.jar:/Users/saeeda8/.m2/repository/org/apache/commons/commons-lang3/3.12.0/commons-lang3-3.12.0.jar:/Users/saeeda8/.m2/repository/commons-io/commons-io/2.12.0/commons-io-2.12.0.jar:/Users/saeeda8/.m2/repository/org/slf4j/slf4j-api/2.0.7/slf4j-api-2.0.7.jar:/Users/saeeda8/Projects/MVA-APP-workspace/mva-app-testing/api/mva-api-testing-0.0.1-SNAPSHOT-jar-with-dependencies.jar:/Users/saeeda8/.m2/repository/io/qameta/allure/allure-cucumber7-jvm/2.21.0/allure-cucumber7-jvm-2.21.0.jar:/Users/saeeda8/.m2/repository/io/qameta/allure/allure-java-commons/2.21.0/allure-java-commons-2.21.0.jar:/Users/saeeda8/.m2/repository/io/qameta/allure/allure-model/2.21.0/allure-model-2.21.0.jar:/Users/saeeda8/.m2/repository/org/junit/jupiter/junit-jupiter-api/5.9.2/junit-jupiter-api-5.9.2.jar:/Users/saeeda8/.m2/repository/org/opentest4j/opentest4j/1.2.0/opentest4j-1.2.0.jar:/Users/saeeda8/.m2/repository/org/junit/platform/junit-platform-commons/1.9.2/junit-platform-commons-1.9.2.jar:/Users/saeeda8/.m2/repository/org/apiguardian/apiguardian-api/1.1.2/apiguardian-api-1.1.2.jar:/Users/saeeda8/.m2/repository/org/junit/platform/junit-platform-suite/1.9.2/junit-platform-suite-1.9.2.jar:/Users/saeeda8/.m2/repository/org/junit/platform/junit-platform-suite-api/1.9.2/junit-platform-suite-api-1.9.2.jar:/Users/saeeda8/.m2/repository/org/junit/platform/junit-platform-suite-engine/1.9.2/junit-platform-suite-engine-1.9.2.jar:/Users/saeeda8/.m2/repository/org/junit/platform/junit-platform-suite-commons/1.9.2/junit-platform-suite-commons-1.9.2.jar:/Users/saeeda8/.m2/repository/org/junit/platform/junit-platform-launcher/1.9.2/junit-platform-launcher-1.9.2.jar:/Users/saeeda8/.m2/repository/com/googlecode/json-simple/json-simple/1.1.1/json-simple-1.1.1.jar:/Users/saeeda8/.m2/repository/io/rest-assured/json-path/4.3.1/json-path-4.3.1.jar:/Users/saeeda8/.m2/repository/org/codehaus/groovy/groovy-json/3.0.3/groovy-json-3.0.3.jar:/Users/saeeda8/.m2/repository/org/codehaus/groovy/groovy/3.0.3/groovy-3.0.3.jar:/Users/saeeda8/.m2/repository/io/rest-assured/rest-assured-common/4.3.1/rest-assured-common-4.3.1.jar:/Users/saeeda8/.m2/repository/org/testng/testng/7.4.0/testng-7.4.0.jar:/Users/saeeda8/.m2/repository/com/beust/jcommander/1.78/jcommander-1.78.jar:/Users/saeeda8/.m2/repository/org/webjars/jquery/3.5.1/jquery-3.5.1.jar:/Users/saeeda8/.m2/repository/javax/mail/mail/1.4.4/mail-1.4.4.jar:/Users/saeeda8/.m2/repository/javax/activation/activation/1.1/activation-1.1.jar:/Users/saeeda8/.m2/repository/org/jsoup/jsoup/1.13.1/jsoup-1.13.1.jar:/Users/saeeda8/.m2/repository/io/cucumber/gherkin/26.2.0/gherkin-26.2.0.jar:/Users/saeeda8/.m2/repository/io/cucumber/messages/22.0.0/messages-22.0.0.jar:/Users/saeeda8/.m2/repository/io/cucumber/cucumber-junit-platform-engine/7.12.0/cucumber-junit-platform-engine-7.12.0.jar:/Users/saeeda8/.m2/repository/io/cucumber/cucumber-core/7.12.0/cucumber-core-7.12.0.jar:/Users/saeeda8/.m2/repository/io/cucumber/cucumber-gherkin/7.12.0/cucumber-gherkin-7.12.0.jar:/Users/saeeda8/.m2/repository/io/cucumber/cucumber-gherkin-messages/7.12.0/cucumber-gherkin-messages-7.12.0.jar:/Users/saeeda8/.m2/repository/io/cucumber/tag-expressions/5.0.1/tag-expressions-5.0.1.jar:/Users/saeeda8/.m2/repository/io/cucumber/cucumber-expressions/16.1.2/cucumber-expressions-16.1.2.jar:/Users/saeeda8/.m2/repository/io/cucumber/datatable/7.12.0/datatable-7.12.0.jar:/Users/saeeda8/.m2/repository/io/cucumber/cucumber-plugin/7.12.0/cucumber-plugin-7.12.0.jar:/Users/saeeda8/.m2/repository/io/cucumber/docstring/7.12.0/docstring-7.12.0.jar:/Users/saeeda8/.m2/repository/io/cucumber/html-formatter/20.3.0/html-formatter-20.3.0.jar:/Users/saeeda8/.m2/repository/io/cucumber/junit-xml-formatter/0.2.0/junit-xml-formatter-0.2.0.jar:/Users/saeeda8/.m2/repository/io/cucumber/ci-environment/9.2.0/ci-environment-9.2.0.jar:/Users/saeeda8/.m2/repository/org/junit/platform/junit-platform-engine/1.9.3/junit-platform-engine-1.9.3.jar:/Users/saeeda8/.m2/repository/io/cucumber/cucumber-junit/7.14.0/cucumber-junit-7.14.0.jar:/Users/saeeda8/.m2/repository/junit/junit/4.13.2/junit-4.13.2.jar:/Users/saeeda8/.m2/repository/org/hamcrest/hamcrest-core/1.3/hamcrest-core-1.3.jar:/Users/saeeda8/.m2/repository/io/cucumber/cucumber-java/7.14.0/cucumber-java-7.14.0.jar:/Users/saeeda8/.m2/repository/org/assertj/assertj-core/3.10.0/assertj-core-3.10.0.jar:/Users/saeeda8/.m2/repository/org/apache/commons/commons-text/1.9/commons-text-1.9.jar:/Users/saeeda8/.m2/repository/io/cucumber/cucumber-picocontainer/7.12.0/cucumber-picocontainer-7.12.0.jar:/Users/saeeda8/.m2/repository/org/picocontainer/picocontainer/2.15/picocontainer-2.15.jar:/Users/saeeda8/.m2/repository/org/jetbrains/annotations/13.0/annotations-13.0.jar:/Users/saeeda8/.m2/repository/com/github/krraghavan/xeger/1.0.0-RELEASE/xeger-1.0.0-RELEASE.jar:/Users/saeeda8/.m2/repository/dk/brics/automaton/automaton/1.11-8/automaton-1.11-8.jar:/Users/saeeda8/.m2/repository/org/apache/tika/tika-core/2.6.0/tika-core-2.6.0.jar:"/>
    <property name="LOA3AccountId" value="8061633139"/>
    <property name="sun.cpu.endian" value="little"/>
    <property name="user.home" value="/Users/saeeda8"/>
    <property name="user.language" value="en"/>
    <property name="java.specification.vendor" value="Oracle Corporation"/>
    <property name="java.version.date" value="2023-04-18"/>
    <property name="java.home" value="/Library/Java/JavaVirtualMachines/jdk-17.jdk/Contents/Home"/>
    <property name="file.separator" value="/"/>
    <property name="basedir" value="/Users/saeeda8/Projects/MVA-APP-workspace/mva-app-testing"/>
    <property name="java.vm.compressedOopsMode" value="Zero based"/>
    <property name="line.separator" value="&#10;"/>
    <property name="java.specification.name" value="Java Platform API Specification"/>
    <property name="java.vm.specification.vendor" value="Oracle Corporation"/>
    <property name="LOA3Token" value="DSmp9ipWx6w5hZG/paR9jHKKi9728OU5LUhfsG6Hfbwe42PVo1zkymel6vt/I3FRoYt2eL4k782q36gAq6uifhRWFC0bW2Or6EAoTpzlaTNS+xs2A2j5SAb023tmzsnmoJj8U3j4HEjEEX2bpgLvNcyGJfp6hAD4LLrEzyaXUk0esQruX6fn2Abek7IdDe3Pf1UGHetcR+eP98doJdR9Lj8rfJO8IHS6ADev4SnqxqwoZ1TpO8PJ0NWT9H/JoYFDi4rM0VOvdPw7yh4mo9DG9d6xLVsnzDVd/sjuQLcv4Np7NwkTdLvrjj0Qhner0YoZg21crvH7b/PjvJmb1uBevQFaPdbFXI/V40gfw2buOrbJ/itEZEuM4MqwrGk9FmuRLorwnI78JnxGHzTHftk7UYE+R6H0iBC9zpOz9CfuPl2oJR49wzWI3H8oxhe1YTyUe9jyZF2CFOE75AzdNbllw/IdDYZUGZRaMS+6SKng+Xm5IZftnITIULKGdgUZwWvtyRLb4kPmwATZb/M6WGICA3SyVbu0DuYDrlThJE0k0Z8FVYzyHFBz1XiFh0orLFn+KZi1bYhg8f3QecXVjz2zGyNMjeMA4xIsOmjLOm2fHnRjrWmxS31uYRXNSN4NczwQNB2iQUZa9lWCnuky4ZqHB2cq4GK0rRoZUYw1D77RJg/NBQwWWYdJV+X2I0wIFMD2W2Hh+8WiylAG4lyAX74kelkNcQW2UriVuZ/fmrkG+trA4fk4j7AaNK+8/egs1m6H0O4L1bVDtIZSl0J8eO8gNFZdytWnh9Gdtiy2RzjwdDWm/mDhrXZ2tEPCqRXW7OLBNdMShv7qeXKenqaMF4E6t3Y+Resfo0DaFe6i/odpSWFKC6LQet3ZfsiD67d+T3Jhvbo4zmHRgTp5f5SrCUfVktjDhdCYoUVF5FkyaAuGIM+RFyvfqourKrV3ETxZ39lgN00CbwlXU/lMOmMPHxx9OTLkMVhfszeoNMm6saa7Lww3BZ/gCerT9IHkZLPUYCetvWf0UtSN7Sx3ixWcQIPu5jlToVJ0SKu6dsKT+thEBPR2+kL2wcKvL4T5/tvBAnW6V0opSf/p+GNx6n27bIrReyPOXfDPki3cO07rWJcD9UVfhUPz88oRdiCK8fdYif/sWndxJD+4uqn2Duarizk5d7p4bvXQOHVE5/WbWhqI923txKuuNMbAm9hpGFVGrPfwvhmcm5G09twQ9OAO3lizBw3g0diZR+Jn08LXIBwZQ+kjcFfxOOAs79aBdb3Nm2sTPf3fv6wRTq+6pr2C+zqkH7GvE5NfDtnTeRB62qKoMukBdX64iHK3ej6RVDcSfCZWICFbmh871a4KqNUpnAYvFrf57fD1JhKN7dIwcdXiCLJmhwszaLONcRcABQa73nuZ8sfOXPu2jdl4URG41CkyF77v4elaJkA+lSwbpYYqGjcbTRCXvoMF5aiWQ+1/GhYDh0kovfCGJxKBk/GtcNDcXj0zcKwvEiLYiGEtERe78+hq+1CrzWDYv9IRxRsrdEEBoYOCRo7r5tqjf94Awfi0xETrMBKXDGYxbozruZ5y/rPFaIRvdveJkXPRM2XXi5Gxl3G1pBKjPEoq0aM3k2QlpK43FVgvonjt4qI9WfLuqwwVIUDPzZPORd6gIjCuSE1RZ7iwKNcOaPILSJI6gK3KsN2cwcDbTjxM9yxCjpp1j8gDpREdRqEmL8RzRSSdUvydO7xRAjXh0xP9+mP0QgZ8mjFXg1CE9kWQJCA4MAR0j62GlxbpZoAcbSCVgulM16KX60O3RDesxXtBlHCB1eOW4dZLwcmwA+e7b0WODrQIuAhoxrkbIHvLJ+SOKU2an08+3Du4yT6SM7oBWsNqElKFdIcO2Efxfl1nErYxEcfLR0lpeRhqy8VXxuIAXggtnBzgKq9KwrghQv/G2dNiWt6/O9bLrGWV5+fRlVO5rzav62jD5F7uO0b7mXIwfag2yS41H/URju0PHeZJXdKExsV2j/o7NgRs4j1nF/GFqFuFjR8nTIfxk6PST+hP0lTo20eaFaEm3cZP+MJ9ahZRmFW2rqGY2PYF4qVEHMOuynpfEjp8SUHgJmAjoZpfkI3pUEAoPUX1OrRkjlks5biiCSONNFZkNxgNcO246jfmx/Ae8tHMak6Tyc+Uc5TqgvUeHNE3cdnwc98wuPmeLvP+qhOVLgPEhcmh5K5Jva0PLXCP3gP5N4uEAZoWkOwSC5brCJao+A4zpNHy3Fmf+BPTxCGDwMAutAdlJ/B2oh20tPNCGFdoX9x38zzw5jkBD7aFIW4DVUG+qfKtVgtYOh9mC9DSz/icfyFFgEcUlKdCvVWAtz4wMBFntcV6IaTWn5d1zrZIkNI0zcCgn23f9n588EEaQkWqPxkUuN0RaTxP1EM7JywXsPUaluEy0QCYo87RPY15nzINr2mIlHRKRWltjqDkU77AWlotY8AMJC+4vQEegAz/2vACQGMDudD4ZsveIkIcfhU94VfycA88HPw5CIfsR2eSLj6gOF2uEWJcxO80wyZ2KXJbvzZF+Mt6CVivUGTj8HHDH+G+XpefnNery9G/DilI8jd6YcIm9UH0mG7YR324CBQ6GzWPzrhY+d3ZG3U+weuN8UcCQFRvOjGESn2IHN82WlkIQT/N2hD/1kB7l9izVX0zdfyV7J++Wq8i5+8osUd0JtFoTYiBW1ONg0nVVQ2PyGcnODwqctW1zx6beXg="/>
    <property name="surefire.real.class.path" value="/Users/saeeda8/Projects/MVA-APP-workspace/mva-app-testing/target/surefire/surefirebooter-20231226173226890_3.jar"/>
    <property name="sun.management.compiler" value="HotSpot 64-Bit Tiered Compilers"/>
    <property name="java.runtime.version" value="17.0.7+8-LTS-224"/>
    <property name="user.name" value="saeeda8"/>
    <property name="path.separator" value=":"/>
    <property name="os.version" value="13.5.1"/>
    <property name="java.runtime.name" value="Java(TM) SE Runtime Environment"/>
    <property name="LOA1Token" value="Erqz9AO1nO6aP8EJhKlvANrA2BSND+KOKP8MoMY4HkhncDEY7VGcvZaAgdvjCbqjy6ibR2/6tlWgACXA+iepbH2POhR2LQYhwj8momEKlZQpxosXE3Twa4CUPOcUY00W7lyaHVIuGx0khbk3iEL9qHoOGhXsqyCkGJgJfnZ3Jc1U+o5IAWRbBiHTXpFfvkOOxGwOeMzlR3dFUOSlUxB4S4DF7myiqxo24ZzvZI2fPOZui6BPtdCtg7bULWNnPYaxMX8JfJ1+U0EB/HWGWxrqUfeYRtfq5qxEuWQaFZw1aI2K36tGR7TduW+LLE1YIyZHfZI/zRGtgWhYfjBGkPOSJJ0UD3Ih851QM37kGYjjvCMZAizKEyserh0B3m4qxFy0k6DoKFNzut5M4DXyUdltGtk6DCxUepOyMpeLX4niDqvFhPEe3PtD7cTVrEkgAePn3EhKw91g428lOYXfMM1RLlThI2aBGvLcwZyTRvuHUr6IfDdbw0kuxIFjBly67ONyToJh3sjl/VFMW93b2WCnG2OzhWGFYZg7DmaAbw9NrIlW90BlIQgGE9kOzjMi+gQJle7dPMwpnaCcbLEfuGBoLDPf/WJrqC6w4IEopwMxI5pcdCkLOR6B4Bzvg2hWm2RZ/6wYEtD/Dpmbg25Le5yo36BdW9REphV7jwuAiTRvPS9RtZoVHeVw5TusyFkZCUm0ch/tPI8/mRNR9lUXzQ4IUQqMKYPFXXLDP0X+VlFmGhLdLvN0mFKryZKIkDzAb4ByyBj3RWZYkhaDhjIRUOUHEb25UiTpFS1DUCi9o0NrGfzBQ2BZMQLEcX1xHQXQqDgBF5bX3bTND77SDE+ZGHpAHsngd+mHAbtm8+auFaYTql90orK8kLGMNgayj70rsrldiQM/i1Rz3Hdb7NqB8LSUtB4QxHDZIRyBUvCb7YznU4S2Q+qnZWmdoWHphqZCR/otHM9Ld22DCgEXbnnFvj6bza5X4dysMxfZbWvctHy6wO60NF12ILGJg21ijss9z1yfPsoZ2kEs+M1LHMNa+x/QIqwWKRiYcRygMMuqYBPaxjfjOFCLrfc7+s7Hqov3s3vJQ6JE9R9Nt79/gE7vOiQG8DLncE3xYqypvOq0NOWl9/8U9Z1Qh/MFJ965lHRbGGYgrDBafSrg+d8mwyMNK+UrsJTm0iPoCzvgoR6Z3OvCyuB5fu33vQ4y3M9HcoppMwYZvr1wCzlfz/k87ILfPT2JOhHHzicR2RGKngNh0iVzK/9W+IG9po6abUa2lhBAsBcmEkayjDbMpAxJRY7k/eg5AW2dPPmXOMtAtw5ZaedIlLOCto4cZ9oQ8AtVM2i8khXNnXB9tWHdoXAPX86fSDkJmTeQPJNn2LsDXkWc/X6e+vfvE5k/PI5cY4tM10ceqhZKG+VUMwYvt8+m75sVxJiWI/htD88kQhnS1ih0nfgXKQ7ik8jR/GmFO4CXZ2lJ/IN9cX6XbHAPiBGgOp8GQuGT7IF0uau40ywg8Hd71u8CfTuJ68XAcuSFvS30AGB+t53kM6Tx55sIxtjzHmtAFJBa3JS6IL6DgH89P15+mr80GpGRtJF4bFLeG2a2dD3Kie2p1B+YZW4uY7HfXL1JTkpcu7ZsHmNFrYvDGw5ifLJ3gPW3vcpz7q//dURYpTSosg93ddbPkLnewVbe3+lqPu3QnzfGXLb5RaD0JJDFeAbeg4/pCtpbd3jm3uPc6BicBdvpvXfoP+2mOQ9YKxnENQSXXEBFZVfE/bMjHS+spbMAcUCNrzxqwi4VZhtYR6ufDTs/z75XRtB/t371qcrMwu9JYsOQf+1lPEOIysSXK8Jg0M/1rfiFdMVxvpjZMMXrmGxTCHq28Y7PRY4veFricCUEYWNfSRHoiQxfIOxgUzOF5pUp5mchS8r8AXXRN5v7i9N/jfzOTfK5ERSsNmk/MikDGJA8tJpdijWqb/Exblgx1j3A+G9OiR7y1Ywg7QDYZ6oe7LgBAqijT7fl1jS0u11oTa+XK4gWZGfxOYvL38R8qI9vJBaLElYwTSHBe2b696FHwfFOQdIK93zP1fLe/wlUzlm9zkXD1gTm8Y5VkYWbFk79XTVF8mPrAnyaS7Oeaj4EpgN8cEsGzJxouYOMJQWX1xFjMVa+7JMCCoGv0OmGSmPDF1HK1ANLOlKJf81npyBLakwXocH8fNN1890cqIqD99cgyiz4/D5JZjJfAOkDZOXCGWi7NEwUVeurB9QQt7V100qtJTz+p4i50pUxj+XnjPlt/wN9xXg1GOU9fnBTXBwayA1XpLk3gfbAMKGfSLsX71Dq/Gu8rflofpfG+yCV5qrSJXlW+ifo8REutH3FfjqTvNcpiFvfl/uFP8Qr5Q1HWcl2vccZpwarLqGwN0Z2+PMe/R5b8yrehQo4g4b4phPWMmatY+IOIyAQ+ge77HBz561EaJyp7gj77ShuS4bFGlrDUtrWHK95vcMLBbTR2NR37V/ndL+bZv/sDMuKVZXrdgLVXzJJhqn21/e77cyv5xhXnnjgwbp1ITixgLoHTa9aPwLdkx7t4gQhUJEuGiEuKsfE9bwHvwznRPAN/41JH2xRhfkw7iAHV1/B3ORpC+KO4H42bnwpV9yheJYSFh6C6GdOnbVWPfwem8vcAi6Z76rFk569obAwu7RPiPvSFE0ABnE51pWkL+kgH8bkEFANQfY0SQvv/ViePcLnLXAILBZ32+vkHGk+1ThZonHtvGc="/>
    <property name="file.encoding" value="UTF-8"/>
    <property name="java.vm.name" value="Java HotSpot(TM) 64-Bit Server VM"/>
    <property name="localRepository" value="/Users/saeeda8/.m2/repository"/>
    <property name="java.vendor.url.bug" value="https://bugreport.java.com/bugreport/"/>
    <property name="java.io.tmpdir" value="/var/folders/nq/fpqgl6_n1yn2yscrzfrh3_90pxttxy/T/"/>
    <property name="idea.version" value="2023.1.5"/>
    <property name="java.version" value="17.0.7"/>
    <property name="cucumber.filter.tags" value="@TC_1048344"/>
    <property name="user.dir" value="/Users/saeeda8/Projects/MVA-APP-workspace/mva-app-testing"/>
    <property name="os.arch" value="aarch64"/>
    <property name="java.vm.specification.name" value="Java Virtual Machine Specification"/>
    <property name="native.encoding" value="UTF-8"/>
    <property name="java.library.path" value="/Users/saeeda8/Library/Java/Extensions:/Library/Java/Extensions:/Network/Library/Java/Extensions:/System/Library/Java/Extensions:/usr/lib/java:."/>
    <property name="java.vm.info" value="mixed mode, sharing"/>
    <property name="java.vendor" value="Oracle Corporation"/>
    <property name="java.vm.version" value="17.0.7+8-LTS-224"/>
    <property name="LOA1AccountId" value="8061633139"/>
    <property name="sun.io.unicode.encoding" value="UnicodeBig"/>
    <property name="java.class.version" value="61.0"/>
  </properties>
  <testcase name="Acquisition Board - Test Case 506753: 309986.09_P1_Check Tobi behavior in the acquisition dashboard_Functional" classname="Acquisition Board" time="0">
    <skipped message="&apos;cucumber.filter.tags=@TC_1048344&apos; did not match this scenario"/>
    <system-err><![CDATA[Dec 26, 2023 5:32:27 PM io.cucumber.junit.platform.engine.DiscoverySelectorResolver warnWhenCucumberFeaturesPropertyIsUsed
WARNING: Discovering tests using the cucumber.features property. Other discovery selectors are ignored!
Please request/upvote/sponsor/ect better support for JUnit 5 discovery selectors.
See: https://github.com/cucumber/cucumber-jvm/pull/2498
SLF4J: No SLF4J providers were found.
SLF4J: Defaulting to no-operation (NOP) logger implementation
SLF4J: See https://www.slf4j.org/codes.html#noProviders for further details.
]]></system-err>
  </testcase>
  <testcase name="Acquisition Board - 252540_11_P1_Check &quot;Settings&quot; Target from the acquisition dashboard_Functional" classname="Acquisition Board" time="0">
    <skipped message="&apos;cucumber.filter.tags=@TC_1048344&apos; did not match this scenario"/>
  </testcase>
  <testcase name="Acquisition Board - 252540_12_P1_Check &quot;My Account&quot; Target from the acquisition dashboard_Functional" classname="Acquisition Board" time="0">
    <skipped message="&apos;cucumber.filter.tags=@TC_1048344&apos; did not match this scenario"/>
  </testcase>
  <testcase name="Acquisition Board - Check existence of secondary subscription on subscriptions sub-overlay screen" classname="Acquisition Board" time="0">
    <skipped message="&apos;cucumber.filter.tags=@TC_1048344&apos; did not match this scenario"/>
  </testcase>
  <testcase name="Acquisition Board - Check Target of Login CTA With Unknown User On Wifi Connection" classname="Acquisition Board" time="0">
    <skipped message="&apos;cucumber.filter.tags=@TC_1048344&apos; did not match this scenario"/>
  </testcase>
  <testcase name="Acquisition Board - Check Target of Login CTA With Unknown User On Wifi Connection" classname="Acquisition Board" time="0">
    <skipped message="&apos;cucumber.filter.tags=@TC_1048344&apos; did not match this scenario"/>
  </testcase>
  <testcase name="Acquisition Board - Check acquisition dashboard background image targeted URL" classname="Acquisition Board" time="0">
    <skipped message="&apos;cucumber.filter.tags=@TC_1048344&apos; did not match this scenario"/>
  </testcase>
  <testcase name="Acquisition Board - Check acquisition dashboard header SeeOffer CTA targeted URL" classname="Acquisition Board" time="0">
    <skipped message="&apos;cucumber.filter.tags=@TC_1048344&apos; did not match this scenario"/>
  </testcase>
  <testcase name="Acquisition Board - validate New Acquisition Dashboard - Header and  Re direction" classname="Acquisition Board" time="0">
    <skipped message="&apos;cucumber.filter.tags=@TC_1048344&apos; did not match this scenario"/>
  </testcase>
  <testcase name="Acquisition Board - Validate Why vodafone section new basic dashboard" classname="Acquisition Board" time="0">
    <skipped message="&apos;cucumber.filter.tags=@TC_1048344&apos; did not match this scenario"/>
  </testcase>
  <testcase name="Acquisition Board - validate Discover vodafone in basic dashboard new implementation" classname="Acquisition Board" time="0">
    <skipped message="&apos;cucumber.filter.tags=@TC_1048344&apos; did not match this scenario"/>
  </testcase>
  <testcase name="Acquisition Board - TC03_checkMoreToLoveSection" classname="Acquisition Board" time="0">
    <skipped message="&apos;cucumber.filter.tags=@TC_1048344&apos; did not match this scenario"/>
  </testcase>
  <testcase name="Acquisition Board - Check Why Vodafone section" classname="Acquisition Board" time="0">
    <skipped message="&apos;cucumber.filter.tags=@TC_1048344&apos; did not match this scenario"/>
  </testcase>
  <testcase name="Acquisition Board - Validate the latest offers in basic dashboard new section" classname="Acquisition Board" time="0">
    <skipped message="&apos;cucumber.filter.tags=@TC_1048344&apos; did not match this scenario"/>
  </testcase>
  <testcase name="Billing Card - Validate the Billing Title Card X CTA Functionality" classname="Billing Card" time="0">
    <skipped message="&apos;cucumber.filter.tags=@TC_1048344&apos; did not match this scenario"/>
  </testcase>
  <testcase name="Billing Card - Validate the Billing Title Card Existence" classname="Billing Card" time="0">
    <skipped message="&apos;cucumber.filter.tags=@TC_1048344&apos; did not match this scenario"/>
  </testcase>
  <testcase name="Billing Card - Validate the Existence of the Future Bill Card" classname="Billing Card" time="0">
    <skipped message="&apos;cucumber.filter.tags=@TC_1048344&apos; did not match this scenario"/>
  </testcase>
  <testcase name="Billing Card - Validate the Redirection of the Future Bill Card to reinvent journey" classname="Billing Card" time="0">
    <skipped message="&apos;cucumber.filter.tags=@TC_1048344&apos; did not match this scenario"/>
  </testcase>
  <testcase name="Billing Tutorial for fresh install user - Verify that the Billing tutorial is displayed and click on Continue CTA" classname="Billing Tutorial for fresh install user" time="0">
    <skipped message="&apos;cucumber.filter.tags=@TC_1048344&apos; did not match this scenario"/>
  </testcase>
  <testcase name="Direct Debit - Validate Direct Debit UI" classname="Direct Debit" time="0">
    <skipped message="&apos;cucumber.filter.tags=@TC_1048344&apos; did not match this scenario"/>
  </testcase>
  <testcase name="Direct Debit - Check Direct Debit Functionality" classname="Direct Debit" time="0">
    <skipped message="&apos;cucumber.filter.tags=@TC_1048344&apos; did not match this scenario"/>
  </testcase>
  <testcase name="Direct Debit - Check the new changes in Reinvent webview  when accessing  &quot;DIRECT_DEBIT&quot; journey using a UFL FLN child" classname="Direct Debit" time="0">
    <skipped message="&apos;cucumber.filter.tags=@TC_1048344&apos; did not match this scenario"/>
  </testcase>
  <testcase name="Direct Debit - Check the app behavior when first time UFL Consumer MPS User access the Direct debit" classname="Direct Debit" time="0">
    <skipped message="&apos;cucumber.filter.tags=@TC_1048344&apos; did not match this scenario"/>
  </testcase>
  <testcase name="First Bill Card - Validate the Existence of The First Bill Card and the Explaining card" classname="First Bill Card" time="0">
    <skipped message="&apos;cucumber.filter.tags=@TC_1048344&apos; did not match this scenario"/>
  </testcase>
  <testcase name="First Bill Card - Validate the Redirection of the First Bill Card to reinvent journey" classname="First Bill Card" time="0">
    <skipped message="&apos;cucumber.filter.tags=@TC_1048344&apos; did not match this scenario"/>
  </testcase>
  <testcase name="Latest Bill Card - Validate the Existence of the Latest Bill Card" classname="Latest Bill Card" time="0">
    <skipped message="&apos;cucumber.filter.tags=@TC_1048344&apos; did not match this scenario"/>
  </testcase>
  <testcase name="Latest Bill Card - Validate the Redirection of the Latest Bill Card to reinvent journey" classname="Latest Bill Card" time="0">
    <skipped message="&apos;cucumber.filter.tags=@TC_1048344&apos; did not match this scenario"/>
  </testcase>
  <testcase name="Manage Cards and Payments - Validate &quot;Manage cards and payments&quot; chevron" classname="Manage Cards and Payments" time="0">
    <skipped message="&apos;cucumber.filter.tags=@TC_1048344&apos; did not match this scenario"/>
  </testcase>
  <testcase name="Payment overdue Card - Validate the Existence of the Latest Bill Card" classname="Payment overdue Card" time="0">
    <skipped message="&apos;cucumber.filter.tags=@TC_1048344&apos; did not match this scenario"/>
  </testcase>
  <testcase name="Payment overdue Card - Validate the Existence of the Payment Overdue Card" classname="Payment overdue Card" time="0">
    <skipped message="&apos;cucumber.filter.tags=@TC_1048344&apos; did not match this scenario"/>
  </testcase>
  <testcase name="Payment overdue Card - Validate the reinvent journey is opened when click on Pay Bill CTA" classname="Payment overdue Card" time="0">
    <skipped message="&apos;cucumber.filter.tags=@TC_1048344&apos; did not match this scenario"/>
  </testcase>
  <testcase name="Previous Bills Card - Verify that the Previous Bill Card Is Displayed" classname="Previous Bills Card" time="0">
    <skipped message="&apos;cucumber.filter.tags=@TC_1048344&apos; did not match this scenario"/>
  </testcase>
  <testcase name="Previous Bills Card - I Should check the functionality of Load More CTA" classname="Previous Bills Card" time="0">
    <skipped message="&apos;cucumber.filter.tags=@TC_1048344&apos; did not match this scenario"/>
  </testcase>
  <testcase name="Previous Bills Card - Validate Previous Bill Card Redirection to Reinvent Journey" classname="Previous Bills Card" time="0">
    <skipped message="&apos;cucumber.filter.tags=@TC_1048344&apos; did not match this scenario"/>
  </testcase>
  <testcase name="Previous Bills Card - Check the app behavior when returning UFL Consumer User access the PREVIOUS_EBILL journey" classname="Previous Bills Card" time="0">
    <skipped message="&apos;cucumber.filter.tags=@TC_1048344&apos; did not match this scenario"/>
  </testcase>
  <testcase name="Previous Bills Card - Check the app behavior when FL Consumer Subscription user access the PREVIOUS_EBILL" classname="Previous Bills Card" time="0">
    <skipped message="&apos;cucumber.filter.tags=@TC_1048344&apos; did not match this scenario"/>
  </testcase>
  <testcase name="Previous Bills Card - Check the app behavior when returning Consumer User access the PREVIOUS_EBILL journey" classname="Previous Bills Card" time="0">
    <skipped message="&apos;cucumber.filter.tags=@TC_1048344&apos; did not match this scenario"/>
  </testcase>
  <testcase name="View Billing FAQs Card - Check FAQs from Billing dashboard" classname="View Billing FAQs Card" time="0">
    <skipped message="&apos;cucumber.filter.tags=@TC_1048344&apos; did not match this scenario"/>
  </testcase>
  <testcase name="CCS - Check that forget username is working successfully" classname="CCS" time="0">
    <skipped message="&apos;cucumber.filter.tags=@TC_1048344&apos; did not match this scenario"/>
  </testcase>
  <testcase name="CCS - Validate VeryMe Title And CTA is opened successfully" classname="CCS" time="0">
    <skipped message="&apos;cucumber.filter.tags=@TC_1048344&apos; did not match this scenario"/>
  </testcase>
  <testcase name="CCS - Test Case 601797: P1 - Check Each Very Me Rewards displayed as UID_UI" classname="CCS" time="0">
    <skipped message="&apos;cucumber.filter.tags=@TC_1048344&apos; did not match this scenario"/>
  </testcase>
  <testcase name="CCS - Validate TOBi" classname="CCS" time="0">
    <skipped message="&apos;cucumber.filter.tags=@TC_1048344&apos; did not match this scenario"/>
  </testcase>
  <testcase name="CCS - Validate Discover Offers Is Opened in custom tab" classname="CCS" time="0">
    <skipped message="&apos;cucumber.filter.tags=@TC_1048344&apos; did not match this scenario"/>
  </testcase>
  <testcase name="CCS - Select Login Preferences As Username and Password" classname="CCS" time="0">
    <skipped message="&apos;cucumber.filter.tags=@TC_1048344&apos; did not match this scenario"/>
  </testcase>
  <testcase name="CCS - Check latest bill SSO for root user is working fine" classname="CCS" time="0">
    <skipped message="&apos;cucumber.filter.tags=@TC_1048344&apos; did not match this scenario"/>
  </testcase>
  <testcase name="CCS - Check previous bill SSO for root user is working fine" classname="CCS" time="0">
    <skipped message="&apos;cucumber.filter.tags=@TC_1048344&apos; did not match this scenario"/>
  </testcase>
  <testcase name="CCS - Check previous bill SSO for UFL user is working fine" classname="CCS" time="0">
    <skipped message="&apos;cucumber.filter.tags=@TC_1048344&apos; did not match this scenario"/>
  </testcase>
  <testcase name="CCS - Check the app behavior when switching to Consumer MPS UFL User and access the Direct debit journey" classname="CCS" time="0">
    <skipped message="&apos;cucumber.filter.tags=@TC_1048344&apos; did not match this scenario"/>
  </testcase>
  <testcase name="CCS - Check that manage bars and extras SSO screen opens successfully for root user" classname="CCS" time="0">
    <skipped message="&apos;cucumber.filter.tags=@TC_1048344&apos; did not match this scenario"/>
  </testcase>
  <testcase name="CCS - Check that view details SSO screen in current charges is working successfully for root user" classname="CCS" time="0">
    <skipped message="&apos;cucumber.filter.tags=@TC_1048344&apos; did not match this scenario"/>
  </testcase>
  <testcase name="CCS - Check that Data cap SSO is working fine for root user" classname="CCS" time="0">
    <skipped message="&apos;cucumber.filter.tags=@TC_1048344&apos; did not match this scenario"/>
  </testcase>
  <testcase name="CCS - Check the app behavior when an UFL consumer user access &quot;Marketing preferences&quot; journey" classname="CCS" time="0">
    <skipped message="&apos;cucumber.filter.tags=@TC_1048344&apos; did not match this scenario"/>
  </testcase>
  <testcase name="CCS - Check that spend manager SSO journey is working fine for root user" classname="CCS" time="0">
    <skipped message="&apos;cucumber.filter.tags=@TC_1048344&apos; did not match this scenario"/>
  </testcase>
  <testcase name="CCS - Check that upgrade SSO journey is working fine for root users who are eligible for upgrade" classname="CCS" time="0">
    <skipped message="&apos;cucumber.filter.tags=@TC_1048344&apos; did not match this scenario"/>
  </testcase>
  <testcase name="CCS - Check exit web confirmation message in upgrade journey for PayM eligible for Normal/SIMO/FlexUpgrade" classname="CCS" time="0">
    <skipped message="&apos;cucumber.filter.tags=@TC_1048344&apos; did not match this scenario"/>
  </testcase>
  <testcase name="CCS - Test Case 653449: P1_Check that SSO Discover Journeys are working fine" classname="CCS" time="0">
    <skipped message="&apos;cucumber.filter.tags=@TC_1048344&apos; did not match this scenario"/>
  </testcase>
  <testcase name="CCS - Check that change PIN journey is working fine" classname="CCS" time="0">
    <skipped message="&apos;cucumber.filter.tags=@TC_1048344&apos; did not match this scenario"/>
  </testcase>
  <testcase name="CCS - Test Case 506745: Check that blocked users cannot use the app_Functional" classname="CCS" time="0">
    <skipped message="&apos;cucumber.filter.tags=@TC_1048344&apos; did not match this scenario"/>
  </testcase>
  <testcase name="CCS - Test Case 506745: Check VOXi users are redirected to the correct overlay_Functional" classname="CCS" time="0">
    <skipped message="&apos;cucumber.filter.tags=@TC_1048344&apos; did not match this scenario"/>
  </testcase>
  <testcase name="CCS - Validate low credit card for PayG" classname="CCS" time="0">
    <skipped message="&apos;cucumber.filter.tags=@TC_1048344&apos; did not match this scenario"/>
  </testcase>
  <testcase name="CCS - Check that upgrade SSO journey is working fine for child users who are eligible for upgrade" classname="CCS" time="0">
    <skipped message="&apos;cucumber.filter.tags=@TC_1048344&apos; did not match this scenario"/>
  </testcase>
  <testcase name="CCS - Check that manage bars and extras SSO screen opens successfully for child user" classname="CCS" time="0">
    <skipped message="&apos;cucumber.filter.tags=@TC_1048344&apos; did not match this scenario"/>
  </testcase>
  <testcase name="CCS - Check that view details SSO screen in current charges is working successfully for child user" classname="CCS" time="0">
    <skipped message="&apos;cucumber.filter.tags=@TC_1048344&apos; did not match this scenario"/>
  </testcase>
  <testcase name="CCS - Check that Track an Order link is Assistance Menu is working fine" classname="CCS" time="0">
    <skipped message="&apos;cucumber.filter.tags=@TC_1048344&apos; did not match this scenario"/>
  </testcase>
  <testcase name="CCS - Check that &quot;Tariff migration&quot; journey title is displayed with &quot;Change your Plan&quot; instead of &quot;My Vodafone&quot; when executed" classname="CCS" time="0">
    <skipped message="&apos;cucumber.filter.tags=@TC_1048344&apos; did not match this scenario"/>
  </testcase>
  <testcase name="CCS - Check app behavior for PAYM user has one device loan after clicking on Make a payment CTA_Functional" classname="CCS" time="0">
    <skipped message="&apos;cucumber.filter.tags=@TC_1048344&apos; did not match this scenario"/>
  </testcase>
  <testcase name="CCS - Check app behavior for PAYM user has one device loan after clicking on Payment history CTA_Functional" classname="CCS" time="0">
    <skipped message="&apos;cucumber.filter.tags=@TC_1048344&apos; did not match this scenario"/>
  </testcase>
  <testcase name="CCS - Check app behavior for PAYM user has one device loan after clicking on View more details CTA_Functional" classname="CCS" time="0">
    <skipped message="&apos;cucumber.filter.tags=@TC_1048344&apos; did not match this scenario"/>
  </testcase>
  <testcase name="CCS - Check that PAYM has FLN subscription are able to login to app through UFL_Functional" classname="CCS" time="0">
    <skipped message="&apos;cucumber.filter.tags=@TC_1048344&apos; did not match this scenario"/>
  </testcase>
  <testcase name="CCS - Check that PAYM has BB subscription are able to login to app through UFL_Functional" classname="CCS" time="0">
    <skipped message="&apos;cucumber.filter.tags=@TC_1048344&apos; did not match this scenario"/>
  </testcase>
  <testcase name="CCS - Check header of internal webview when user navigate to  ACTIVATE_VOUCHER journey" classname="CCS" time="0">
    <skipped message="&apos;cucumber.filter.tags=@TC_1048344&apos; did not match this scenario"/>
  </testcase>
  <testcase name="CCS - Check header of internal webview when user navigate to MANAGE_BARS journey" classname="CCS" time="0">
    <skipped message="&apos;cucumber.filter.tags=@TC_1048344&apos; did not match this scenario"/>
  </testcase>
  <testcase name="CCS - Check that login with PIN is working successfully" classname="CCS" time="0">
    <skipped message="&apos;cucumber.filter.tags=@TC_1048344&apos; did not match this scenario"/>
  </testcase>
  <testcase name="CCS - Check Direct Debit SSO journey" classname="CCS" time="0">
    <skipped message="&apos;cucumber.filter.tags=@TC_1048344&apos; did not match this scenario"/>
  </testcase>
  <testcase name="CCS - Check that My Account Controls in the Account Settings page opens SSO in an internal webview" classname="CCS" time="0">
    <skipped message="&apos;cucumber.filter.tags=@TC_1048344&apos; did not match this scenario"/>
  </testcase>
  <testcase name="CCS - Check that airtime plan tab opens for bingo users" classname="CCS" time="0">
    <skipped message="&apos;cucumber.filter.tags=@TC_1048344&apos; did not match this scenario"/>
  </testcase>
  <testcase name="CCS - Check different vesta variations for users" classname="CCS" time="0">
    <skipped message="&apos;cucumber.filter.tags=@TC_1048344&apos; did not match this scenario"/>
  </testcase>
  <testcase name="CCS - Check different vesta variations for PayM Complex users" classname="CCS" time="0">
    <skipped message="&apos;cucumber.filter.tags=@TC_1048344&apos; did not match this scenario"/>
  </testcase>
  <testcase name="Roaming lozenge - Check variant UI for 51 &amp; 83 roaming includes plans" classname="Roaming lozenge" time="0">
    <skipped message="&apos;cucumber.filter.tags=@TC_1048344&apos; did not match this scenario"/>
  </testcase>
  <testcase name="CRO simx plan change - verify that the recommended Plan contains simx plan with black banner" classname="CRO simx plan change" time="0">
    <skipped message="&apos;cucumber.filter.tags=@TC_1048344&apos; did not match this scenario"/>
  </testcase>
  <testcase name="CRO simx plan change - Validate the functionality of find out more CTA &amp; simx tray" classname="CRO simx plan change" time="0">
    <skipped message="&apos;cucumber.filter.tags=@TC_1048344&apos; did not match this scenario"/>
  </testcase>
  <testcase name="CRO simx plan change - Validate the functionality of find out more tray CTA" classname="CRO simx plan change" time="0">
    <skipped message="&apos;cucumber.filter.tags=@TC_1048344&apos; did not match this scenario"/>
  </testcase>
  <testcase name="CRO simx plan change - Validate the functionality of X close CTA" classname="CRO simx plan change" time="0">
    <skipped message="&apos;cucumber.filter.tags=@TC_1048344&apos; did not match this scenario"/>
  </testcase>
  <testcase name="Choose This Plan CTA (Child Account - Root Subscription) - verify that a fully logged in child user get a full screen error when clicking on &quot;Choose this plan&quot; CTA" classname="Choose This Plan CTA (Child Account - Root Subscription)" time="0">
    <skipped message="&apos;cucumber.filter.tags=@TC_1048344&apos; did not match this scenario"/>
  </testcase>
  <testcase name="Choose a Recommended Plan CTA - choose a recommended plan" classname="Choose a Recommended Plan CTA" time="0">
    <skipped message="&apos;cucumber.filter.tags=@TC_1048344&apos; did not match this scenario"/>
  </testcase>
  <testcase name="Confirm This Change CTA Error Handling - verify user gets an error after clicking on confirm this change CTA when there&apos;s an API Failure" classname="Confirm This Change CTA Error Handling" time="0">
    <skipped message="&apos;cucumber.filter.tags=@TC_1048344&apos; did not match this scenario"/>
  </testcase>
  <testcase name="Click to upgrade confirmation screen - Check confirmation Screen appears after clicking confirm this change" classname="Click to upgrade confirmation screen" time="0">
    <skipped message="&apos;cucumber.filter.tags=@TC_1048344&apos; did not match this scenario"/>
  </testcase>
  <testcase name="Current plan card details - verify that te current plan card has the correct details" classname="Current plan card details" time="0">
    <skipped message="&apos;cucumber.filter.tags=@TC_1048344&apos; did not match this scenario"/>
  </testcase>
  <testcase name="New Plan Card - verify that the new plan card contains the correct details and features" classname="New Plan Card" time="0">
    <skipped message="&apos;cucumber.filter.tags=@TC_1048344&apos; did not match this scenario"/>
  </testcase>
  <testcase name="New Plan Card Free Subscriptions - Verify that the user can see the free subscriptions in the new plan card" classname="New Plan Card Free Subscriptions" time="0">
    <skipped message="&apos;cucumber.filter.tags=@TC_1048344&apos; did not match this scenario"/>
  </testcase>
  <testcase name="Change your plan page - Continue CTA - verify that the user redirected to the checkout modal when clicking on the Continue CTA" classname="Change your plan page - Continue CTA" time="0">
    <skipped message="&apos;cucumber.filter.tags=@TC_1048344&apos; did not match this scenario"/>
  </testcase>
  <testcase name="Change your plan - Continue CTA - Error handling - Verify there&apos;s an error message when there&apos;s an API failure" classname="Change your plan - Continue CTA - Error handling" time="0">
    <skipped message="&apos;cucumber.filter.tags=@TC_1048344&apos; did not match this scenario"/>
  </testcase>
  <testcase name="New Plan Payment Summary - verify that the new plan payment summary section contains the correct details" classname="New Plan Payment Summary" time="0">
    <skipped message="&apos;cucumber.filter.tags=@TC_1048344&apos; did not match this scenario"/>
  </testcase>
  <testcase name="C2U New plan Spend Manager - Verify the Title is Displayed Correctly and There&apos;s a Descriptive Text below" classname="C2U New plan Spend Manager" time="0">
    <skipped message="&apos;cucumber.filter.tags=@TC_1048344&apos; did not match this scenario"/>
  </testcase>
  <testcase name="C2U New plan Spend Manager - Verify The Price" classname="C2U New plan Spend Manager" time="0">
    <skipped message="&apos;cucumber.filter.tags=@TC_1048344&apos; did not match this scenario"/>
  </testcase>
  <testcase name="C2U New plan Spend Manager - Verify The Spend Limit" classname="C2U New plan Spend Manager" time="0">
    <skipped message="&apos;cucumber.filter.tags=@TC_1048344&apos; did not match this scenario"/>
  </testcase>
  <testcase name="New Plan Terms And Conditions - verify that new plan terms and conditions section has correct details" classname="New Plan Terms And Conditions" time="0">
    <skipped message="&apos;cucumber.filter.tags=@TC_1048344&apos; did not match this scenario"/>
  </testcase>
  <testcase name="Recommended &amp; New Plan Card Highlights - Verify that the recommended &amp; new plan card highlights displayed" classname="Recommended &amp; New Plan Card Highlights" time="0">
    <skipped message="&apos;cucumber.filter.tags=@TC_1048344&apos; did not match this scenario"/>
  </testcase>
  <testcase name="Recommended Plan Card See Plan Details - verify that the user redirected to see plan details webview" classname="Recommended Plan Card See Plan Details" time="0">
    <skipped message="&apos;cucumber.filter.tags=@TC_1048344&apos; did not match this scenario"/>
  </testcase>
  <testcase name="Recommended Plan Card - verify that the recommended Plan contains the correct details" classname="Recommended Plan Card" time="0">
    <skipped message="&apos;cucumber.filter.tags=@TC_1048344&apos; did not match this scenario"/>
  </testcase>
  <testcase name="Recommended Plan Card - Validate The functionality of Check Upgrade Eligibility in Error screen for not eligible upgrade for SIMO/FLEX upgrade" classname="Recommended Plan Card" time="0">
    <skipped message="&apos;cucumber.filter.tags=@TC_1048344&apos; did not match this scenario"/>
  </testcase>
  <testcase name="Recommended Plan Card - Validate The functionality of Back to Dashboard in Error screen for not eligible upgrade for SIMO/FLEX upgrade" classname="Recommended Plan Card" time="0">
    <skipped message="&apos;cucumber.filter.tags=@TC_1048344&apos; did not match this scenario"/>
  </testcase>
  <testcase name="Recommended Plan Card - Validate The functionality of X CTA in Error screen for not eligible upgrade for SIMO/FLEX upgrade" classname="Recommended Plan Card" time="0">
    <skipped message="&apos;cucumber.filter.tags=@TC_1048344&apos; did not match this scenario"/>
  </testcase>
  <testcase name="Recommended Plan Card - Validate for the price increase copies in the Recommended plans screen" classname="Recommended Plan Card" time="0">
    <skipped message="&apos;cucumber.filter.tags=@TC_1048344&apos; did not match this scenario"/>
  </testcase>
  <testcase name="Recommended plan card free subscriptions - verify that the user can see the free subscriptions in recommended plan card" classname="Recommended plan card free subscriptions" time="0">
    <skipped message="&apos;cucumber.filter.tags=@TC_1048344&apos; did not match this scenario"/>
  </testcase>
  <testcase name="See all plans on our website - see all recommended plans on the website" classname="See all plans on our website" time="0">
    <skipped message="&apos;cucumber.filter.tags=@TC_1048344&apos; did not match this scenario"/>
  </testcase>
  <testcase name="Show more plans and filters section - Check app behavior for each CTA in the filter - Examples - Example #1.1" classname="Show more plans and filters section - Check app behavior for each CTA in the filter - Examples" time="0">
    <skipped message="&apos;cucumber.filter.tags=@TC_1048344&apos; did not match this scenario"/>
  </testcase>
  <testcase name="Show more plans and filters section - Check app behavior for each CTA in the filter - Examples - Example #1.2" classname="Show more plans and filters section - Check app behavior for each CTA in the filter - Examples" time="0">
    <skipped message="&apos;cucumber.filter.tags=@TC_1048344&apos; did not match this scenario"/>
  </testcase>
  <testcase name="Show more plans and filters section - Check app behavior for each CTA in the filter - Examples - Example #1.3" classname="Show more plans and filters section - Check app behavior for each CTA in the filter - Examples" time="0">
    <skipped message="&apos;cucumber.filter.tags=@TC_1048344&apos; did not match this scenario"/>
  </testcase>
  <testcase name="Show more plans and filters section - Check app behavior for each CTA in the filter - Examples - Example #1.4" classname="Show more plans and filters section - Check app behavior for each CTA in the filter - Examples" time="0">
    <skipped message="&apos;cucumber.filter.tags=@TC_1048344&apos; did not match this scenario"/>
  </testcase>
  <testcase name="Show more plans and filters section - Check app behavior for each CTA in the filter - Examples - Example #1.5" classname="Show more plans and filters section - Check app behavior for each CTA in the filter - Examples" time="0">
    <skipped message="&apos;cucumber.filter.tags=@TC_1048344&apos; did not match this scenario"/>
  </testcase>
  <testcase name="Show more plans and filters section - Check app behavior for each CTA in the filter - Examples - Example #1.6" classname="Show more plans and filters section - Check app behavior for each CTA in the filter - Examples" time="0">
    <skipped message="&apos;cucumber.filter.tags=@TC_1048344&apos; did not match this scenario"/>
  </testcase>
  <testcase name="Show more plans and filters section - Check app behavior in case filtering using price filter - Examples - Example #1.1" classname="Show more plans and filters section - Check app behavior in case filtering using price filter - Examples" time="0">
    <skipped message="&apos;cucumber.filter.tags=@TC_1048344&apos; did not match this scenario"/>
  </testcase>
  <testcase name="Show more plans and filters section - Check filter counter and clear all CTA behavior - Examples - Example #1.1" classname="Show more plans and filters section - Check filter counter and clear all CTA behavior - Examples" time="0">
    <skipped message="&apos;cucumber.filter.tags=@TC_1048344&apos; did not match this scenario"/>
  </testcase>
  <testcase name="DVT Scenarios for Child User - Check that dashboard is displayed normally for child user" classname="DVT Scenarios for Child User" time="0">
    <skipped message="&apos;cucumber.filter.tags=@TC_1048344&apos; did not match this scenario"/>
  </testcase>
  <testcase name="DVT Scenarios for Child User - Check that very me section doesn&apos;t appear for child user" classname="DVT Scenarios for Child User" time="0">
    <skipped message="&apos;cucumber.filter.tags=@TC_1048344&apos; did not match this scenario"/>
  </testcase>
  <testcase name="DVT Scenarios for Child User - Check that child user can access latest bill" classname="DVT Scenarios for Child User" time="0">
    <skipped message="&apos;cucumber.filter.tags=@TC_1048344&apos; did not match this scenario"/>
  </testcase>
  <testcase name="DVT Scenarios for Child User - Check manage bars and extras for child user" classname="DVT Scenarios for Child User" time="0">
    <skipped message="&apos;cucumber.filter.tags=@TC_1048344&apos; did not match this scenario"/>
  </testcase>
  <testcase name="DVT Scenarios for Child User - Check data cap for child user" classname="DVT Scenarios for Child User" time="0">
    <skipped message="&apos;cucumber.filter.tags=@TC_1048344&apos; did not match this scenario"/>
  </testcase>
  <testcase name="DVT Scenarios for Child User - Check upgrade now for child user" classname="DVT Scenarios for Child User" time="0">
    <skipped message="&apos;cucumber.filter.tags=@TC_1048344&apos; did not match this scenario"/>
  </testcase>
  <testcase name="DVT Scenarios for Child User - Check view details in charges tab for child user" classname="DVT Scenarios for Child User" time="0">
    <skipped message="&apos;cucumber.filter.tags=@TC_1048344&apos; did not match this scenario"/>
  </testcase>
  <testcase name="DVT Scenarios for Child User - Check assistance links for child user" classname="DVT Scenarios for Child User" time="0">
    <skipped message="&apos;cucumber.filter.tags=@TC_1048344&apos; did not match this scenario"/>
  </testcase>
  <testcase name="DVT Scenarios for Child User - Check network links for child user" classname="DVT Scenarios for Child User" time="0">
    <skipped message="&apos;cucumber.filter.tags=@TC_1048344&apos; did not match this scenario"/>
  </testcase>
  <testcase name="DVT Scenarios for Child User - Check speed checker for child user" classname="DVT Scenarios for Child User" time="0">
    <skipped message="&apos;cucumber.filter.tags=@TC_1048344&apos; did not match this scenario"/>
  </testcase>
  <testcase name="DVT Scenarios for Child User - Check reset app for child user" classname="DVT Scenarios for Child User" time="0">
    <skipped message="&apos;cucumber.filter.tags=@TC_1048344&apos; did not match this scenario"/>
  </testcase>
  <testcase name="DVT Scenarios for Child User - Check privacy settings for child user" classname="DVT Scenarios for Child User" time="0">
    <skipped message="&apos;cucumber.filter.tags=@TC_1048344&apos; did not match this scenario"/>
  </testcase>
  <testcase name="DVT Scenarios for Child User - Check login options for child user" classname="DVT Scenarios for Child User" time="0">
    <skipped message="&apos;cucumber.filter.tags=@TC_1048344&apos; did not match this scenario"/>
  </testcase>
  <testcase name="DVT Scenarios for PAYM root - Validate Tiles Cards for PAYM root in soft login" classname="DVT Scenarios for PAYM root" time="0">
    <skipped message="&apos;cucumber.filter.tags=@TC_1048344&apos; did not match this scenario"/>
  </testcase>
  <testcase name="DVT Scenarios for PAYM root - Validate Discover offers and Very me is Displayed for PAYM root in soft login" classname="DVT Scenarios for PAYM root" time="0">
    <skipped message="&apos;cucumber.filter.tags=@TC_1048344&apos; did not match this scenario"/>
  </testcase>
  <testcase name="DVT Scenarios for PAYM root - Validate Privacy Settings Items for PAYM root in soft login" classname="DVT Scenarios for PAYM root" time="0">
    <skipped message="&apos;cucumber.filter.tags=@TC_1048344&apos; did not match this scenario"/>
  </testcase>
  <testcase name="DVT Scenarios for PAYM root - P1 - Check network section _Functional" classname="DVT Scenarios for PAYM root" time="0">
    <skipped message="&apos;cucumber.filter.tags=@TC_1048344&apos; did not match this scenario"/>
  </testcase>
  <testcase name="DVT Scenarios for PAYM root - Validate Account Settings Items for PAYM root in soft login" classname="DVT Scenarios for PAYM root" time="0">
    <skipped message="&apos;cucumber.filter.tags=@TC_1048344&apos; did not match this scenario"/>
  </testcase>
  <testcase name="DVT Scenarios for PAYM root - Validate App Settings Items for PAYM root in soft login" classname="DVT Scenarios for PAYM root" time="0">
    <skipped message="&apos;cucumber.filter.tags=@TC_1048344&apos; did not match this scenario"/>
  </testcase>
  <testcase name="DVT Scenarios for PAYM root - Validate My Account drawer is opened successfully" classname="DVT Scenarios for PAYM root" time="0">
    <skipped message="&apos;cucumber.filter.tags=@TC_1048344&apos; did not match this scenario"/>
  </testcase>
  <testcase name="DVT Scenarios for PAYM root - Validate order of assistance links for PAYM root in soft login" classname="DVT Scenarios for PAYM root" time="0">
    <skipped message="&apos;cucumber.filter.tags=@TC_1048344&apos; did not match this scenario"/>
  </testcase>
  <testcase name="DVT Scenarios for PAYM root - P1 - Check eshop links" classname="DVT Scenarios for PAYM root" time="0">
    <skipped message="&apos;cucumber.filter.tags=@TC_1048344&apos; did not match this scenario"/>
  </testcase>
  <testcase name="DVT Scenarios for PAYM root - Validate Connected Apps Titles for PAYM root in soft login" classname="DVT Scenarios for PAYM root" time="0">
    <skipped message="&apos;cucumber.filter.tags=@TC_1048344&apos; did not match this scenario"/>
  </testcase>
  <testcase name="DVT Scenarios for PAYM root - Validate Tray Items for PAYM root in soft login" classname="DVT Scenarios for PAYM root" time="0">
    <skipped message="&apos;cucumber.filter.tags=@TC_1048344&apos; did not match this scenario"/>
  </testcase>
  <testcase name="DVT Scenarios for PAYM root - Validate the First , Second Control Tiles Opens the right Tab" classname="DVT Scenarios for PAYM root" time="0">
    <skipped message="&apos;cucumber.filter.tags=@TC_1048344&apos; did not match this scenario"/>
  </testcase>
  <testcase name="DVT Scenarios for PAYM root - Check speed test results screen_functional" classname="DVT Scenarios for PAYM root" time="0">
    <skipped message="&apos;cucumber.filter.tags=@TC_1048344&apos; did not match this scenario"/>
  </testcase>
  <testcase name="DVT Scenarios for PAYM root - Validate Billing opens Successfully" classname="DVT Scenarios for PAYM root" time="0">
    <skipped message="&apos;cucumber.filter.tags=@TC_1048344&apos; did not match this scenario"/>
  </testcase>
  <testcase name="DVT Scenarios for PAYM root - Validate upgrade now is opened successfully" classname="DVT Scenarios for PAYM root" time="0">
    <skipped message="&apos;cucumber.filter.tags=@TC_1048344&apos; did not match this scenario"/>
  </testcase>
  <testcase name="DVT Scenarios for PAYM root - Validate manage and extras opens successfully" classname="DVT Scenarios for PAYM root" time="0">
    <skipped message="&apos;cucumber.filter.tags=@TC_1048344&apos; did not match this scenario"/>
  </testcase>
  <testcase name="DVT Scenarios for PAYG root - Validate Discover offers and Very me" classname="DVT Scenarios for PAYG root" time="0">
    <skipped message="&apos;cucumber.filter.tags=@TC_1048344&apos; did not match this scenario"/>
  </testcase>
  <testcase name="DVT Scenarios for PAYG root - Validate Tray Items" classname="DVT Scenarios for PAYG root" time="0">
    <skipped message="&apos;cucumber.filter.tags=@TC_1048344&apos; did not match this scenario"/>
  </testcase>
  <testcase name="DVT Scenarios for PAYG root - Check ACTIVATE_VOUCHER journey from topup" classname="DVT Scenarios for PAYG root" time="0">
    <skipped message="&apos;cucumber.filter.tags=@TC_1048344&apos; did not match this scenario"/>
  </testcase>
  <testcase name="DVT Scenarios for PAYG root - Check Plan and Usage tab" classname="DVT Scenarios for PAYG root" time="0">
    <skipped message="&apos;cucumber.filter.tags=@TC_1048344&apos; did not match this scenario"/>
  </testcase>
  <testcase name="DVT Scenarios for PAYG root - Check Bug a Big Value Bundle" classname="DVT Scenarios for PAYG root" time="0">
    <skipped message="&apos;cucumber.filter.tags=@TC_1048344&apos; did not match this scenario"/>
  </testcase>
  <testcase name="DVT Scenarios for PAYG root - Check Extra bars and caps card from extras" classname="DVT Scenarios for PAYG root" time="0">
    <skipped message="&apos;cucumber.filter.tags=@TC_1048344&apos; did not match this scenario"/>
  </testcase>
  <testcase name="DVT Scenarios for PAYG root - Check subscription overlay header" classname="DVT Scenarios for PAYG root" time="0">
    <skipped message="&apos;cucumber.filter.tags=@TC_1048344&apos; did not match this scenario"/>
  </testcase>
  <testcase name="DVT Scenarios for PAYG root - Validate Privacy Settings Items" classname="DVT Scenarios for PAYG root" time="0">
    <skipped message="&apos;cucumber.filter.tags=@TC_1048344&apos; did not match this scenario"/>
  </testcase>
  <testcase name="DVT Scenarios for PAYG root - Validate low credit card" classname="DVT Scenarios for PAYG root" time="0">
    <skipped message="&apos;cucumber.filter.tags=@TC_1048344&apos; did not match this scenario"/>
  </testcase>
  <testcase name="DVT Scenarios for PAYG root - Check speed test results screen" classname="DVT Scenarios for PAYG root" time="0">
    <skipped message="&apos;cucumber.filter.tags=@TC_1048344&apos; did not match this scenario"/>
  </testcase>
  <testcase name="DVT Scenarios for PAYG root - P1 - Check network section _Functional" classname="DVT Scenarios for PAYG root" time="0">
    <skipped message="&apos;cucumber.filter.tags=@TC_1048344&apos; did not match this scenario"/>
  </testcase>
  <testcase name="DVT Scenarios for PAYG root - Validate Connnected Apps Titles" classname="DVT Scenarios for PAYG root" time="0">
    <skipped message="&apos;cucumber.filter.tags=@TC_1048344&apos; did not match this scenario"/>
  </testcase>
  <testcase name="DVT Scenarios for PAYG root - P1 - Check eshop links" classname="DVT Scenarios for PAYG root" time="0">
    <skipped message="&apos;cucumber.filter.tags=@TC_1048344&apos; did not match this scenario"/>
  </testcase>
  <testcase name="DVT Scenarios for PAYG root - P1 - Check assistance links" classname="DVT Scenarios for PAYG root" time="0">
    <skipped message="&apos;cucumber.filter.tags=@TC_1048344&apos; did not match this scenario"/>
  </testcase>
  <testcase name="CRO Biometric Prompt feature - Validate Full Login with Biometric prompt" classname="CRO Biometric Prompt feature" time="0">
    <skipped message="&apos;cucumber.filter.tags=@TC_1048344&apos; did not match this scenario"/>
  </testcase>
  <testcase name="CRO Biometric Prompt feature - Validate UFL with biometric prompt" classname="CRO Biometric Prompt feature" time="0">
    <skipped message="&apos;cucumber.filter.tags=@TC_1048344&apos; did not match this scenario"/>
  </testcase>
  <testcase name="CRO Biometric Prompt feature - Validate soft login then use account as entry point" classname="CRO Biometric Prompt feature" time="0">
    <skipped message="&apos;cucumber.filter.tags=@TC_1048344&apos; did not match this scenario"/>
  </testcase>
  <testcase name="DX IDM Full Login feature - TC 519809:02_P1_Check the UI after password is entered incorrectly more than 5 times during DX IDM Login and error message appears_UI" classname="DX IDM Full Login feature" time="0">
    <skipped message="&apos;cucumber.filter.tags=@TC_1048344&apos; did not match this scenario"/>
  </testcase>
  <testcase name="DX IDM Full Login feature - Test Case 519810: 4333797.03_P2_Check reset password link journey in account locked message for softlogged in PAYM user_Functional" classname="DX IDM Full Login feature" time="0">
    <skipped message="&apos;cucumber.filter.tags=@TC_1048344&apos; did not match this scenario"/>
  </testcase>
  <testcase name="DX IDM Full Login feature - Check app behavior when click on &quot;Close&quot; CTA in the &quot;locked account&quot; pop up screen" classname="DX IDM Full Login feature" time="0">
    <skipped message="&apos;cucumber.filter.tags=@TC_1048344&apos; did not match this scenario"/>
  </testcase>
  <testcase name="DX IDM Full Login feature - Check app behavior when click on &quot;Reset Password&quot; CTA in the &quot;locked account&quot; pop up screen" classname="DX IDM Full Login feature" time="0">
    <skipped message="&apos;cucumber.filter.tags=@TC_1048344&apos; did not match this scenario"/>
  </testcase>
  <testcase name="DX IDM Full Login feature - Test Case 519672: 310590.01_P1_Check &quot;Forgotten username&quot; Link behavior for softlogged PayM Simple User on the &quot;Enter user name&quot; Screen_FUNC" classname="DX IDM Full Login feature" time="0">
    <skipped message="&apos;cucumber.filter.tags=@TC_1048344&apos; did not match this scenario"/>
  </testcase>
  <testcase name="DX IDM Full Login feature - Test Case 519673: 310590.02_P1_Check &quot;Forgotten username&quot; Link behavior for softlogged PayM Complex User on the &quot;Enter user name&quot; Screen_FUNC" classname="DX IDM Full Login feature" time="0">
    <skipped message="&apos;cucumber.filter.tags=@TC_1048344&apos; did not match this scenario"/>
  </testcase>
  <testcase name="DX IDM Full Login feature - Test Case 519690: 310590.07_P1_Check the behavior for using a Forgotten username Deep link when using a PayM softlogged user_FUNC" classname="DX IDM Full Login feature" time="0">
    <skipped message="&apos;cucumber.filter.tags=@TC_1048344&apos; did not match this scenario"/>
  </testcase>
  <testcase name="DX IDM Full Login feature - Validate Full Login with username and password" classname="DX IDM Full Login feature" time="0">
    <skipped message="&apos;cucumber.filter.tags=@TC_1048344&apos; did not match this scenario"/>
  </testcase>
  <testcase name="DX IDM Full Login feature - Validate Full Login with PIN" classname="DX IDM Full Login feature" time="0">
    <skipped message="&apos;cucumber.filter.tags=@TC_1048344&apos; did not match this scenario"/>
  </testcase>
  <testcase name="DX IDM Full Login feature - Validate Full Login with Biometric" classname="DX IDM Full Login feature" time="0">
    <skipped message="&apos;cucumber.filter.tags=@TC_1048344&apos; did not match this scenario"/>
  </testcase>
  <testcase name="DX IDM Full Login feature - Validate Password Appear After Press Show Password" classname="DX IDM Full Login feature" time="0">
    <skipped message="&apos;cucumber.filter.tags=@TC_1048344&apos; did not match this scenario"/>
  </testcase>
  <testcase name="DX IDM Full Login feature - Validate Password Is Hidden" classname="DX IDM Full Login feature" time="0">
    <skipped message="&apos;cucumber.filter.tags=@TC_1048344&apos; did not match this scenario"/>
  </testcase>
  <testcase name="DX IDM Full Login feature - Validate Physical Back Button not working on Enter your Username screen" classname="DX IDM Full Login feature" time="0">
    <skipped message="&apos;cucumber.filter.tags=@TC_1048344&apos; did not match this scenario"/>
  </testcase>
  <testcase name="DX IDM Full Login feature - Validate Physical Back Button not working on Enter your Password screen" classname="DX IDM Full Login feature" time="0">
    <skipped message="&apos;cucumber.filter.tags=@TC_1048344&apos; did not match this scenario"/>
  </testcase>
  <testcase name="DX IDM Full Login feature - Validate Physical Back Button not working on Login preference screen" classname="DX IDM Full Login feature" time="0">
    <skipped message="&apos;cucumber.filter.tags=@TC_1048344&apos; did not match this scenario"/>
  </testcase>
  <testcase name="DX IDM Full Login feature - Check prepopulation of Username field" classname="DX IDM Full Login feature" time="0">
    <skipped message="&apos;cucumber.filter.tags=@TC_1048344&apos; did not match this scenario"/>
  </testcase>
  <testcase name="DX IDM Full Login feature - Full login" classname="DX IDM Full Login feature" time="0">
    <skipped message="&apos;cucumber.filter.tags=@TC_1048344&apos; did not match this scenario"/>
  </testcase>
  <testcase name="DX IDM change pin feature - Validate Change pin option is displayed" classname="DX IDM change pin feature" time="0">
    <skipped message="&apos;cucumber.filter.tags=@TC_1048344&apos; did not match this scenario"/>
  </testcase>
  <testcase name="DX IDM change pin feature - Validate change pin link functionality" classname="DX IDM change pin feature" time="0">
    <skipped message="&apos;cucumber.filter.tags=@TC_1048344&apos; did not match this scenario"/>
  </testcase>
  <testcase name="DX IDM change pin feature - Validate Enter pin functionality" classname="DX IDM change pin feature" time="0">
    <skipped message="&apos;cucumber.filter.tags=@TC_1048344&apos; did not match this scenario"/>
  </testcase>
  <testcase name="DX IDM change pin feature - Validate Re-Enter pin functionality" classname="DX IDM change pin feature" time="0">
    <skipped message="&apos;cucumber.filter.tags=@TC_1048344&apos; did not match this scenario"/>
  </testcase>
  <testcase name="DX IDM change pin feature - Validate pin successfully updated" classname="DX IDM change pin feature" time="0">
    <skipped message="&apos;cucumber.filter.tags=@TC_1048344&apos; did not match this scenario"/>
  </testcase>
  <testcase name="DX IDM change pin feature - 485354 - Validate change pin when user set preference as PIN" classname="DX IDM change pin feature" time="0">
    <skipped message="&apos;cucumber.filter.tags=@TC_1048344&apos; did not match this scenario"/>
  </testcase>
  <testcase name="DX IDM change pin feature - 485523 - Verify User can login successfully with the new pin after pin change" classname="DX IDM change pin feature" time="0">
    <skipped message="&apos;cucumber.filter.tags=@TC_1048344&apos; did not match this scenario"/>
  </testcase>
  <testcase name="DX IDM change pin feature - 485390 - Validate change pin when user set preference as username/password when hardClose the app" classname="DX IDM change pin feature" time="0">
    <skipped message="&apos;cucumber.filter.tags=@TC_1048344&apos; did not match this scenario"/>
  </testcase>
  <testcase name="DX IDM change pin feature - 486368 - Validate change pin when user set preference as username/password" classname="DX IDM change pin feature" time="0">
    <skipped message="&apos;cucumber.filter.tags=@TC_1048344&apos; did not match this scenario"/>
  </testcase>
  <testcase name="DX IDM change pin feature - 485525 - Validate X icon on change pin screen" classname="DX IDM change pin feature" time="0">
    <skipped message="&apos;cucumber.filter.tags=@TC_1048344&apos; did not match this scenario"/>
  </testcase>
  <testcase name="Forgotten PIN - Test Case 631464: 425167.01_P1_check full flow of reset PIN Journey for soft logged in PayM user with PIN login preference_Functional" classname="Forgotten PIN" time="0">
    <skipped message="&apos;cucumber.filter.tags=@TC_1048344&apos; did not match this scenario"/>
  </testcase>
  <testcase name="Forgotten PIN - Test Case 631465: 425167.04_P1_check behavior when re-entering a Pin that does not match the Pin entered in &quot;Enter new PIN&quot; screen for soft logged in PayM user with Pin login preferences_Functional" classname="Forgotten PIN" time="0">
    <skipped message="&apos;cucumber.filter.tags=@TC_1048344&apos; did not match this scenario"/>
  </testcase>
  <testcase name="Forgotten PIN - check full flow of reset PIN Journey for soft logged in PayM" classname="Forgotten PIN" time="0">
    <skipped message="&apos;cucumber.filter.tags=@TC_1048344&apos; did not match this scenario"/>
  </testcase>
  <testcase name="DX IDM I am MVA user and logged in using full login with PIN - Validate &quot;Continue&quot; CTA after Full login using inValid PIN" classname="DX IDM I am MVA user and logged in using full login with PIN" time="0">
    <skipped message="&apos;cucumber.filter.tags=@TC_1048344&apos; did not match this scenario"/>
  </testcase>
  <testcase name="DX IDM I am MVA user and logged in using full login with PIN - Validate &quot;Continue&quot; CTA after Full login using Valid PIN" classname="DX IDM I am MVA user and logged in using full login with PIN" time="0">
    <skipped message="&apos;cucumber.filter.tags=@TC_1048344&apos; did not match this scenario"/>
  </testcase>
  <testcase name="DX IDM I am MVA user and logged in using full login with PIN - Validate app behavior when try to enter multiple wrong pin" classname="DX IDM I am MVA user and logged in using full login with PIN" time="0">
    <skipped message="&apos;cucumber.filter.tags=@TC_1048344&apos; did not match this scenario"/>
  </testcase>
  <testcase name="DX IDM Full Login With Phone number feature - Validate Full Login with phone number and password with account has single contact" classname="DX IDM Full Login With Phone number feature" time="0">
    <skipped message="&apos;cucumber.filter.tags=@TC_1048344&apos; did not match this scenario"/>
  </testcase>
  <testcase name="DX IDM Full Login With Phone number feature - Validate Full Login with phone number and password with account has multiple contacts with different DOB" classname="DX IDM Full Login With Phone number feature" time="0">
    <skipped message="&apos;cucumber.filter.tags=@TC_1048344&apos; did not match this scenario"/>
  </testcase>
  <testcase name="DX IDM Full Login With Phone number feature - Validate Full Login with phone number and password with account has multiple contacts with same DOB" classname="DX IDM Full Login With Phone number feature" time="0">
    <skipped message="&apos;cucumber.filter.tags=@TC_1048344&apos; did not match this scenario"/>
  </testcase>
  <testcase name="DX IDM Full Login With Phone number feature - Validate Full Login with invalid phone number or password with account has single contact" classname="DX IDM Full Login With Phone number feature" time="0">
    <skipped message="&apos;cucumber.filter.tags=@TC_1048344&apos; did not match this scenario"/>
  </testcase>
  <testcase name="DX IDM Full Login With Phone number feature - Validate DOB error massage when a contact entered invalid DOB during login flow" classname="DX IDM Full Login With Phone number feature" time="0">
    <skipped message="&apos;cucumber.filter.tags=@TC_1048344&apos; did not match this scenario"/>
  </testcase>
  <testcase name="DX IDM Full Login With Phone number feature - Validate first and last name error massage when a contact entered invalid first or last name during login flow" classname="DX IDM Full Login With Phone number feature" time="0">
    <skipped message="&apos;cucumber.filter.tags=@TC_1048344&apos; did not match this scenario"/>
  </testcase>
  <testcase name="Handling New Cookies Behavior For SSO - Check app behavior when user open any DXIDM webview for the first Time  when open app with soft login" classname="Handling New Cookies Behavior For SSO" time="0">
    <skipped message="&apos;cucumber.filter.tags=@TC_1048344&apos; did not match this scenario"/>
  </testcase>
  <testcase name="Handling New Cookies Behavior For SSO - Check app behavior after user accepting the Cookie permission for the first time then open the webview again or any other different webview when open app with soft login" classname="Handling New Cookies Behavior For SSO" time="0">
    <skipped message="&apos;cucumber.filter.tags=@TC_1048344&apos; did not match this scenario"/>
  </testcase>
  <testcase name="Handling New Cookies Behavior For SSO - Check app behavior after user accepting the Cookie permission for the first time then Hard Close the app and open the webview again or any other different webview when open app with soft login" classname="Handling New Cookies Behavior For SSO" time="0">
    <skipped message="&apos;cucumber.filter.tags=@TC_1048344&apos; did not match this scenario"/>
  </testcase>
  <testcase name="Handling New Cookies Behavior For SSO - Check app behavior when user open any DXIDM webview after accepting it before when open app with UFL Fun" classname="Handling New Cookies Behavior For SSO" time="0">
    <skipped message="&apos;cucumber.filter.tags=@TC_1048344&apos; did not match this scenario"/>
  </testcase>
  <testcase name="DX IDM other users welcome flow feature - 252540_02_P3_Verify the App behaviour when launch the App as a new Voxi user on 4G_UI" classname="DX IDM other users welcome flow feature" time="0">
    <skipped message="&apos;cucumber.filter.tags=@TC_1048344&apos; did not match this scenario"/>
  </testcase>
  <testcase name="DX IDM other users welcome flow feature - 252540_04_P2_Check Target of &quot;Return to my Vodafone&quot; CTA on &quot;Hello,Friend&quot; Overlay_Functional" classname="DX IDM other users welcome flow feature" time="0">
    <skipped message="&apos;cucumber.filter.tags=@TC_1048344&apos; did not match this scenario"/>
  </testcase>
  <testcase name="DX IDM other users welcome flow feature - Test Case 506745: 309986.01_P1_Check app behavior when a Partner managed user on 4G Connection access the app_Functional" classname="DX IDM other users welcome flow feature" time="0">
    <skipped message="&apos;cucumber.filter.tags=@TC_1048344&apos; did not match this scenario"/>
  </testcase>
  <testcase name="DX IDM other users welcome flow feature - Test Case 506748: 309986.04_P1_Check the app behavior of &quot;X&quot; icon in &quot;Hello, friend&quot; screen_Functional" classname="DX IDM other users welcome flow feature" time="0">
    <skipped message="&apos;cucumber.filter.tags=@TC_1048344&apos; did not match this scenario"/>
  </testcase>
  <testcase name="DX IDM other users welcome flow feature - Test Case 506753: 309986.09_P1_Check Tobi behavior in the acquisition dashboard_Functional" classname="DX IDM other users welcome flow feature" time="0">
    <skipped message="&apos;cucumber.filter.tags=@TC_1048344&apos; did not match this scenario"/>
  </testcase>
  <testcase name="DX IDM other users welcome flow feature - 252540_11_P1_Check &quot;Settings&quot; Target from the acquisition dashboard_Functional" classname="DX IDM other users welcome flow feature" time="0">
    <skipped message="&apos;cucumber.filter.tags=@TC_1048344&apos; did not match this scenario"/>
  </testcase>
  <testcase name="DX IDM other users welcome flow feature - 276979_05.check app behaviour when user click on Setting CTA from Acquisition Dashboard Tray" classname="DX IDM other users welcome flow feature" time="0">
    <skipped message="&apos;cucumber.filter.tags=@TC_1048344&apos; did not match this scenario"/>
  </testcase>
  <testcase name="DX IDM other users welcome flow feature - 252540_12_P1_Check &quot;My Account&quot; Target from the acquisition dashboard_Functional" classname="DX IDM other users welcome flow feature" time="0">
    <skipped message="&apos;cucumber.filter.tags=@TC_1048344&apos; did not match this scenario"/>
  </testcase>
  <testcase name="DX IDM other users welcome flow feature - 252540_06_P2_Check the app behavior when hard close the app in &quot;Hello, friend&quot; screen and relaunch it again_Functional" classname="DX IDM other users welcome flow feature" time="0">
    <skipped message="&apos;cucumber.filter.tags=@TC_1048344&apos; did not match this scenario"/>
  </testcase>
  <testcase name="DX IDM other users welcome flow feature - 252540_07_P2_Check the app behavior when hard close the app in Acquistion dashboard screen and relaunch it again_Functional" classname="DX IDM other users welcome flow feature" time="0">
    <skipped message="&apos;cucumber.filter.tags=@TC_1048344&apos; did not match this scenario"/>
  </testcase>
  <testcase name="DX IDM other users welcome flow feature - Test Case 519692: 310590.08_P1_Check the behavior for using a Forgotten username Deep link when using unknown user on WiFi_FUNC" classname="DX IDM other users welcome flow feature" time="0">
    <skipped message="&apos;cucumber.filter.tags=@TC_1048344&apos; did not match this scenario"/>
  </testcase>
  <testcase name="DX IDM other users welcome flow feature - Check Hello, friend Screen Content With Unknown User On Wifi Connection" classname="DX IDM other users welcome flow feature" time="0">
    <skipped message="&apos;cucumber.filter.tags=@TC_1048344&apos; did not match this scenario"/>
  </testcase>
  <testcase name="DX IDM other users welcome flow feature - Check Target of Return to my vodafone CTA With Unknown User On Wifi Connection" classname="DX IDM other users welcome flow feature" time="0">
    <skipped message="&apos;cucumber.filter.tags=@TC_1048344&apos; did not match this scenario"/>
  </testcase>
  <testcase name="DX IDM other users welcome flow feature - Check App Behavior After HardClose in Hello Friend Screen" classname="DX IDM other users welcome flow feature" time="0">
    <skipped message="&apos;cucumber.filter.tags=@TC_1048344&apos; did not match this scenario"/>
  </testcase>
  <testcase name="SSO journeys to eCare for Subscriptions switching - SSo Subscriptions Switching &quot;SMP MPS&quot; Over WIFI" classname="SSO journeys to eCare for Subscriptions switching" time="0">
    <skipped message="&apos;cucumber.filter.tags=@TC_1048344&apos; did not match this scenario"/>
  </testcase>
  <testcase name="SSO journeys to eCare for Subscriptions switching - SSo Subscriptions Switching &quot;Consumer MPS&quot; Over WIFI" classname="SSO journeys to eCare for Subscriptions switching" time="0">
    <skipped message="&apos;cucumber.filter.tags=@TC_1048344&apos; did not match this scenario"/>
  </testcase>
  <testcase name="SSO journeys to eCare for Subscriptions switching - SSo Subscriptions Switching &quot;SMB MBB&quot; Over 3G" classname="SSO journeys to eCare for Subscriptions switching" time="0">
    <skipped message="&apos;cucumber.filter.tags=@TC_1048344&apos; did not match this scenario"/>
  </testcase>
  <testcase name="SSO journeys to eCare for Subscriptions switching - SSo Subscriptions Switching &quot;SoleTrader MBB&quot; Over 3G" classname="SSO journeys to eCare for Subscriptions switching" time="0">
    <skipped message="&apos;cucumber.filter.tags=@TC_1048344&apos; did not match this scenario"/>
  </testcase>
  <testcase name="SSO journeys to eCare for Subscriptions switching - SSo Subscriptions Switching &quot;FLN&quot; Over WIFI" classname="SSO journeys to eCare for Subscriptions switching" time="0">
    <skipped message="&apos;cucumber.filter.tags=@TC_1048344&apos; did not match this scenario"/>
  </testcase>
  <testcase name="SSO journeys to eCare for Subscriptions switching - SSo Subscriptions Switching &quot;HBB&quot; Over WIFI" classname="SSO journeys to eCare for Subscriptions switching" time="0">
    <skipped message="&apos;cucumber.filter.tags=@TC_1048344&apos; did not match this scenario"/>
  </testcase>
  <testcase name="DX IDM Soft Login feature - Check back icon on &quot;Verify your account&quot; screen" classname="DX IDM Soft Login feature" time="0">
    <skipped message="&apos;cucumber.filter.tags=@TC_1048344&apos; did not match this scenario"/>
  </testcase>
  <testcase name="DX IDM Soft Login feature - Check back icon on &quot;Reset your password&quot; screen" classname="DX IDM Soft Login feature" time="0">
    <skipped message="&apos;cucumber.filter.tags=@TC_1048344&apos; did not match this scenario"/>
  </testcase>
  <testcase name="DX IDM Soft Login feature - Check opening the app by clicking the app icon after softclose" classname="DX IDM Soft Login feature" time="0">
    <skipped message="&apos;cucumber.filter.tags=@TC_1048344&apos; did not match this scenario"/>
  </testcase>
  <testcase name="DX IDM Soft Login feature - Validate Dashboard appears after Soft Login" classname="DX IDM Soft Login feature" time="0">
    <skipped message="&apos;cucumber.filter.tags=@TC_1048344&apos; did not match this scenario"/>
  </testcase>
  <testcase name="DX IDM UFL flow feature - Validate Username Screen Content" classname="DX IDM UFL flow feature" time="0">
    <skipped message="&apos;cucumber.filter.tags=@TC_1048344&apos; did not match this scenario"/>
  </testcase>
  <testcase name="DX IDM UFL flow feature - Check App behavior After Softclose In Username Screen" classname="DX IDM UFL flow feature" time="0">
    <skipped message="&apos;cucumber.filter.tags=@TC_1048344&apos; did not match this scenario"/>
  </testcase>
  <testcase name="DX IDM UFL flow feature - Check Behavior of X Button In Username Screen" classname="DX IDM UFL flow feature" time="0">
    <skipped message="&apos;cucumber.filter.tags=@TC_1048344&apos; did not match this scenario"/>
  </testcase>
  <testcase name="DX IDM UFL flow feature - Validate Password Screen Content" classname="DX IDM UFL flow feature" time="0">
    <skipped message="&apos;cucumber.filter.tags=@TC_1048344&apos; did not match this scenario"/>
  </testcase>
  <testcase name="DX IDM UFL flow feature - Check App Behavior After Softclose In Password Screen" classname="DX IDM UFL flow feature" time="0">
    <skipped message="&apos;cucumber.filter.tags=@TC_1048344&apos; did not match this scenario"/>
  </testcase>
  <testcase name="DX IDM UFL flow feature - Check Behavior of X Button In Password Screen" classname="DX IDM UFL flow feature" time="0">
    <skipped message="&apos;cucumber.filter.tags=@TC_1048344&apos; did not match this scenario"/>
  </testcase>
  <testcase name="DX IDM UFL flow feature - Validate Request Security Code Screen Content" classname="DX IDM UFL flow feature" time="0">
    <skipped message="&apos;cucumber.filter.tags=@TC_1048344&apos; did not match this scenario"/>
  </testcase>
  <testcase name="DX IDM UFL flow feature - Check Chat To Us Functionality In Request Security Code screen" classname="DX IDM UFL flow feature" time="0">
    <skipped message="&apos;cucumber.filter.tags=@TC_1048344&apos; did not match this scenario"/>
  </testcase>
  <testcase name="DX IDM UFL flow feature - Validate Enter Security Code Screen Content" classname="DX IDM UFL flow feature" time="0">
    <skipped message="&apos;cucumber.filter.tags=@TC_1048344&apos; did not match this scenario"/>
  </testcase>
  <testcase name="DX IDM UFL flow feature - Check Physical Back Button In Enter Security Code Screen" classname="DX IDM UFL flow feature" time="0">
    <skipped message="&apos;cucumber.filter.tags=@TC_1048344&apos; did not match this scenario"/>
  </testcase>
  <testcase name="DX IDM UFL flow feature - Validate Choose Account Screen Content" classname="DX IDM UFL flow feature" time="0">
    <skipped message="&apos;cucumber.filter.tags=@TC_1048344&apos; did not match this scenario"/>
  </testcase>
  <testcase name="DX IDM UFL flow feature - Check Behavior of X Button In Choose Account Screen" classname="DX IDM UFL flow feature" time="0">
    <skipped message="&apos;cucumber.filter.tags=@TC_1048344&apos; did not match this scenario"/>
  </testcase>
  <testcase name="DX IDM UFL flow feature - Validate Choose Plan Screen Content" classname="DX IDM UFL flow feature" time="0">
    <skipped message="&apos;cucumber.filter.tags=@TC_1048344&apos; did not match this scenario"/>
  </testcase>
  <testcase name="DX IDM UFL flow feature - Check Behavior of X Button In Choose Plan Screen" classname="DX IDM UFL flow feature" time="0">
    <skipped message="&apos;cucumber.filter.tags=@TC_1048344&apos; did not match this scenario"/>
  </testcase>
  <testcase name="DX IDM UFL flow feature - Validate Login Preferences Screen Content" classname="DX IDM UFL flow feature" time="0">
    <skipped message="&apos;cucumber.filter.tags=@TC_1048344&apos; did not match this scenario"/>
  </testcase>
  <testcase name="DX IDM UFL flow feature - Check App Behavior After SoftClose in Login Preference screen" classname="DX IDM UFL flow feature" time="0">
    <skipped message="&apos;cucumber.filter.tags=@TC_1048344&apos; did not match this scenario"/>
  </testcase>
  <testcase name="DX IDM UFL flow feature - Check App Behavior After HardClose in Login Preference screen" classname="DX IDM UFL flow feature" time="0">
    <skipped message="&apos;cucumber.filter.tags=@TC_1048344&apos; did not match this scenario"/>
  </testcase>
  <testcase name="DX IDM UFL flow feature - Select Login Preferences As PIN" classname="DX IDM UFL flow feature" time="0">
    <skipped message="&apos;cucumber.filter.tags=@TC_1048344&apos; did not match this scenario"/>
  </testcase>
  <testcase name="DX IDM UFL flow feature - Select Login Preferences As Username and Password" classname="DX IDM UFL flow feature" time="0">
    <skipped message="&apos;cucumber.filter.tags=@TC_1048344&apos; did not match this scenario"/>
  </testcase>
  <testcase name="DX IDM UFL flow feature - Validate Physical Back Button not working on Enter your Username screen" classname="DX IDM UFL flow feature" time="0">
    <skipped message="&apos;cucumber.filter.tags=@TC_1048344&apos; did not match this scenario"/>
  </testcase>
  <testcase name="DX IDM UFL flow feature - Validate Physical Back Button not working on Enter your Password screen" classname="DX IDM UFL flow feature" time="0">
    <skipped message="&apos;cucumber.filter.tags=@TC_1048344&apos; did not match this scenario"/>
  </testcase>
  <testcase name="DX IDM UFL flow feature - Validate Physical Back Button not working on Requested security code screen" classname="DX IDM UFL flow feature" time="0">
    <skipped message="&apos;cucumber.filter.tags=@TC_1048344&apos; did not match this scenario"/>
  </testcase>
  <testcase name="DX IDM UFL flow feature - Validate Physical Back Button not working on Enter security code screen" classname="DX IDM UFL flow feature" time="0">
    <skipped message="&apos;cucumber.filter.tags=@TC_1048344&apos; did not match this scenario"/>
  </testcase>
  <testcase name="DX IDM UFL flow feature - Validate Physical Back Button not working on Choose account  screen" classname="DX IDM UFL flow feature" time="0">
    <skipped message="&apos;cucumber.filter.tags=@TC_1048344&apos; did not match this scenario"/>
  </testcase>
  <testcase name="DX IDM UFL flow feature - Validate Physical Back Button not working on Choose plan screen" classname="DX IDM UFL flow feature" time="0">
    <skipped message="&apos;cucumber.filter.tags=@TC_1048344&apos; did not match this scenario"/>
  </testcase>
  <testcase name="DX IDM UFL flow feature - Validate Physical Back Button not working on Login preference screen" classname="DX IDM UFL flow feature" time="0">
    <skipped message="&apos;cucumber.filter.tags=@TC_1048344&apos; did not match this scenario"/>
  </testcase>
  <testcase name="DX IDM UFL flow feature - Validate Physical Back Button not working on forgotten username screen" classname="DX IDM UFL flow feature" time="0">
    <skipped message="&apos;cucumber.filter.tags=@TC_1048344&apos; did not match this scenario"/>
  </testcase>
  <testcase name="DX IDM UFL flow feature - Validate Physical Back Button not working on forgotten Password screen" classname="DX IDM UFL flow feature" time="0">
    <skipped message="&apos;cucumber.filter.tags=@TC_1048344&apos; did not match this scenario"/>
  </testcase>
  <testcase name="DX IDM UFL flow feature - Validate app opens External webview after click on forgotten username" classname="DX IDM UFL flow feature" time="0">
    <skipped message="&apos;cucumber.filter.tags=@TC_1048344&apos; did not match this scenario"/>
  </testcase>
  <testcase name="DX IDM UFL flow feature - Check UFL flow for user has one account with many subscriptions" classname="DX IDM UFL flow feature" time="0">
    <skipped message="&apos;cucumber.filter.tags=@TC_1048344&apos; did not match this scenario"/>
  </testcase>
  <testcase name="DX IDM UFL flow feature - Check Account Subscription journey for a User with multiple accounts with multiple users" classname="DX IDM UFL flow feature" time="0">
    <skipped message="&apos;cucumber.filter.tags=@TC_1048344&apos; did not match this scenario"/>
  </testcase>
  <testcase name="DX IDM UFL flow feature - Check prepopulation of Username field" classname="DX IDM UFL flow feature" time="0">
    <skipped message="&apos;cucumber.filter.tags=@TC_1048344&apos; did not match this scenario"/>
  </testcase>
  <testcase name="DX IDM UFL flow feature - UFL" classname="DX IDM UFL flow feature" time="0">
    <skipped message="&apos;cucumber.filter.tags=@TC_1048344&apos; did not match this scenario"/>
  </testcase>
  <testcase name="DX IDM UFL flow feature - Validate UFL Login with phone number and password with account has single contact" classname="DX IDM UFL flow feature" time="0">
    <skipped message="&apos;cucumber.filter.tags=@TC_1048344&apos; did not match this scenario"/>
  </testcase>
  <testcase name="DX IDM UFL flow feature - Validate UFL Login with phone number and password with account has multiple contacts with different DOB" classname="DX IDM UFL flow feature" time="0">
    <skipped message="&apos;cucumber.filter.tags=@TC_1048344&apos; did not match this scenario"/>
  </testcase>
  <testcase name="DX IDM UFL flow feature - Validate UFL Login with phone number and password with account has multiple contacts with same DOB" classname="DX IDM UFL flow feature" time="0">
    <skipped message="&apos;cucumber.filter.tags=@TC_1048344&apos; did not match this scenario"/>
  </testcase>
  <testcase name="Normal DX IDM welcome flow feature - Validate Welcome screen content" classname="Normal DX IDM welcome flow feature" time="0">
    <skipped message="&apos;cucumber.filter.tags=@TC_1048344&apos; did not match this scenario"/>
  </testcase>
  <testcase name="Normal DX IDM welcome flow feature - Validate Privacy screen content and functionality" classname="Normal DX IDM welcome flow feature" time="0">
    <skipped message="&apos;cucumber.filter.tags=@TC_1048344&apos; did not match this scenario"/>
  </testcase>
  <testcase name="Normal DX IDM welcome flow feature - Validate Permission screen content" classname="Normal DX IDM welcome flow feature" time="0">
    <skipped message="&apos;cucumber.filter.tags=@TC_1048344&apos; did not match this scenario"/>
  </testcase>
  <testcase name="Normal DX IDM welcome flow feature - Validate Usage Access popup content" classname="Normal DX IDM welcome flow feature" time="0">
    <skipped message="&apos;cucumber.filter.tags=@TC_1048344&apos; did not match this scenario"/>
  </testcase>
  <testcase name="Normal DX IDM welcome flow feature - Validate Login screen content" classname="Normal DX IDM welcome flow feature" time="0">
    <skipped message="&apos;cucumber.filter.tags=@TC_1048344&apos; did not match this scenario"/>
  </testcase>
  <testcase name="First Time Users&apos; Welcome Flow - One Trust Feature - Validate the &apos;Welcome&apos; screen" classname="First Time Users&apos; Welcome Flow - One Trust Feature" time="0">
    <skipped message="&apos;cucumber.filter.tags=@TC_1048344&apos; did not match this scenario"/>
  </testcase>
  <testcase name="First Time Users&apos; Welcome Flow - One Trust Feature - Validate the &apos;Before you get started&apos; screen" classname="First Time Users&apos; Welcome Flow - One Trust Feature" time="0">
    <skipped message="&apos;cucumber.filter.tags=@TC_1048344&apos; did not match this scenario"/>
  </testcase>
  <testcase name="First Time Users&apos; Welcome Flow - One Trust Feature - Check when user tries to click on &apos;Continue&apos; CTA without agreeing to &apos;Ts&amp;Cs&apos; in &apos;Before You Get Started&apos; screen" classname="First Time Users&apos; Welcome Flow - One Trust Feature" time="0">
    <skipped message="&apos;cucumber.filter.tags=@TC_1048344&apos; did not match this scenario"/>
  </testcase>
  <testcase name="First Time Users&apos; Welcome Flow - One Trust Feature - Check app behavior when I click on the &apos;back&apos; CTA in &apos;Before you get started&apos; screen" classname="First Time Users&apos; Welcome Flow - One Trust Feature" time="0">
    <skipped message="&apos;cucumber.filter.tags=@TC_1048344&apos; did not match this scenario"/>
  </testcase>
  <testcase name="First Time Users&apos; Welcome Flow - One Trust Feature - Check app behavior when I toggle on the &apos;Agree to Ts&amp;Cs&apos; toggle" classname="First Time Users&apos; Welcome Flow - One Trust Feature" time="0">
    <skipped message="&apos;cucumber.filter.tags=@TC_1048344&apos; did not match this scenario"/>
  </testcase>
  <testcase name="First Time Users&apos; Welcome Flow - One Trust Feature - Check app behavior when user clicks on &apos;Terms and Conditions&apos; link in Before You Get Started&apos; screen" classname="First Time Users&apos; Welcome Flow - One Trust Feature" time="0">
    <skipped message="&apos;cucumber.filter.tags=@TC_1048344&apos; did not match this scenario"/>
  </testcase>
  <testcase name="First Time Users&apos; Welcome Flow - One Trust Feature - Check app behavior when I click on the &apos;back&apos; CTA in &apos;We Value Your Privacy&apos; screen" classname="First Time Users&apos; Welcome Flow - One Trust Feature" time="0">
    <skipped message="&apos;cucumber.filter.tags=@TC_1048344&apos; did not match this scenario"/>
  </testcase>
  <testcase name="First Time Users&apos; Welcome Flow - One Trust Feature - P1_Check UI &amp; back arrow for &quot;Cookie Permissions&quot; screen_UI" classname="First Time Users&apos; Welcome Flow - One Trust Feature" time="0">
    <skipped message="&apos;cucumber.filter.tags=@TC_1048344&apos; did not match this scenario"/>
  </testcase>
  <testcase name="First Time Users&apos; Welcome Flow - One Trust Feature - P1_Check Toggle ON/OFF for all cookies in &quot;Cookie Permissions&quot; screen_FUN" classname="First Time Users&apos; Welcome Flow - One Trust Feature" time="0">
    <skipped message="&apos;cucumber.filter.tags=@TC_1048344&apos; did not match this scenario"/>
  </testcase>
  <testcase name="First Time Users&apos; Welcome Flow - One Trust Feature - P2_Check expand/collapse all cookies cards in &quot;Cookie Permissions&quot; screen_FUN" classname="First Time Users&apos; Welcome Flow - One Trust Feature" time="0">
    <skipped message="&apos;cucumber.filter.tags=@TC_1048344&apos; did not match this scenario"/>
  </testcase>
  <testcase name="First Time Users&apos; Welcome Flow - One Trust Feature - Validate &quot;App Privacy Supplement&quot; Screen" classname="First Time Users&apos; Welcome Flow - One Trust Feature" time="0">
    <skipped message="&apos;cucumber.filter.tags=@TC_1048344&apos; did not match this scenario"/>
  </testcase>
  <testcase name="First Time Users&apos; Welcome Flow - One Trust Feature - Check UI of &quot;Our network and service&quot; screen without tapping on &quot;Network Improvements&quot; toggle" classname="First Time Users&apos; Welcome Flow - One Trust Feature" time="0">
    <skipped message="&apos;cucumber.filter.tags=@TC_1048344&apos; did not match this scenario"/>
  </testcase>
  <testcase name="First Time Users&apos; Welcome Flow - One Trust Feature - Check app behavior when user taps on &quot;Accept all&quot; CTA in &quot;Cookie Permissions&quot; screen" classname="First Time Users&apos; Welcome Flow - One Trust Feature" time="0">
    <skipped message="&apos;cucumber.filter.tags=@TC_1048344&apos; did not match this scenario"/>
  </testcase>
  <testcase name="First Time Users&apos; Welcome Flow - One Trust Feature - Check app behavior when user taps on &quot;Continue&quot; CTA in &quot;Cookie Permissions&quot; screen without opting in &quot;Performance Cookies&quot; permission" classname="First Time Users&apos; Welcome Flow - One Trust Feature" time="0">
    <skipped message="&apos;cucumber.filter.tags=@TC_1048344&apos; did not match this scenario"/>
  </testcase>
  <testcase name="First Time Users&apos; Welcome Flow - One Trust Feature - Check app behavior when user taps on &quot;Continue&quot; CTA in &quot;Cookie Permissions&quot; screen with opting in &quot;Performance Cookies&quot; permission" classname="First Time Users&apos; Welcome Flow - One Trust Feature" time="0">
    <skipped message="&apos;cucumber.filter.tags=@TC_1048344&apos; did not match this scenario"/>
  </testcase>
  <testcase name="First Time Users&apos; Welcome Flow - One Trust Feature - Check app behavior when user taps on &quot;Performance Cookies&quot; Link in &quot;Our network and service&quot; screen" classname="First Time Users&apos; Welcome Flow - One Trust Feature" time="0">
    <skipped message="&apos;cucumber.filter.tags=@TC_1048344&apos; did not match this scenario"/>
  </testcase>
  <testcase name="First Time Users&apos; Welcome Flow - One Trust Feature - Check app behavior when user taps on the back icon of &quot;Cookie Permissions&quot; screen after redirecting from &quot;Our network and service&quot; screen" classname="First Time Users&apos; Welcome Flow - One Trust Feature" time="0">
    <skipped message="&apos;cucumber.filter.tags=@TC_1048344&apos; did not match this scenario"/>
  </testcase>
  <testcase name="First Time Users&apos; Welcome Flow - One Trust Feature - Validate &apos;Get the best experience&apos; screen content with opting in/out &quot;Targeting Cookies&quot; permission from Manage Cookies" classname="First Time Users&apos; Welcome Flow - One Trust Feature" time="0">
    <skipped message="&apos;cucumber.filter.tags=@TC_1048344&apos; did not match this scenario"/>
  </testcase>
  <testcase name="First Time Users&apos; Welcome Flow - One Trust Feature - Validate &apos;Get the best experience&apos; screen content with opting out &quot;Targeting Cookies&quot; permission by Accept All Cookies" classname="First Time Users&apos; Welcome Flow - One Trust Feature" time="0">
    <skipped message="&apos;cucumber.filter.tags=@TC_1048344&apos; did not match this scenario"/>
  </testcase>
  <testcase name="First Time Users&apos; Welcome Flow - One Trust Feature - Validate &apos;Get the best experience&apos; screen content with Targeting Cookies opted out from &apos;We Value your privacy&apos; screen" classname="First Time Users&apos; Welcome Flow - One Trust Feature" time="0">
    <skipped message="&apos;cucumber.filter.tags=@TC_1048344&apos; did not match this scenario"/>
  </testcase>
  <testcase name="First Time Users&apos; Welcome Flow - One Trust Feature - Check &apos;Continue&apos; CTA in &apos;Get the best experience&apos; screen" classname="First Time Users&apos; Welcome Flow - One Trust Feature" time="0">
    <skipped message="&apos;cucumber.filter.tags=@TC_1048344&apos; did not match this scenario"/>
  </testcase>
  <testcase name="First Time Users&apos; Welcome Flow - One Trust Feature - Check app behavior when user taps on &quot;Targeting Cookies&quot; Link in &quot;Get the best experience&quot; screen" classname="First Time Users&apos; Welcome Flow - One Trust Feature" time="0">
    <skipped message="&apos;cucumber.filter.tags=@TC_1048344&apos; did not match this scenario"/>
  </testcase>
  <testcase name="First Time Users&apos; Welcome Flow - One Trust Feature - Check Cookie Policy&apos;s screen" classname="First Time Users&apos; Welcome Flow - One Trust Feature" time="0">
    <skipped message="&apos;cucumber.filter.tags=@TC_1048344&apos; did not match this scenario"/>
  </testcase>
  <testcase name="Allowance Tile - P1 - Check view all allowances card using user has one allowance card _Functional" classname="Allowance Tile" time="0">
    <skipped message="&apos;cucumber.filter.tags=@TC_1048344&apos; did not match this scenario"/>
  </testcase>
  <testcase name="Assistance links - P1 - Check Assistance and network section ordering _Functional" classname="Assistance links" time="0">
    <skipped message="&apos;cucumber.filter.tags=@TC_1048344&apos; did not match this scenario"/>
  </testcase>
  <testcase name="Assistance links - P1 - Check app behavior when there are more than five items _Functional" classname="Assistance links" time="0">
    <skipped message="&apos;cucumber.filter.tags=@TC_1048344&apos; did not match this scenario"/>
  </testcase>
  <testcase name="Assistance links - P1 - Check when tap on each item, it redirect the user to the correct screen _Functional" classname="Assistance links" time="0">
    <skipped message="&apos;cucumber.filter.tags=@TC_1048344&apos; did not match this scenario"/>
  </testcase>
  <testcase name="Assistance links - P1 - Check the Notification is removed from assistance links _Functional" classname="Assistance links" time="0">
    <skipped message="&apos;cucumber.filter.tags=@TC_1048344&apos; did not match this scenario"/>
  </testcase>
  <testcase name="Assistance links - P1 - Check Assistance Links section ordering After Notification is removed _Functional" classname="Assistance links" time="0">
    <skipped message="&apos;cucumber.filter.tags=@TC_1048344&apos; did not match this scenario"/>
  </testcase>
  <testcase name="Assistance links - P1 - Check TradeIn Link and Connect another device is removed from assistance link _Functional" classname="Assistance links" time="0">
    <skipped message="&apos;cucumber.filter.tags=@TC_1048344&apos; did not match this scenario"/>
  </testcase>
  <testcase name="Assistance links - P1 - Check Assistance Links section there are less than three items" classname="Assistance links" time="0">
    <skipped message="&apos;cucumber.filter.tags=@TC_1048344&apos; did not match this scenario"/>
  </testcase>
  <testcase name="Assistance links - Check Battery refresh for Child in assistance links_FUN" classname="Assistance links" time="0">
    <skipped message="&apos;cucumber.filter.tags=@TC_1048344&apos; did not match this scenario"/>
  </testcase>
  <testcase name="Assistance links - Check V Hub Advisory Journey open successfully with SMB User has child" classname="Assistance links" time="0">
    <skipped message="&apos;cucumber.filter.tags=@TC_1048344&apos; did not match this scenario"/>
  </testcase>
  <testcase name="Assistance links - Check Battery refresh for PayG in assistance links" classname="Assistance links" time="0">
    <skipped message="&apos;cucumber.filter.tags=@TC_1048344&apos; did not match this scenario"/>
  </testcase>
  <testcase name="B2B Remove Blocking Card - TC01_Check existence of &quot;Upgrade now&quot; CTA of a bingo user has unpaid Primary loan and eligible for upgrade" classname="B2B Remove Blocking Card" time="0">
    <skipped message="&apos;cucumber.filter.tags=@TC_1048344&apos; did not match this scenario"/>
  </testcase>
  <testcase name="Charges Card - Test Case 86688: P1 - Check current charges tile UI is displayed as UI reference (Current charges , CTN , Amount ,Footer , Dates)_UI" classname="Charges Card" time="0">
    <skipped message="&apos;cucumber.filter.tags=@TC_1048344&apos; did not match this scenario"/>
  </testcase>
  <testcase name="Discover Offers V2 actions - TC01_Check app behavior when Chordiant offer is accepted from Discover section_Functional" classname="Discover Offers V2 actions" time="0">
    <skipped message="&apos;cucumber.filter.tags=@TC_1048344&apos; did not match this scenario"/>
  </testcase>
  <testcase name="Discover Offers V2 actions - TC02_Check app behavior when a Chordiant offer is declined in Discover section_Functional" classname="Discover Offers V2 actions" time="0">
    <skipped message="&apos;cucumber.filter.tags=@TC_1048344&apos; did not match this scenario"/>
  </testcase>
  <testcase name="Connected Apps - Test Case 601790: P1 - Check UI of connected apps section (icon - title - button)_UI" classname="Connected Apps" time="0">
    <skipped message="&apos;cucumber.filter.tags=@TC_1048344&apos; did not match this scenario"/>
  </testcase>
  <testcase name="Control Tiles - 126839.01_P1_Check control tiles on dashboard screen and app behaviour when click on control tiles for PAYM,SMB,SOLETRADER,Red+Leader,PAYM MBB user_functional" classname="Control Tiles" time="0">
    <skipped message="&apos;cucumber.filter.tags=@TC_1048344&apos; did not match this scenario"/>
  </testcase>
  <testcase name="Control Tiles - Validate low credit card for PayG" classname="Control Tiles" time="0">
    <skipped message="&apos;cucumber.filter.tags=@TC_1048344&apos; did not match this scenario"/>
  </testcase>
  <testcase name="Control Tiles - Validate Yellow Lozenge credit when a PayG user have a credit greater than or equal 5 pounds" classname="Control Tiles" time="0">
    <skipped message="&apos;cucumber.filter.tags=@TC_1048344&apos; did not match this scenario"/>
  </testcase>
  <testcase name="Control Tiles - Check the UI of the credit tile when a PayG child user landed on the main dashboard" classname="Control Tiles" time="0">
    <skipped message="&apos;cucumber.filter.tags=@TC_1048344&apos; did not match this scenario"/>
  </testcase>
  <testcase name="Control Tiles - Check the Dashboard Tiles for HBB user" classname="Control Tiles" time="0">
    <skipped message="&apos;cucumber.filter.tags=@TC_1048344&apos; did not match this scenario"/>
  </testcase>
  <testcase name="Control Tiles - Check &quot;Your Plan&quot; tile when a PayM consumer user is eligible for SIMOFLEX upgrade_Functional" classname="Control Tiles" time="0">
    <skipped message="&apos;cucumber.filter.tags=@TC_1048344&apos; did not match this scenario"/>
  </testcase>
  <testcase name="Control Tiles - Check the Airtime current charges Tiles for Bingo user" classname="Control Tiles" time="0">
    <skipped message="&apos;cucumber.filter.tags=@TC_1048344&apos; did not match this scenario"/>
  </testcase>
  <testcase name="Control Tiles - Check &quot;Manage Controls &amp; Extras&quot; tile in Bingo Dashboard" classname="Control Tiles" time="0">
    <skipped message="&apos;cucumber.filter.tags=@TC_1048344&apos; did not match this scenario"/>
  </testcase>
  <testcase name="Discover Offers - Validate Discover Offers Displayed" classname="Discover Offers" time="0">
    <skipped message="&apos;cucumber.filter.tags=@TC_1048344&apos; did not match this scenario"/>
  </testcase>
  <testcase name="Discover Offers - Validate Discover Offers Is Opened in custom tab" classname="Discover Offers" time="0">
    <skipped message="&apos;cucumber.filter.tags=@TC_1048344&apos; did not match this scenario"/>
  </testcase>
  <testcase name="Discover Offers - Check the availability of &quot;View All&quot; CTA on the dashboard  when the user has Less than or equal to 3 offers_FUN" classname="Discover Offers" time="0">
    <skipped message="&apos;cucumber.filter.tags=@TC_1048344&apos; did not match this scenario"/>
  </testcase>
  <testcase name="Discover Offers - Validate View All screen After tapping on View All CTA is Displayed" classname="Discover Offers" time="0">
    <skipped message="&apos;cucumber.filter.tags=@TC_1048344&apos; did not match this scenario"/>
  </testcase>
  <testcase name="Discover Offers - Check View All offers screen when the user accept or view the offer _FUN" classname="Discover Offers" time="0">
    <skipped message="&apos;cucumber.filter.tags=@TC_1048344&apos; did not match this scenario"/>
  </testcase>
  <testcase name="Discover Offers - Check &quot;Discover offers&quot; at the dashboard  when the user declined an offer from &quot;View All offers screen&quot; _FUN" classname="Discover Offers" time="0">
    <skipped message="&apos;cucumber.filter.tags=@TC_1048344&apos; did not match this scenario"/>
  </testcase>
  <testcase name="Discover Offers - Test Case 594201: Check the AoM offers will be displayed for Paym MBB subscription_Fun" classname="Discover Offers" time="0">
    <skipped message="&apos;cucumber.filter.tags=@TC_1048344&apos; did not match this scenario"/>
  </testcase>
  <testcase name="Discover Offers - Test Case 594200: Check when the user is not eligible for AoM offers no offers will be returned_Functional" classname="Discover Offers" time="0">
    <skipped message="&apos;cucumber.filter.tags=@TC_1048344&apos; did not match this scenario"/>
  </testcase>
  <testcase name="Discover Offers - Test Case 594201: Check the Chordiant offers will be displayed for PAYG and SOHO subscription_Fun" classname="Discover Offers" time="0">
    <skipped message="&apos;cucumber.filter.tags=@TC_1048344&apos; did not match this scenario"/>
  </testcase>
  <testcase name="Discover Offers - Check the availability of &quot;View All&quot; CTA on the dashboard" classname="Discover Offers" time="0">
    <skipped message="&apos;cucumber.filter.tags=@TC_1048344&apos; did not match this scenario"/>
  </testcase>
  <testcase name="Eshop links - P1 - Check app behavior when there are more than four items and functionality of show more and show less buttons for PayG user_Functional" classname="Eshop links" time="0">
    <skipped message="&apos;cucumber.filter.tags=@TC_1048344&apos; did not match this scenario"/>
  </testcase>
  <testcase name="Eshop links - P1 - Check app behavior when there are more than five items and functionality of show more and show less buttons for PayM user_Functional" classname="Eshop links" time="0">
    <skipped message="&apos;cucumber.filter.tags=@TC_1048344&apos; did not match this scenario"/>
  </testcase>
  <testcase name="FullScreenPromo FSP - TC01_Validate that the FSP overlay does not after the tutorial" classname="FullScreenPromo FSP" time="0">
    <skipped message="&apos;cucumber.filter.tags=@TC_1048344&apos; did not match this scenario"/>
  </testcase>
  <testcase name="FullScreenPromo FSP - TC02_Check app behaviour when user accepts FSP offer" classname="FullScreenPromo FSP" time="0">
    <skipped message="&apos;cucumber.filter.tags=@TC_1048344&apos; did not match this scenario"/>
  </testcase>
  <testcase name="FullScreenPromo FSP - TC03_Validate FSP overlay doesn&apos;t appear for child users" classname="FullScreenPromo FSP" time="0">
    <skipped message="&apos;cucumber.filter.tags=@TC_1048344&apos; did not match this scenario"/>
  </testcase>
  <testcase name="FullScreenPromo FSP - TC04_Check app behaviour when user declines FSP offer" classname="FullScreenPromo FSP" time="0">
    <skipped message="&apos;cucumber.filter.tags=@TC_1048344&apos; did not match this scenario"/>
  </testcase>
  <testcase name="FullScreenPromo FSP - TC05_Check app behaviour when return to the app after accepting the offer" classname="FullScreenPromo FSP" time="0">
    <skipped message="&apos;cucumber.filter.tags=@TC_1048344&apos; did not match this scenario"/>
  </testcase>
  <testcase name="FriendlyName - P1 - Check Pencil icon is exist in main dashboard of PayM user_Functional" classname="FriendlyName" time="0">
    <skipped message="&apos;cucumber.filter.tags=@TC_1048344&apos; did not match this scenario"/>
  </testcase>
  <testcase name="FriendlyName - P1 - Check Pencil icon is exist in main dashboard of PayG user_Functional" classname="FriendlyName" time="0">
    <skipped message="&apos;cucumber.filter.tags=@TC_1048344&apos; did not match this scenario"/>
  </testcase>
  <testcase name="FriendlyName - Check app behavior when user taps on the area containing the pencil/edit icon ,my MSISDN and Friendly Name on the main dashoard" classname="FriendlyName" time="0">
    <skipped message="&apos;cucumber.filter.tags=@TC_1048344&apos; did not match this scenario"/>
  </testcase>
  <testcase name="Network links - P1 - Check Assistance and network section ordering _Functional" classname="Network links" time="0">
    <skipped message="&apos;cucumber.filter.tags=@TC_1048344&apos; did not match this scenario"/>
  </testcase>
  <testcase name="Network links - P1 - Check when tap on each item, it redirect the user to the correct screen _Functional" classname="Network links" time="0">
    <skipped message="&apos;cucumber.filter.tags=@TC_1048344&apos; did not match this scenario"/>
  </testcase>
  <testcase name="Network links - Check HBB Service Test CTA should open diagnostic test URL in app web view" classname="Network links" time="0">
    <skipped message="&apos;cucumber.filter.tags=@TC_1048344&apos; did not match this scenario"/>
  </testcase>
  <testcase name="Network links - Check the links of &quot;Your Network&quot; section for HBB user" classname="Network links" time="0">
    <skipped message="&apos;cucumber.filter.tags=@TC_1048344&apos; did not match this scenario"/>
  </testcase>
  <testcase name="Nudge - Check Nudge/Lozenge is displayed on one device" classname="Nudge" time="0">
    <skipped message="&apos;cucumber.filter.tags=@TC_1048344&apos; did not match this scenario"/>
  </testcase>
  <testcase name="RelocateInboxAndRemoveGreeting - TC01_Validate Inbox Removal and User Greeting Removal for PayM/PayG/SOHO root users" classname="RelocateInboxAndRemoveGreeting" time="0">
    <skipped message="&apos;cucumber.filter.tags=@TC_1048344&apos; did not match this scenario"/>
  </testcase>
  <testcase name="RelocateInboxAndRemoveGreeting - 640781.01_P1_Check that the inbox is displayed in the top of the dashboard for PayM user_Function" classname="RelocateInboxAndRemoveGreeting" time="0">
    <skipped message="&apos;cucumber.filter.tags=@TC_1048344&apos; did not match this scenario"/>
  </testcase>
  <testcase name="RelocateInboxAndRemoveGreeting - TC01_Validate Inbox Relocation and User Greeting Removal for PayM child user" classname="RelocateInboxAndRemoveGreeting" time="0">
    <skipped message="&apos;cucumber.filter.tags=@TC_1048344&apos; did not match this scenario"/>
  </testcase>
  <testcase name="RelocateInboxAndRemoveGreeting - TC01_Validate Inbox Relocation and User Greeting Removal for FLN/BB child user" classname="RelocateInboxAndRemoveGreeting" time="0">
    <skipped message="&apos;cucumber.filter.tags=@TC_1048344&apos; did not match this scenario"/>
  </testcase>
  <testcase name="RelocateInboxAndRemoveGreeting - TC01_Validate Inbox Removal and User Greeting Removal for PayG child user" classname="RelocateInboxAndRemoveGreeting" time="0">
    <skipped message="&apos;cucumber.filter.tags=@TC_1048344&apos; did not match this scenario"/>
  </testcase>
  <testcase name="NewVOVs - TC01_ValidateRemoveVOVFromParentUser" classname="NewVOVs" time="0">
    <skipped message="&apos;cucumber.filter.tags=@TC_1048344&apos; did not match this scenario"/>
  </testcase>
  <testcase name="NewVOVs - TC02_ValidateRemoveVOVFromPayMChildUserOver3G" classname="NewVOVs" time="0">
    <skipped message="&apos;cucumber.filter.tags=@TC_1048344&apos; did not match this scenario"/>
  </testcase>
  <testcase name="NewVOVs - TC03_ValidateRemoveVOVFromFLN/HBBChildUSerOver3G" classname="NewVOVs" time="0">
    <skipped message="&apos;cucumber.filter.tags=@TC_1048344&apos; did not match this scenario"/>
  </testcase>
  <testcase name="NewVOVs - TC04_ValidateRemoveVOVFromPayGChildUserOver3G" classname="NewVOVs" time="0">
    <skipped message="&apos;cucumber.filter.tags=@TC_1048344&apos; did not match this scenario"/>
  </testcase>
  <testcase name="Tooltips - Check tooltips for Bingo users and dashboard after submit them" classname="Tooltips" time="0">
    <skipped message="&apos;cucumber.filter.tags=@TC_1048344&apos; did not match this scenario"/>
  </testcase>
  <testcase name="Tooltips - Check tooltips after reset" classname="Tooltips" time="0">
    <skipped message="&apos;cucumber.filter.tags=@TC_1048344&apos; did not match this scenario"/>
  </testcase>
  <testcase name="Tooltips - Check tooltips after hardclose" classname="Tooltips" time="0">
    <skipped message="&apos;cucumber.filter.tags=@TC_1048344&apos; did not match this scenario"/>
  </testcase>
  <testcase name="TradeIn For Android - TC01_ValidateOrdering" classname="TradeIn For Android" time="0">
    <skipped message="&apos;cucumber.filter.tags=@TC_1048344&apos; did not match this scenario"/>
  </testcase>
  <testcase name="TradeIn For Android - TC02_ValidateTradeInLinkIsDisplayed" classname="TradeIn For Android" time="0">
    <skipped message="&apos;cucumber.filter.tags=@TC_1048344&apos; did not match this scenario"/>
  </testcase>
  <testcase name="TradeIn For Android - TC03_ValidateTradeInLinkFunctionality" classname="TradeIn For Android" time="0">
    <skipped message="&apos;cucumber.filter.tags=@TC_1048344&apos; did not match this scenario"/>
  </testcase>
  <testcase name="VeryMe offers - Test Case 601792: P1- Check app behavior when open the app with PAYM eligible user for VeryMe offers _Functional" classname="VeryMe offers" time="0">
    <skipped message="&apos;cucumber.filter.tags=@TC_1048344&apos; did not match this scenario"/>
  </testcase>
  <testcase name="VeryMe offers - Test Case 601797: P1 - Check Each Very Me Rewards displayed as UID_UI" classname="VeryMe offers" time="0">
    <skipped message="&apos;cucumber.filter.tags=@TC_1048344&apos; did not match this scenario"/>
  </testcase>
  <testcase name="VeryMe offers - Test Case 601793: P1 - Check app behavior when open the app with MBB not eligible user for VeryMe offers _Functional" classname="VeryMe offers" time="0">
    <skipped message="&apos;cucumber.filter.tags=@TC_1048344&apos; did not match this scenario"/>
  </testcase>
  <testcase name="VeryMe offers - Check that VeryMe is displayed for root subscription only" classname="VeryMe offers" time="0">
    <skipped message="&apos;cucumber.filter.tags=@TC_1048344&apos; did not match this scenario"/>
  </testcase>
  <testcase name="VeryMe offers - Check that very me offer will open from deep link" classname="VeryMe offers" time="0">
    <skipped message="&apos;cucumber.filter.tags=@TC_1048344&apos; did not match this scenario"/>
  </testcase>
  <testcase name="ViewBasket - TC01_Validate E-shop Journey for PayM/SMB/SoleTrader/Bingo users" classname="ViewBasket" time="0">
    <skipped message="&apos;cucumber.filter.tags=@TC_1048344&apos; did not match this scenario"/>
  </testcase>
  <testcase name="ViewBasket - TC01_Validate Basket Journey for PayM/SMB/SoleTrader/Bingo users" classname="ViewBasket" time="0">
    <skipped message="&apos;cucumber.filter.tags=@TC_1048344&apos; did not match this scenario"/>
  </testcase>
  <testcase name="ViewBasket - TC03_Validate Basket View for PayM child user" classname="ViewBasket" time="0">
    <skipped message="&apos;cucumber.filter.tags=@TC_1048344&apos; did not match this scenario"/>
  </testcase>
  <testcase name="ViewBasket - TC04_Validate Basket View for for FLN/HBB child user" classname="ViewBasket" time="0">
    <skipped message="&apos;cucumber.filter.tags=@TC_1048344&apos; did not match this scenario"/>
  </testcase>
  <testcase name="Deep link - Check deeplink while app in foreground/background/terminated _Functional" classname="Deep link" time="0">
    <skipped message="&apos;cucumber.filter.tags=@TC_1048344&apos; did not match this scenario"/>
  </testcase>
  <testcase name="Environments Checks - Check Environment Availability" classname="Environments Checks" time="0">
    <skipped message="&apos;cucumber.filter.tags=@TC_1048344&apos; did not match this scenario"/>
  </testcase>
  <testcase name="Look at a neat gif - Validate new implementation" classname="Look at a neat gif" time="0">
    <skipped message="&apos;cucumber.filter.tags=@TC_1048344&apos; did not match this scenario"/>
  </testcase>
  <testcase name="Active Controls Card - Test Case 1018088: 866545.01_ P1_Check the existence of &quot;Active Controls and Limits&quot; card when clicking on &quot;Manage Controls and Limits&quot; tile from the subsoverlay using softlogged consumer user_Functional" classname="Active Controls Card" time="0">
    <skipped message="&apos;cucumber.filter.tags=@TC_1048344&apos; did not match this scenario"/>
  </testcase>
  <testcase name="Active Controls Card - Test Case 1018091: 866545.02_ P1_ Check the content of the &quot;Active Controls and Limits&quot; card in the &quot;Controls&quot; tab, when clicking on &quot;Manage Controls and Limits&quot; tile from the subsoverlay using a softlogged soletrader user_UI" classname="Active Controls Card" time="0">
    <skipped message="&apos;cucumber.filter.tags=@TC_1048344&apos; did not match this scenario"/>
  </testcase>
  <testcase name="Active Controls Card - Test Case 1018092: 866545.03_P1_ Check the behavior when clicking on &quot;Find out more&quot; CTA of the &quot;Active controls and limits&quot; card in the &quot;Controls&quot; tab using FL MPS consumer user _Functional" classname="Active Controls Card" time="0">
    <skipped message="&apos;cucumber.filter.tags=@TC_1048344&apos; did not match this scenario"/>
  </testcase>
  <testcase name="Controls Category and Confirm Bottom sheet - Test Case 1227739: 1156099.01_P1_Check the existence of confirmation tray when clicking on any Control category that have only one sub category using a FL MPS consumer user_Functional" classname="Controls Category and Confirm Bottom sheet" time="0">
    <skipped message="&apos;cucumber.filter.tags=@TC_1048344&apos; did not match this scenario"/>
  </testcase>
  <testcase name="Controls Category and Confirm Bottom sheet - Test Case 1227799: 1156099.03_P1_Check the existence of the confirmation tray when clicking on any sub category that have one 2nd level sub category using a softlogged MPS consumer user_Functional" classname="Controls Category and Confirm Bottom sheet" time="0">
    <skipped message="&apos;cucumber.filter.tags=@TC_1048344&apos; did not match this scenario"/>
  </testcase>
  <testcase name="Controls Category and Confirm Bottom sheet - Test Case 1227840: 1156099.05_P1_Check the existence of the confirmation tray when clicking on sub category that has multiple 2nd level sub category using a FL MPS consumer user_Functional" classname="Controls Category and Confirm Bottom sheet" time="0">
    <skipped message="&apos;cucumber.filter.tags=@TC_1048344&apos; did not match this scenario"/>
  </testcase>
  <testcase name="Add Manage Control And Limits Subsoverlay - Validate the Existence of the Manage Controls and Limits tile" classname="Add Manage Control And Limits Subsoverlay" time="0">
    <skipped message="&apos;cucumber.filter.tags=@TC_1048344&apos; did not match this scenario"/>
  </testcase>
  <testcase name="Add Manage Control And Limits Subsoverlay - Validate the Redirection of the Manage Controls and Limits tile" classname="Add Manage Control And Limits Subsoverlay" time="0">
    <skipped message="&apos;cucumber.filter.tags=@TC_1048344&apos; did not match this scenario"/>
  </testcase>
  <testcase name="Add Manage Control And Limits Subsoverlay - Validate the Existence and Redirection of the Manage Controls tile for Bingo users" classname="Add Manage Control And Limits Subsoverlay" time="0">
    <skipped message="&apos;cucumber.filter.tags=@TC_1048344&apos; did not match this scenario"/>
  </testcase>
  <testcase name="Turn off controls - Check the behavior when clicking on &quot;Turn off&quot; CTA on the active control using FL MPS consumer" classname="Turn off controls" time="0">
    <skipped message="&apos;cucumber.filter.tags=@TC_1048344&apos; did not match this scenario"/>
  </testcase>
  <testcase name="Turn off controls - Check the behavior when clicking on the &quot;X&quot; CTA on the confirmation tray using a UFL MPS soletrader user" classname="Turn off controls" time="0">
    <skipped message="&apos;cucumber.filter.tags=@TC_1048344&apos; did not match this scenario"/>
  </testcase>
  <testcase name="Turn off controls - Check the behavior when clicking on the &quot;Turn off&quot; CTA on the confirmation tray using a softlogged MPS consumer" classname="Turn off controls" time="0">
    <skipped message="&apos;cucumber.filter.tags=@TC_1048344&apos; did not match this scenario"/>
  </testcase>
  <testcase name="Turn off controls - Check the behavior when clicking on the &quot;X&quot; CTA on the &quot;thank you&quot; tray using a FL MPS Bingo consumer" classname="Turn off controls" time="0">
    <skipped message="&apos;cucumber.filter.tags=@TC_1048344&apos; did not match this scenario"/>
  </testcase>
  <testcase name="Turn off controls - Check the behavior when clicking on the &quot;Continue&quot; CTA on the &quot;Thank you&quot; tray using a softlogged MPS soletrader" classname="Turn off controls" time="0">
    <skipped message="&apos;cucumber.filter.tags=@TC_1048344&apos; did not match this scenario"/>
  </testcase>
  <testcase name="Turn off controls - Check the behavior when having &quot;Spend Manager&quot; under active controls using UFL MPS soletrader" classname="Turn off controls" time="0">
    <skipped message="&apos;cucumber.filter.tags=@TC_1048344&apos; did not match this scenario"/>
  </testcase>
  <testcase name="Controls Turn On Thank you bottom sheet - Test Case 1349292: 1039805.02_P1. Check the behavior when clicking on &quot;Turn on&quot; CTA using FL MPS consumer user _Functional" classname="Controls Turn On Thank you bottom sheet" time="0">
    <skipped message="&apos;cucumber.filter.tags=@TC_1048344&apos; did not match this scenario"/>
  </testcase>
  <testcase name="Controls Turn On Thank you bottom sheet - Test Case 1349374: 1039805_01_P1. Check the behavior when clicking on &quot;Turn on&quot; CTA using softlogged MPS soletrader user _Functional" classname="Controls Turn On Thank you bottom sheet" time="0">
    <skipped message="&apos;cucumber.filter.tags=@TC_1048344&apos; did not match this scenario"/>
  </testcase>
  <testcase name="Controls Turn On Thank you bottom sheet - Test Case 1349718: 1039805.03_P1. Check the behavior when clicking on &quot;Continue&quot; CTA using UFL MPS consumer user _Functional" classname="Controls Turn On Thank you bottom sheet" time="0">
    <skipped message="&apos;cucumber.filter.tags=@TC_1048344&apos; did not match this scenario"/>
  </testcase>
  <testcase name="Native extras and controls E2E flows for regression - Check the happy flow of adding extra journey using a softlogged MPS consumer user" classname="Native extras and controls E2E flows for regression" time="0">
    <skipped message="&apos;cucumber.filter.tags=@TC_1048344&apos; did not match this scenario"/>
  </testcase>
  <testcase name="Native extras and controls E2E flows for regression - Check opting out/removing any extra journey" classname="Native extras and controls E2E flows for regression" time="0">
    <skipped message="&apos;cucumber.filter.tags=@TC_1048344&apos; did not match this scenario"/>
  </testcase>
  <testcase name="Native extras and controls E2E flows for regression - Check re-opting in for any extra journey" classname="Native extras and controls E2E flows for regression" time="0">
    <skipped message="&apos;cucumber.filter.tags=@TC_1048344&apos; did not match this scenario"/>
  </testcase>
  <testcase name="Native extras and controls E2E flows for regression - Check adding control journey" classname="Native extras and controls E2E flows for regression" time="0">
    <skipped message="&apos;cucumber.filter.tags=@TC_1048344&apos; did not match this scenario"/>
  </testcase>
  <testcase name="Native extras and controls E2E flows for regression - Check the happy flow of adding a zero level control journey using UFL Bingo consumer" classname="Native extras and controls E2E flows for regression" time="0">
    <skipped message="&apos;cucumber.filter.tags=@TC_1048344&apos; did not match this scenario"/>
  </testcase>
  <testcase name="Active Extra Card - 866551.02_P1_Check the content of the &quot;Active extras&quot; card in the &quot;Extras&quot; tab, when clicking on &quot;Add Extras&quot; tile from the subsoverlay using softlogged Soletrader user_UI" classname="Active Extra Card" time="0">
    <skipped message="&apos;cucumber.filter.tags=@TC_1048344&apos; did not match this scenario"/>
  </testcase>
  <testcase name="Active Extra Card - 866551.03_P1_Check the behavior when clicking on &quot;Find out more&quot; CTA of the &quot;Active extras&quot; card in the &quot;Extras&quot; tab using FL consumer user_Functional" classname="Active Extra Card" time="0">
    <skipped message="&apos;cucumber.filter.tags=@TC_1048344&apos; did not match this scenario"/>
  </testcase>
  <testcase name="Active Extra Card - 1883470_01_P1.Check the existence of &quot;Manage in the Secure Net App&quot; CTA for &quot;Vodafone Secure Net&quot; extra on the Extras subsoverlay tab using a FL MPS soletrader user" classname="Active Extra Card" time="0">
    <skipped message="&apos;cucumber.filter.tags=@TC_1048344&apos; did not match this scenario"/>
  </testcase>
  <testcase name="Active Extra Card - 1883470_04_P1.Check the &quot;Find out more&quot; description copy change under the &quot;Vodafone Secure Net&quot; extra using a softlogged Red leader user" classname="Active Extra Card" time="0">
    <skipped message="&apos;cucumber.filter.tags=@TC_1048344&apos; did not match this scenario"/>
  </testcase>
  <testcase name="Add Extras Subsoverlay - Validate the Existence of the Add Extras tile" classname="Add Extras Subsoverlay" time="0">
    <skipped message="&apos;cucumber.filter.tags=@TC_1048344&apos; did not match this scenario"/>
  </testcase>
  <testcase name="Add Extras Subsoverlay - Validate the Redirection of the Add Extras  tile" classname="Add Extras Subsoverlay" time="0">
    <skipped message="&apos;cucumber.filter.tags=@TC_1048344&apos; did not match this scenario"/>
  </testcase>
  <testcase name="Category Bottom Sheet - 990748.01_P1_Check the existence of the category bottom sheet when clicking on each Category using softlogged MPS consumer user_Functional" classname="Category Bottom Sheet" time="0">
    <skipped message="&apos;cucumber.filter.tags=@TC_1048344&apos; did not match this scenario"/>
  </testcase>
  <testcase name="Category Bottom Sheet - 990748.02_P1_ Check the content of the category bottom sheet when clicking on any of the Category using FL MPS soletrader user_UI" classname="Category Bottom Sheet" time="0">
    <skipped message="&apos;cucumber.filter.tags=@TC_1048344&apos; did not match this scenario"/>
  </testcase>
  <testcase name="Category Bottom Sheet - 990748.03_P2_ Check the behavior when clicking on X CTA on the Category bottom sheet using FL MPS consumer user_Functional" classname="Category Bottom Sheet" time="0">
    <skipped message="&apos;cucumber.filter.tags=@TC_1048344&apos; did not match this scenario"/>
  </testcase>
  <testcase name="Confirm Bottom Sheet for Native Extras - Check the behavior when clicking on &quot;Continue&quot; CTA of the category bottom sheet" classname="Confirm Bottom Sheet for Native Extras" time="0">
    <skipped message="&apos;cucumber.filter.tags=@TC_1048344&apos; did not match this scenario"/>
  </testcase>
  <testcase name="Confirm Bottom Sheet for Native Extras - Check the content of the confirm bottom sheet" classname="Confirm Bottom Sheet for Native Extras" time="0">
    <skipped message="&apos;cucumber.filter.tags=@TC_1048344&apos; did not match this scenario"/>
  </testcase>
  <testcase name="Confirm Bottom Sheet for Native Extras - Check the behavior when clicking on &lt;- back CTA on the Confirm bottom sheet" classname="Confirm Bottom Sheet for Native Extras" time="0">
    <skipped message="&apos;cucumber.filter.tags=@TC_1048344&apos; did not match this scenario"/>
  </testcase>
  <testcase name="Confirm Bottom Sheet for Native Extras - Check the behavior when clicking on X CTA on the Confirm bottom sheet" classname="Confirm Bottom Sheet for Native Extras" time="0">
    <skipped message="&apos;cucumber.filter.tags=@TC_1048344&apos; did not match this scenario"/>
  </testcase>
  <testcase name="Confirm Bottom Sheet for Native Extras - Check the behavior when clicking on any of the categories that has only one sub category using a FL MPS soletrader user" classname="Confirm Bottom Sheet for Native Extras" time="0">
    <skipped message="&apos;cucumber.filter.tags=@TC_1048344&apos; did not match this scenario"/>
  </testcase>
  <testcase name="Confirm Bottom Sheet for Native Extras - Check the behavior when clicking on &quot;Secure Net&quot; category using a UFL MPS consumer user_Functional" classname="Confirm Bottom Sheet for Native Extras" time="0">
    <skipped message="&apos;cucumber.filter.tags=@TC_1048344&apos; did not match this scenario"/>
  </testcase>
  <testcase name="Opting Out An Extra - Check the existence of the Opt out confirmation tray when clicking on the  &quot;Remove&quot; CTA" classname="Opting Out An Extra" time="0">
    <skipped message="&apos;cucumber.filter.tags=@TC_1048344&apos; did not match this scenario"/>
  </testcase>
  <testcase name="Opting Out An Extra - Check the behavior when clicking on &apos;X&apos; CTA for Opt out confirmation tray" classname="Opting Out An Extra" time="0">
    <skipped message="&apos;cucumber.filter.tags=@TC_1048344&apos; did not match this scenario"/>
  </testcase>
  <testcase name="Opting Out An Extra - Check the content of the &quot;Your extra has been removed&quot; tray" classname="Opting Out An Extra" time="0">
    <skipped message="&apos;cucumber.filter.tags=@TC_1048344&apos; did not match this scenario"/>
  </testcase>
  <testcase name="Opting Out An Extra - Check the behavior when clicking on &apos;X&apos; CTA on &quot;Your extra has been removed&quot; tray" classname="Opting Out An Extra" time="0">
    <skipped message="&apos;cucumber.filter.tags=@TC_1048344&apos; did not match this scenario"/>
  </testcase>
  <testcase name="Opting Out An Extra - Check the behavior when clicking on &apos;Continue&apos; CTA on the &quot;Your extra has been removed&quot; tray" classname="Opting Out An Extra" time="0">
    <skipped message="&apos;cucumber.filter.tags=@TC_1048344&apos; did not match this scenario"/>
  </testcase>
  <testcase name="Re-opting In An Extra - Check the existence of the confirmation tray when clicking on the &quot;Re-Opt in&quot; CTA" classname="Re-opting In An Extra" time="0">
    <skipped message="&apos;cucumber.filter.tags=@TC_1048344&apos; did not match this scenario"/>
  </testcase>
  <testcase name="Re-opting In An Extra - Check the behavior when clicking on &apos;X&apos; CTA for Re-opt in confirmation tray" classname="Re-opting In An Extra" time="0">
    <skipped message="&apos;cucumber.filter.tags=@TC_1048344&apos; did not match this scenario"/>
  </testcase>
  <testcase name="Re-opting In An Extra - Check the behavior when clicking on &quot;Re-Opt in&quot; CTA on the confirmation tray" classname="Re-opting In An Extra" time="0">
    <skipped message="&apos;cucumber.filter.tags=@TC_1048344&apos; did not match this scenario"/>
  </testcase>
  <testcase name="Re-opting In An Extra - Check the content of the &quot;Your Recurring Extra will be added&quot; tray" classname="Re-opting In An Extra" time="0">
    <skipped message="&apos;cucumber.filter.tags=@TC_1048344&apos; did not match this scenario"/>
  </testcase>
  <testcase name="Re-opting In An Extra - Check the behavior when clicking &apos;Continue&apos; CTA on the &quot;Your Recurring Extra will be added&quot; tray" classname="Re-opting In An Extra" time="0">
    <skipped message="&apos;cucumber.filter.tags=@TC_1048344&apos; did not match this scenario"/>
  </testcase>
  <testcase name="Re-opting In An Extra - Check the behavior when clicking on &apos;X&apos; CTA on &quot;Your extra has been removed&quot; tray" classname="Re-opting In An Extra" time="0">
    <skipped message="&apos;cucumber.filter.tags=@TC_1048344&apos; did not match this scenario"/>
  </testcase>
  <testcase name="Shop Extras Card - 990743.01_P1_Check the existence of the &quot;Shop Extras&quot; card in the &quot;Extras&quot; tab using softlogged MPS consumer user_UI" classname="Shop Extras Card" time="0">
    <skipped message="&apos;cucumber.filter.tags=@TC_1048344&apos; did not match this scenario"/>
  </testcase>
  <testcase name="Shop Extras Card - 990743.02_P1_ Check the content of the &quot;Shop Extras&quot; card in the &quot;Extras&quot; tab using UFL MPS soletrader user_UI" classname="Shop Extras Card" time="0">
    <skipped message="&apos;cucumber.filter.tags=@TC_1048344&apos; did not match this scenario"/>
  </testcase>
  <testcase name="Shop Extras Card - 990743.03_P1_ Check the categories available under &quot;Shop Extras&quot; card in the &quot;Extras&quot; tab using FL MPS consumer user_UI" classname="Shop Extras Card" time="0">
    <skipped message="&apos;cucumber.filter.tags=@TC_1048344&apos; did not match this scenario"/>
  </testcase>
  <testcase name="Thank you bottom sheet - 990761.02_P1_Check the behavior when clicking on &quot;Buy&quot; CTA of the confirm bottom sheet using a FL MPS child consumer user_Functional" classname="Thank you bottom sheet" time="0">
    <skipped message="&apos;cucumber.filter.tags=@TC_1048344&apos; did not match this scenario"/>
  </testcase>
  <testcase name="Thank you bottom sheet - 990761.04_P1_ Check the content of the Thank you bottom sheet when clicking on Buy CTA after selecting the required extra from the category bottom sheet using a FL MPS consumer user_UI" classname="Thank you bottom sheet" time="0">
    <skipped message="&apos;cucumber.filter.tags=@TC_1048344&apos; did not match this scenario"/>
  </testcase>
  <testcase name="Thank you bottom sheet - 990761.06_P1_ Check the behavior when clicking on &quot;Continue&quot; CTA on the Thank you bottom sheet using a UFL MPS consumer user_Functional" classname="Thank you bottom sheet" time="0">
    <skipped message="&apos;cucumber.filter.tags=@TC_1048344&apos; did not match this scenario"/>
  </testcase>
  <testcase name="Thank you bottom sheet - 990761.05_P2_ Check the behavior when clicking on X CTA on the Thank you bottom sheet using FL MPS soletrader user_Functional" classname="Thank you bottom sheet" time="0">
    <skipped message="&apos;cucumber.filter.tags=@TC_1048344&apos; did not match this scenario"/>
  </testcase>
  <testcase name="other users welcome flow feature - Check the display of overlay screen for VOXI user" classname="other users welcome flow feature" time="0">
    <skipped message="&apos;cucumber.filter.tags=@TC_1048344&apos; did not match this scenario"/>
  </testcase>
  <testcase name="other users welcome flow feature - Check the display of overlay screen for Heritage user" classname="other users welcome flow feature" time="0">
    <skipped message="&apos;cucumber.filter.tags=@TC_1048344&apos; did not match this scenario"/>
  </testcase>
  <testcase name="other users welcome flow feature - Check the display of overlay screen for Unknown user" classname="other users welcome flow feature" time="0">
    <skipped message="&apos;cucumber.filter.tags=@TC_1048344&apos; did not match this scenario"/>
  </testcase>
  <testcase name="Speed Checker History - Check Speed history screen hasn&apos;t any speed test done" classname="Speed Checker History" time="0">
    <skipped message="&apos;cucumber.filter.tags=@TC_1048344&apos; did not match this scenario"/>
  </testcase>
  <testcase name="Speed Checker History - Check speed History screen when user has previous speed test" classname="Speed Checker History" time="0">
    <skipped message="&apos;cucumber.filter.tags=@TC_1048344&apos; did not match this scenario"/>
  </testcase>
  <testcase name="Speed Checker History - Check Delete Functionality when user Cancel delete all the previous speed checker Tests" classname="Speed Checker History" time="0">
    <skipped message="&apos;cucumber.filter.tags=@TC_1048344&apos; did not match this scenario"/>
  </testcase>
  <testcase name="Speed Checker History - Check Delete Functionality when user Confirm delete all previous speed checker Tests" classname="Speed Checker History" time="0">
    <skipped message="&apos;cucumber.filter.tags=@TC_1048344&apos; did not match this scenario"/>
  </testcase>
  <testcase name="Tutorial Screen - Check tutorial UI" classname="Tutorial Screen" time="0">
    <skipped message="&apos;cucumber.filter.tags=@TC_1048344&apos; did not match this scenario"/>
  </testcase>
  <testcase name="Tutorial Screen - Check tutorial appearance after Full login" classname="Tutorial Screen" time="0">
    <skipped message="&apos;cucumber.filter.tags=@TC_1048344&apos; did not match this scenario"/>
  </testcase>
  <testcase name="Tutorial Screen - Check Ordering for PAYM users" classname="Tutorial Screen" time="0">
    <skipped message="&apos;cucumber.filter.tags=@TC_1048344&apos; did not match this scenario"/>
  </testcase>
  <testcase name="Tutorial Screen - Check Ordering for PAYG users" classname="Tutorial Screen" time="0">
    <skipped message="&apos;cucumber.filter.tags=@TC_1048344&apos; did not match this scenario"/>
  </testcase>
  <testcase name="Tutorial Screen - Check RedHybrdid Tutorials" classname="Tutorial Screen" time="0">
    <skipped message="&apos;cucumber.filter.tags=@TC_1048344&apos; did not match this scenario"/>
  </testcase>
  <testcase name="Push Notification - TC_555894_Check when sending UrbanAirship Push Notification after hardclosing the app_functional" classname="Push Notification" time="0">
    <skipped message="&apos;cucumber.filter.tags=@TC_1048344&apos; did not match this scenario"/>
  </testcase>
  <testcase name="Push Notification - TC_555892_Check the app when sending UrbanAirship Push Notification to a Heritage user that opens an external link_functional" classname="Push Notification" time="0">
    <skipped message="&apos;cucumber.filter.tags=@TC_1048344&apos; did not match this scenario"/>
  </testcase>
  <testcase name="Push Notification - TC_556640_Check the app when sending UrbanAirship Deeplink to a Heritage user that opens an app journey (Trade In)_functional" classname="Push Notification" time="0">
    <skipped message="&apos;cucumber.filter.tags=@TC_1048344&apos; did not match this scenario"/>
  </testcase>
  <testcase name="Push Notification - Check message center notification" classname="Push Notification" time="0">
    <skipped message="&apos;cucumber.filter.tags=@TC_1048344&apos; did not match this scenario"/>
  </testcase>
  <testcase name="651956 - Red Hybrid - Change Next Plan - Change processing - Check Change processing behavior when user initiate the journey from quick links _FUNC" classname="651956 - Red Hybrid - Change Next Plan - Change processing" time="0">
    <skipped message="&apos;cucumber.filter.tags=@TC_1048344&apos; did not match this scenario"/>
  </testcase>
  <testcase name="651956 - Red Hybrid - Change Next Plan - Change processing - Check behavior when user dismiss the notification overlay when initiate the journey from quick links _FUNC" classname="651956 - Red Hybrid - Change Next Plan - Change processing" time="0">
    <skipped message="&apos;cucumber.filter.tags=@TC_1048344&apos; did not match this scenario"/>
  </testcase>
  <testcase name="651956 - Red Hybrid - Change Next Plan - Change processing - Check behavior when user dismiss the notification overlay when initiate the journey from Plan tab_FUNC" classname="651956 - Red Hybrid - Change Next Plan - Change processing" time="0">
    <skipped message="&apos;cucumber.filter.tags=@TC_1048344&apos; did not match this scenario"/>
  </testcase>
  <testcase name="Account Settings - : Check the behavior when User click on Account settings links - Examples - Example #1.1" classname="Account Settings - : Check the behavior when User click on Account settings links - Examples" time="0">
    <skipped message="&apos;cucumber.filter.tags=@TC_1048344&apos; did not match this scenario"/>
  </testcase>
  <testcase name="Account Settings - : Check the behavior when User click on Account settings links - Examples - Example #1.2" classname="Account Settings - : Check the behavior when User click on Account settings links - Examples" time="0">
    <skipped message="&apos;cucumber.filter.tags=@TC_1048344&apos; did not match this scenario"/>
  </testcase>
  <testcase name="Account Settings - : Check the behavior when User click on Account settings links - Examples - Example #1.3" classname="Account Settings - : Check the behavior when User click on Account settings links - Examples" time="0">
    <skipped message="&apos;cucumber.filter.tags=@TC_1048344&apos; did not match this scenario"/>
  </testcase>
  <testcase name="Account Settings - : Check the behavior when User click on Account settings links - Examples - Example #1.4" classname="Account Settings - : Check the behavior when User click on Account settings links - Examples" time="0">
    <skipped message="&apos;cucumber.filter.tags=@TC_1048344&apos; did not match this scenario"/>
  </testcase>
  <testcase name="Account Settings - : Check the behavior when User click on Account settings links - Examples - Example #1.5" classname="Account Settings - : Check the behavior when User click on Account settings links - Examples" time="0">
    <skipped message="&apos;cucumber.filter.tags=@TC_1048344&apos; did not match this scenario"/>
  </testcase>
  <testcase name="Account Settings - : Check the behavior when User click on Account settings links - Examples - Example #1.6" classname="Account Settings - : Check the behavior when User click on Account settings links - Examples" time="0">
    <skipped message="&apos;cucumber.filter.tags=@TC_1048344&apos; did not match this scenario"/>
  </testcase>
  <testcase name="Account Settings - : Check the behavior when User click on Account settings links - Examples - Example #1.7" classname="Account Settings - : Check the behavior when User click on Account settings links - Examples" time="0">
    <skipped message="&apos;cucumber.filter.tags=@TC_1048344&apos; did not match this scenario"/>
  </testcase>
  <testcase name="Account Settings - Check the items of account settings_UI" classname="Account Settings" time="0">
    <skipped message="&apos;cucumber.filter.tags=@TC_1048344&apos; did not match this scenario"/>
  </testcase>
  <testcase name="Account Settings - Check Data Notifications items of account settings not appear for redhybrid users" classname="Account Settings" time="0">
    <skipped message="&apos;cucumber.filter.tags=@TC_1048344&apos; did not match this scenario"/>
  </testcase>
  <testcase name="Account Settings - Check the Accessibility items of account settings appears for redhybrid users" classname="Account Settings" time="0">
    <skipped message="&apos;cucumber.filter.tags=@TC_1048344&apos; did not match this scenario"/>
  </testcase>
  <testcase name="642895: Red Hybrid - Add Extras - Confirm Extra&apos;s purchase - Cancelled/Failed status - Check the UI of the &quot;Payment error&quot; overlay in case of authorization failed_UI" classname="642895: Red Hybrid - Add Extras - Confirm Extra&apos;s purchase - Cancelled/Failed status" time="0">
    <skipped message="&apos;cucumber.filter.tags=@TC_1048344&apos; did not match this scenario"/>
  </testcase>
  <testcase name="642895: Red Hybrid - Add Extras - Confirm Extra&apos;s purchase - Cancelled/Failed status - Check App behavior in case the user clicks on &quot;Try again&quot; CTA in the &quot;Payment Error&quot; Overlay_Functional" classname="642895: Red Hybrid - Add Extras - Confirm Extra&apos;s purchase - Cancelled/Failed status" time="0">
    <skipped message="&apos;cucumber.filter.tags=@TC_1048344&apos; did not match this scenario"/>
  </testcase>
  <testcase name="Add Billing Address - Check UI of Billing address search screen" classname="Add Billing Address" time="0">
    <skipped message="&apos;cucumber.filter.tags=@TC_1048344&apos; did not match this scenario"/>
  </testcase>
  <testcase name="Add Billing Address - P1_Check app behavior when user search for his Billing Address_Functional" classname="Add Billing Address" time="0">
    <skipped message="&apos;cucumber.filter.tags=@TC_1048344&apos; did not match this scenario"/>
  </testcase>
  <testcase name="Add Billing Address - P1_Check app behavior when selecting address from dropdown menu_Functional" classname="Add Billing Address" time="0">
    <skipped message="&apos;cucumber.filter.tags=@TC_1048344&apos; did not match this scenario"/>
  </testcase>
  <testcase name="Add Billing Address - P1_Check App behavior when Click on X button in searching Address screen_Functional" classname="Add Billing Address" time="0">
    <skipped message="&apos;cucumber.filter.tags=@TC_1048344&apos; did not match this scenario"/>
  </testcase>
  <testcase name="Add Billing Address - P1_Check App behavior when selecting X button in Address fields screen_Functional" classname="Add Billing Address" time="0">
    <skipped message="&apos;cucumber.filter.tags=@TC_1048344&apos; did not match this scenario"/>
  </testcase>
  <testcase name="Add Billing Address - P1_Check if the user tapped on Add address manually_Functional" classname="Add Billing Address" time="0">
    <skipped message="&apos;cucumber.filter.tags=@TC_1048344&apos; did not match this scenario"/>
  </testcase>
  <testcase name="Add Billing Address - Check the calling of MVAX APi listExtra when tapping on &quot;Add Data&quot; tile from Dashboard tiles_Functional" classname="Add Billing Address" time="0">
    <skipped message="&apos;cucumber.filter.tags=@TC_1048344&apos; did not match this scenario"/>
  </testcase>
  <testcase name="Add Billing Address - Check UI of &quot;Add Data&quot; overlay after tapping on &quot;Add Data&quot; tile from Dashboard tiles" classname="Add Billing Address" time="0">
    <skipped message="&apos;cucumber.filter.tags=@TC_1048344&apos; did not match this scenario"/>
  </testcase>
  <testcase name="666282 - Red Hybrid - Dashboard - Add Extras and Data - Add payment method before journey - Check the behavior when user click on add data CTA on dashboard_FUN" classname="666282 - Red Hybrid - Dashboard - Add Extras and Data - Add payment method before journey" time="0">
    <skipped message="&apos;cucumber.filter.tags=@TC_1048344&apos; did not match this scenario"/>
  </testcase>
  <testcase name="666282 - Red Hybrid - Dashboard - Add Extras and Data - Add payment method before journey - Check the behavior when user click on add extras CTA on dashboard_FUN" classname="666282 - Red Hybrid - Dashboard - Add Extras and Data - Add payment method before journey" time="0">
    <skipped message="&apos;cucumber.filter.tags=@TC_1048344&apos; did not match this scenario"/>
  </testcase>
  <testcase name="666282 - Red Hybrid - Dashboard - Add Extras and Data - Add payment method before journey - Check the behavior when user click on buy extras CTA in extras tab in the subscription overlay_FUN" classname="666282 - Red Hybrid - Dashboard - Add Extras and Data - Add payment method before journey" time="0">
    <skipped message="&apos;cucumber.filter.tags=@TC_1048344&apos; did not match this scenario"/>
  </testcase>
  <testcase name="Add New Payment Method - Check the UI for Add new card screen" classname="Add New Payment Method" time="0">
    <skipped message="&apos;cucumber.filter.tags=@TC_1048344&apos; did not match this scenario"/>
  </testcase>
  <testcase name="Add New Payment Method - Check the App behavior when tapping on Add a new card CTA" classname="Add New Payment Method" time="0">
    <skipped message="&apos;cucumber.filter.tags=@TC_1048344&apos; did not match this scenario"/>
  </testcase>
  <testcase name="Add New Payment Method - Check the App behavior when tapping on the payment toggles" classname="Add New Payment Method" time="0">
    <skipped message="&apos;cucumber.filter.tags=@TC_1048344&apos; did not match this scenario"/>
  </testcase>
  <testcase name="Add New Payment Method - Check clicking on &quot;X&quot; button in Add new card drawer" classname="Add New Payment Method" time="0">
    <skipped message="&apos;cucumber.filter.tags=@TC_1048344&apos; did not match this scenario"/>
  </testcase>
  <testcase name="Add New Payment Method - P2_Check App behavior when selecting Back arrow in Add new payment screen_Functional" classname="Add New Payment Method" time="0">
    <skipped message="&apos;cucumber.filter.tags=@TC_1048344&apos; did not match this scenario"/>
  </testcase>
  <testcase name="Add New Payment Method - P3_Check the behavior when clicking on android back button in Add payment method screen" classname="Add New Payment Method" time="0">
    <skipped message="&apos;cucumber.filter.tags=@TC_1048344&apos; did not match this scenario"/>
  </testcase>
  <testcase name="Add New Payment Method - User Add new payment method from Payments icon from dashboard tray" classname="Add New Payment Method" time="0">
    <skipped message="&apos;cucumber.filter.tags=@TC_1048344&apos; did not match this scenario"/>
  </testcase>
  <testcase name="Add New Payment Method - TC_494591: P2_Check the Card fields displayed in Barclays webview_UI" classname="Add New Payment Method" time="0">
    <skipped message="&apos;cucumber.filter.tags=@TC_1048344&apos; did not match this scenario"/>
  </testcase>
  <testcase name="Add New Payment Method - TC_494593: P1_Check the App behavior when user click on the Name on card field_Functional" classname="Add New Payment Method" time="0">
    <skipped message="&apos;cucumber.filter.tags=@TC_1048344&apos; did not match this scenario"/>
  </testcase>
  <testcase name="Add New Payment Method - TC_494594: P1_Check the App behavior when user click on Card number field _Functional" classname="Add New Payment Method" time="0">
    <skipped message="&apos;cucumber.filter.tags=@TC_1048344&apos; did not match this scenario"/>
  </testcase>
  <testcase name="Add New Payment Method - TC_494595: P1_Check the App behavior when user click on the Expiry date/Security code fields_Functional" classname="Add New Payment Method" time="0">
    <skipped message="&apos;cucumber.filter.tags=@TC_1048344&apos; did not match this scenario"/>
  </testcase>
  <testcase name="Add New Payment Method - TC_494600: P1_Check the App behavior when entering Valid card data and click on continue button when Auth= True_Functional" classname="Add New Payment Method" time="0">
    <skipped message="&apos;cucumber.filter.tags=@TC_1048344&apos; did not match this scenario"/>
  </testcase>
  <testcase name="Add New Payment Method - TC_494601: P1_Check the App behavior when entering Valid card data and click on continue button when Auth= False_Functional" classname="Add New Payment Method" time="0">
    <skipped message="&apos;cucumber.filter.tags=@TC_1048344&apos; did not match this scenario"/>
  </testcase>
  <testcase name="Add New Payment Method - TC_507229: P1_Check app behavior after clicking on Pay Now button in &quot;Enter your card details&quot;_Functional" classname="Add New Payment Method" time="0">
    <skipped message="&apos;cucumber.filter.tags=@TC_1048344&apos; did not match this scenario"/>
  </testcase>
  <testcase name="Add New Payment Method - TC 507233: P1_ Check app behavior when clicking on &quot;X&quot; icon in &quot;Verified&quot; screen_Functional" classname="Add New Payment Method" time="0">
    <skipped message="&apos;cucumber.filter.tags=@TC_1048344&apos; did not match this scenario"/>
  </testcase>
  <testcase name="Add New Payment Method - Test Case 507234: P1_Check app behavior when clicking on Physical back in Android in &quot;Processing&quot;and &quot;Verified&quot; screens_Functional" classname="Add New Payment Method" time="0">
    <skipped message="&apos;cucumber.filter.tags=@TC_1048344&apos; did not match this scenario"/>
  </testcase>
  <testcase name="Add New Payment Method - Test Case 507987: P1- Check UI of failed screen when click on PayNow CTA in card details Screen _ UI" classname="Add New Payment Method" time="0">
    <skipped message="&apos;cucumber.filter.tags=@TC_1048344&apos; did not match this scenario"/>
  </testcase>
  <testcase name="Add New Payment Method - Test Case 507988: P1- Check try again CTA in failed screen _Functional" classname="Add New Payment Method" time="0">
    <skipped message="&apos;cucumber.filter.tags=@TC_1048344&apos; did not match this scenario"/>
  </testcase>
  <testcase name="Add New Payment Method - Test Case 507243: P1-Check App behavior when tapping on Cancel CTA_Functional" classname="Add New Payment Method" time="0">
    <skipped message="&apos;cucumber.filter.tags=@TC_1048344&apos; did not match this scenario"/>
  </testcase>
  <testcase name="Automation First || Red Hybrid - MVA - Plan Management - Add new Plan and View Plan - P1_Check the overlay of &quot;Add a new plan&quot; after tapping on &quot;Tap here to select a plan&quot; card  _FUNC" classname="Automation First || Red Hybrid - MVA - Plan Management - Add new Plan and View Plan" time="0">
    <skipped message="&apos;cucumber.filter.tags=@TC_1048344&apos; did not match this scenario"/>
  </testcase>
  <testcase name="Automation First || Red Hybrid - MVA - Plan Management - Add new Plan and View Plan - Check App&apos;s behavior when tapping on Add new plan card after adding payment card" classname="Automation First || Red Hybrid - MVA - Plan Management - Add new Plan and View Plan" time="0">
    <skipped message="&apos;cucumber.filter.tags=@TC_1048344&apos; did not match this scenario"/>
  </testcase>
  <testcase name="544558 - Red Hybrid - Add new plan - Payment Method overlay - Check App behavior in case of tapping on Continue CTA in &quot;Add new plan&quot; overlay _Functional" classname="544558 - Red Hybrid - Add new plan - Payment Method overlay" time="0">
    <skipped message="&apos;cucumber.filter.tags=@TC_1048344&apos; did not match this scenario"/>
  </testcase>
  <testcase name="544558 - Red Hybrid - Add new plan - Payment Method overlay - P1_Check App behavior in case of tapping on Continue CTA in &quot;Add new plan&quot; overlay with Full logged in user_Functional." classname="544558 - Red Hybrid - Add new plan - Payment Method overlay" time="0">
    <skipped message="&apos;cucumber.filter.tags=@TC_1048344&apos; did not match this scenario"/>
  </testcase>
  <testcase name="544558 - Red Hybrid - Add new plan - Payment Method overlay - P1_Check the UI of cell when user has one promoted plan or more" classname="544558 - Red Hybrid - Add new plan - Payment Method overlay" time="0">
    <skipped message="&apos;cucumber.filter.tags=@TC_1048344&apos; did not match this scenario"/>
  </testcase>
  <testcase name="544558 - Red Hybrid - Add new plan - Payment Method overlay - P1_Check the Extras tab, usage tab and usage card are reflected adds a plan that has promotion _FUN" classname="544558 - Red Hybrid - Add new plan - Payment Method overlay" time="0">
    <skipped message="&apos;cucumber.filter.tags=@TC_1048344&apos; did not match this scenario"/>
  </testcase>
  <testcase name="544579 - Red Hybrid - Add new plan - Add a payment method overlay - no payment method already added - Check UI of &quot;Add a payment method&quot; overlay after tapping on Continue CTA  in &quot;Add new plan&quot; overlay_UI" classname="544579 - Red Hybrid - Add new plan - Add a payment method overlay - no payment method already added" time="0">
    <skipped message="&apos;cucumber.filter.tags=@TC_1048344&apos; did not match this scenario"/>
  </testcase>
  <testcase name="544579 - Red Hybrid - Add new plan - Add a payment method overlay - no payment method already added - Check the MVAX API &quot;beginCardPayment&quot; response if the user have no plan and no payment method added_Functional" classname="544579 - Red Hybrid - Add new plan - Add a payment method overlay - no payment method already added" time="0">
    <skipped message="&apos;cucumber.filter.tags=@TC_1048344&apos; did not match this scenario"/>
  </testcase>
  <testcase name="Feature 337887: Red Hybrid - MVA - Dashboard Common Items - Check that Auto-renew Overlay is displayed when the turning it OFF and the plan will expire in 7 days or less_Functional" classname="Feature 337887: Red Hybrid - MVA - Dashboard Common Items" time="0">
    <skipped message="&apos;cucumber.filter.tags=@TC_1048344&apos; did not match this scenario"/>
  </testcase>
  <testcase name="Feature 337887: Red Hybrid - MVA - Dashboard Common Items - Check App&apos;s behavior when tapping on X button in Overlay_Functional" classname="Feature 337887: Red Hybrid - MVA - Dashboard Common Items" time="0">
    <skipped message="&apos;cucumber.filter.tags=@TC_1048344&apos; did not match this scenario"/>
  </testcase>
  <testcase name="Feature 337887: Red Hybrid - MVA - Dashboard Common Items - Check App&apos;s behavior when the user selects &quot;Return to my Vodafone&quot; CTA_Functional" classname="Feature 337887: Red Hybrid - MVA - Dashboard Common Items" time="0">
    <skipped message="&apos;cucumber.filter.tags=@TC_1048344&apos; did not match this scenario"/>
  </testcase>
  <testcase name="Feature 337887: Red Hybrid - Auto renew - Tooltips - Check AutoRenew Tooltip" classname="Feature 337887: Red Hybrid - Auto renew - Tooltips" time="0">
    <skipped message="&apos;cucumber.filter.tags=@TC_1048344&apos; did not match this scenario"/>
  </testcase>
  <testcase name="Red Hybrid - Subscriptions Overlay - Plan tab - Manage your plan card - Toggle Auto-renew off - Check The App behavior when the user has the auto-renew toggle off in &quot;manage your plan &quot; card" classname="Red Hybrid - Subscriptions Overlay - Plan tab - Manage your plan card - Toggle Auto-renew off" time="0">
    <skipped message="&apos;cucumber.filter.tags=@TC_1048344&apos; did not match this scenario"/>
  </testcase>
  <testcase name="Red Hybrid - Subscriptions Overlay - Plan tab - Manage your plan card - Toggle Auto-renew off - Check manage your plan card after changing the status of toggle to off the hard close the app" classname="Red Hybrid - Subscriptions Overlay - Plan tab - Manage your plan card - Toggle Auto-renew off" time="0">
    <skipped message="&apos;cucumber.filter.tags=@TC_1048344&apos; did not match this scenario"/>
  </testcase>
  <testcase name="Red Hybrid - Subscriptions Overlay - Plan tab - Manage your plan card - Toggle Auto-renew off - Check manage your plan card after changing the status of toggle to off the hard close the app" classname="Red Hybrid - Subscriptions Overlay - Plan tab - Manage your plan card - Toggle Auto-renew off" time="0">
    <skipped message="&apos;cucumber.filter.tags=@TC_1048344&apos; did not match this scenario"/>
  </testcase>
  <testcase name="Red Hybrid - Subscriptions Overlay - Plan tab - Manage your plan card - Toggle Auto-renew off - Check app behavior while trying to Change plan for next month through Deep Link and quick links while request is being processed" classname="Red Hybrid - Subscriptions Overlay - Plan tab - Manage your plan card - Toggle Auto-renew off" time="0">
    <skipped message="&apos;cucumber.filter.tags=@TC_1048344&apos; did not match this scenario"/>
  </testcase>
  <testcase name="Red Hybrid - Subscriptions Overlay - Plan tab - Manage your plan card - Toggle Auto-renew off - Check the App behavior when trying to turn ON the auto renew toggle" classname="Red Hybrid - Subscriptions Overlay - Plan tab - Manage your plan card - Toggle Auto-renew off" time="0">
    <skipped message="&apos;cucumber.filter.tags=@TC_1048344&apos; did not match this scenario"/>
  </testcase>
  <testcase name="544953 - Red Hybrid - Change Next Plan - Change Next Plan overlay - Check App behavior in case of tapping on &quot;Change Plan&quot; CTA in SubsOverlay &quot;Plan&quot; tab_Functional" classname="544953 - Red Hybrid - Change Next Plan - Change Next Plan overlay" time="0">
    <skipped message="&apos;cucumber.filter.tags=@TC_1048344&apos; did not match this scenario"/>
  </testcase>
  <testcase name="544953 - Red Hybrid - Change Next Plan - Change Next Plan overlay - Check App behavior in case of selecting a plan in &quot;Change Next Plan&quot; overlay_Functional" classname="544953 - Red Hybrid - Change Next Plan - Change Next Plan overlay" time="0">
    <skipped message="&apos;cucumber.filter.tags=@TC_1048344&apos; did not match this scenario"/>
  </testcase>
  <testcase name="544953 - Red Hybrid - Change Next Plan - Change Next Plan overlay - Check UI of Change Next Plan overlay after tapping on &quot;Change Plan&quot; CTA in SubsOverlay &quot;Plan&quot; tab_UI" classname="544953 - Red Hybrid - Change Next Plan - Change Next Plan overlay" time="0">
    <skipped message="&apos;cucumber.filter.tags=@TC_1048344&apos; did not match this scenario"/>
  </testcase>
  <testcase name="544953 - Red Hybrid - Change Next Plan - Change Next Plan overlay - Check UI of Change Next Plan overlay after tapping on &quot;Change next plan&quot; CTA in quick links" classname="544953 - Red Hybrid - Change Next Plan - Change Next Plan overlay" time="0">
    <skipped message="&apos;cucumber.filter.tags=@TC_1048344&apos; did not match this scenario"/>
  </testcase>
  <testcase name="544953 - Red Hybrid - Change Next Plan - Change Next Plan overlay - check the  Manage plan Tile in Dashboard for a user who has a queued plan  as plan API response" classname="544953 - Red Hybrid - Change Next Plan - Change Next Plan overlay" time="0">
    <skipped message="&apos;cucumber.filter.tags=@TC_1048344&apos; did not match this scenario"/>
  </testcase>
  <testcase name="544953 - Red Hybrid - Change Next Plan - Change Next Plan overlay - Check &quot;Continue&quot; CTA behavior when the user chose &quot;Change plan for the Next month&quot; in the &quot;Change Plan&quot; overlay _Functional" classname="544953 - Red Hybrid - Change Next Plan - Change Next Plan overlay" time="0">
    <skipped message="&apos;cucumber.filter.tags=@TC_1048344&apos; did not match this scenario"/>
  </testcase>
  <testcase name="544953 - Red Hybrid - Change Next Plan - Change Next Plan overlay - Check &quot;Continue&quot; CTA behavior when the user chose &quot;Renew Plan early&quot; from the &quot;Change Plan&quot; overlay _Functional" classname="544953 - Red Hybrid - Change Next Plan - Change Next Plan overlay" time="0">
    <skipped message="&apos;cucumber.filter.tags=@TC_1048344&apos; did not match this scenario"/>
  </testcase>
  <testcase name="544820 - Red Hybrid - Change Next Plan - Reflection and masking of the change next plan action - Check &quot;Continue&quot; CTA navigated to the plan tab for users changing their next plan" classname="544820 - Red Hybrid - Change Next Plan - Reflection and masking of the change next plan action" time="0">
    <skipped message="&apos;cucumber.filter.tags=@TC_1048344&apos; did not match this scenario"/>
  </testcase>
  <testcase name="544820 - Red Hybrid - Change Next Plan - Reflection and masking of the change next plan action - check behavior when try to change next plan from quick links after the mask cover the &quot;Manage your plan&quot; card" classname="544820 - Red Hybrid - Change Next Plan - Reflection and masking of the change next plan action" time="0">
    <skipped message="&apos;cucumber.filter.tags=@TC_1048344&apos; did not match this scenario"/>
  </testcase>
  <testcase name="544777 : Red Hybrid - Change Next Plan - Confirm Plan Change Overlay - Payment Method already added - Check UI of &quot;Confirm Plan Change&quot; overlay after tapping on Continue CTA  in &quot;Change Next Plan&quot; overlay_UI" classname="544777 : Red Hybrid - Change Next Plan - Confirm Plan Change Overlay - Payment Method already added" time="0">
    <skipped message="&apos;cucumber.filter.tags=@TC_1048344&apos; did not match this scenario"/>
  </testcase>
  <testcase name="544777 : Red Hybrid - Change Next Plan - Confirm Plan Change Overlay - Payment Method already added - E to E TC1_ Change plan from quick links with Payment added" classname="544777 : Red Hybrid - Change Next Plan - Confirm Plan Change Overlay - Payment Method already added" time="0">
    <skipped message="&apos;cucumber.filter.tags=@TC_1048344&apos; did not match this scenario"/>
  </testcase>
  <testcase name="544777 : Red Hybrid - Change Next Plan - Confirm Plan Change Overlay - Payment Method already added - P1_ Check that the Auto-Renew overlay will appear for user has Auto Renew toggle off _ FUN" classname="544777 : Red Hybrid - Change Next Plan - Confirm Plan Change Overlay - Payment Method already added" time="0">
    <skipped message="&apos;cucumber.filter.tags=@TC_1048344&apos; did not match this scenario"/>
  </testcase>
  <testcase name="Red Hybrid - Add Extras - Confirm Extra&apos;s purchase - Check UI of Confirm your purchase overlay after tapping on &quot;Pay Now&quot; CTA in Barclays Webview" classname="Red Hybrid - Add Extras - Confirm Extra&apos;s purchase" time="0">
    <skipped message="&apos;cucumber.filter.tags=@TC_1048344&apos; did not match this scenario"/>
  </testcase>
  <testcase name="Red Hybrid - Add Extras - Confirm Extra&apos;s purchase - Check the behavior when click on&quot;Continue&quot; CTA at Confirmation overlay E2E from add extras_Functional. - Examples - Example #1.1" classname="Red Hybrid - Add Extras - Confirm Extra&apos;s purchase - Check the behavior when click on&quot;Continue&quot; CTA at Confirmation overlay E2E from add extras_Functional. - Examples" time="0">
    <skipped message="&apos;cucumber.filter.tags=@TC_1048344&apos; did not match this scenario"/>
  </testcase>
  <testcase name="Red Hybrid - Add Extras - Confirm Extra&apos;s purchase - Check the behavior when click on&quot;Continue&quot; CTA at Confirmation overlay E2E from add extras_Functional. - Examples - Example #1.2" classname="Red Hybrid - Add Extras - Confirm Extra&apos;s purchase - Check the behavior when click on&quot;Continue&quot; CTA at Confirmation overlay E2E from add extras_Functional. - Examples" time="0">
    <skipped message="&apos;cucumber.filter.tags=@TC_1048344&apos; did not match this scenario"/>
  </testcase>
  <testcase name="Red Hybrid - Add Extras - Confirm Extra&apos;s purchase - Check the behavior when click on&quot;Continue&quot; CTA at Confirmation overlay E2E from add extras_Functional. - Examples - Example #1.3" classname="Red Hybrid - Add Extras - Confirm Extra&apos;s purchase - Check the behavior when click on&quot;Continue&quot; CTA at Confirmation overlay E2E from add extras_Functional. - Examples" time="0">
    <skipped message="&apos;cucumber.filter.tags=@TC_1048344&apos; did not match this scenario"/>
  </testcase>
  <testcase name="Red Hybrid - Add Extras - Confirm Extra&apos;s purchase - Check the behavior when click on&quot;Continue&quot; CTA at Confirmation overlay E2E from add extras_Functional. - Examples - Example #1.4" classname="Red Hybrid - Add Extras - Confirm Extra&apos;s purchase - Check the behavior when click on&quot;Continue&quot; CTA at Confirmation overlay E2E from add extras_Functional. - Examples" time="0">
    <skipped message="&apos;cucumber.filter.tags=@TC_1048344&apos; did not match this scenario"/>
  </testcase>
  <testcase name="Automation First || Red Hybrid - MVA - Card Management - Adding new Card - Check the components of the dashboard tray" classname="Automation First || Red Hybrid - MVA - Card Management - Adding new Card" time="0">
    <skipped message="&apos;cucumber.filter.tags=@TC_1048344&apos; did not match this scenario"/>
  </testcase>
  <testcase name="Automation First || Red Hybrid - MVA - Card Management - Adding new Card - Check Veryme Target" classname="Automation First || Red Hybrid - MVA - Card Management - Adding new Card" time="0">
    <skipped message="&apos;cucumber.filter.tags=@TC_1048344&apos; did not match this scenario"/>
  </testcase>
  <testcase name="Automation First || Red Hybrid - MVA - Card Management - Adding new Card - Check TOBi" classname="Automation First || Red Hybrid - MVA - Card Management - Adding new Card" time="0">
    <skipped message="&apos;cucumber.filter.tags=@TC_1048344&apos; did not match this scenario"/>
  </testcase>
  <testcase name="Automation First || Red Hybrid - MVA - Card Management - Adding new Card - Check Settings" classname="Automation First || Red Hybrid - MVA - Card Management - Adding new Card" time="0">
    <skipped message="&apos;cucumber.filter.tags=@TC_1048344&apos; did not match this scenario"/>
  </testcase>
  <testcase name="Automation First || Red Hybrid - MVA - Card Management - Adding new Card - Check My Account Target" classname="Automation First || Red Hybrid - MVA - Card Management - Adding new Card" time="0">
    <skipped message="&apos;cucumber.filter.tags=@TC_1048344&apos; did not match this scenario"/>
  </testcase>
  <testcase name="Automation First || Red Hybrid - MVA - Card Management - Adding new Card - Check Payment Method" classname="Automation First || Red Hybrid - MVA - Card Management - Adding new Card" time="0">
    <skipped message="&apos;cucumber.filter.tags=@TC_1048344&apos; did not match this scenario"/>
  </testcase>
  <testcase name="Automation First || Red Hybrid - MVA - Card Management - Adding new Card - the dashboard tray hidden under My account" classname="Automation First || Red Hybrid - MVA - Card Management - Adding new Card" time="0">
    <skipped message="&apos;cucumber.filter.tags=@TC_1048344&apos; did not match this scenario"/>
  </testcase>
  <testcase name="Automation First || Red Hybrid - MVA - Card Management - Adding new Card - the dashboard tray hidden under payments" classname="Automation First || Red Hybrid - MVA - Card Management - Adding new Card" time="0">
    <skipped message="&apos;cucumber.filter.tags=@TC_1048344&apos; did not match this scenario"/>
  </testcase>
  <testcase name="Automation First || Red Hybrid - MVA - Card Management - Adding new Card - the dashboard tray hidden under settings" classname="Automation First || Red Hybrid - MVA - Card Management - Adding new Card" time="0">
    <skipped message="&apos;cucumber.filter.tags=@TC_1048344&apos; did not match this scenario"/>
  </testcase>
  <testcase name="Dashboard Universal Link - User has  The App Installed with active plan" classname="Dashboard Universal Link" time="0">
    <skipped message="&apos;cucumber.filter.tags=@TC_1048344&apos; did not match this scenario"/>
  </testcase>
  <testcase name="Dashboard Universal Link - User has  The App Installed with no active plan" classname="Dashboard Universal Link" time="0">
    <skipped message="&apos;cucumber.filter.tags=@TC_1048344&apos; did not match this scenario"/>
  </testcase>
  <testcase name="546193: Red Hybrid - Dashboard - Extras list overlay - Check App behavior in case of tapping on &quot;Add extras&quot; tile from Dashboard tiles_Functional" classname="546193: Red Hybrid - Dashboard - Extras list overlay" time="0">
    <skipped message="&apos;cucumber.filter.tags=@TC_1048344&apos; did not match this scenario"/>
  </testcase>
  <testcase name="546193: Red Hybrid - Dashboard - Extras list overlay - Check UI of  &quot;Add extras&quot; overlay after tapping on &quot;Add extras&quot; tile from Dashboard tiles_UI" classname="546193: Red Hybrid - Dashboard - Extras list overlay" time="0">
    <skipped message="&apos;cucumber.filter.tags=@TC_1048344&apos; did not match this scenario"/>
  </testcase>
  <testcase name="RedHybrid Quick Links Menu - Check that quick links menu is displayed_FUN" classname="RedHybrid Quick Links Menu" time="0">
    <skipped message="&apos;cucumber.filter.tags=@TC_1048344&apos; did not match this scenario"/>
  </testcase>
  <testcase name="RedHybrid Quick Links Menu - Check the behavior when clicking on quick links_FUN" classname="RedHybrid Quick Links Menu" time="0">
    <skipped message="&apos;cucumber.filter.tags=@TC_1048344&apos; did not match this scenario"/>
  </testcase>
  <testcase name="RedHybrid Quick Links Menu - Check the UI of the quick links for RedHybrid users that have active plan to change plan journey_UI" classname="RedHybrid Quick Links Menu" time="0">
    <skipped message="&apos;cucumber.filter.tags=@TC_1048344&apos; did not match this scenario"/>
  </testcase>
  <testcase name="RedHybrid Quick Links Menu - Check the UI of the quick links for RedHybrid users  that have active plan  to manage payments_UI" classname="RedHybrid Quick Links Menu" time="0">
    <skipped message="&apos;cucumber.filter.tags=@TC_1048344&apos; did not match this scenario"/>
  </testcase>
  <testcase name="RedHybrid Quick Links Menu - Check the UI of Renew early at quick links for RedHybrid users that have active plan _UI" classname="RedHybrid Quick Links Menu" time="0">
    <skipped message="&apos;cucumber.filter.tags=@TC_1048344&apos; did not match this scenario"/>
  </testcase>
  <testcase name="RedHybrid Quick Links Menu - Check the behavior when click on quick links items after adding renew early E2E_fun" classname="RedHybrid Quick Links Menu" time="0">
    <skipped message="&apos;cucumber.filter.tags=@TC_1048344&apos; did not match this scenario"/>
  </testcase>
  <testcase name="RedHybrid Quick Links Menu - Check the UI of the quick links for RedHybrid users  that have active plan  to manage payments_UI PostBeta" classname="RedHybrid Quick Links Menu" time="0">
    <skipped message="&apos;cucumber.filter.tags=@TC_1048344&apos; did not match this scenario"/>
  </testcase>
  <testcase name="RedHybrid My Accounts - Check the updated product name of the subscription in MyAccount tray icon" classname="RedHybrid My Accounts" time="0">
    <skipped message="&apos;cucumber.filter.tags=@TC_1048344&apos; did not match this scenario"/>
  </testcase>
  <testcase name="RedHybrid My Accounts - Viewing list of Subscriptions and accounts of RedHyprid multiple accounts user" classname="RedHybrid My Accounts" time="0">
    <skipped message="&apos;cucumber.filter.tags=@TC_1048344&apos; did not match this scenario"/>
  </testcase>
  <testcase name="RedHybrid My Accounts - Switching between accounts for redHybrid user has multiple accounts" classname="RedHybrid My Accounts" time="0">
    <skipped message="&apos;cucumber.filter.tags=@TC_1048344&apos; did not match this scenario"/>
  </testcase>
  <testcase name="Red Hybrid - MVA - Settings (App/Account/Privacy) - P1_check UI of App Settings for Red Hybrid user" classname="Red Hybrid - MVA - Settings (App/Account/Privacy)" time="0">
    <skipped message="&apos;cucumber.filter.tags=@TC_1048344&apos; did not match this scenario"/>
  </testcase>
  <testcase name="Red Hybrid - MVA - Settings (App/Account/Privacy) - P1_check behavior of &quot;Reset the app&quot; link in App Settings" classname="Red Hybrid - MVA - Settings (App/Account/Privacy)" time="0">
    <skipped message="&apos;cucumber.filter.tags=@TC_1048344&apos; did not match this scenario"/>
  </testcase>
  <testcase name="Red Hybrid - MVA - Settings (App/Account/Privacy) - P2_check behavior of &quot;Login options&quot; link in App Settings for soft logged in Red Hybrid user" classname="Red Hybrid - MVA - Settings (App/Account/Privacy)" time="0">
    <skipped message="&apos;cucumber.filter.tags=@TC_1048344&apos; did not match this scenario"/>
  </testcase>
  <testcase name="Red Hybrid - MVA - Settings (App/Account/Privacy) - P1_check behavior of &quot;Device permissions&quot; link in App Settings" classname="Red Hybrid - MVA - Settings (App/Account/Privacy)" time="0">
    <skipped message="&apos;cucumber.filter.tags=@TC_1048344&apos; did not match this scenario"/>
  </testcase>
  <testcase name="Red Hybrid - MVA - Settings (App/Account/Privacy) - P1_check behavior of &quot;Terms and Conditions&quot; link in App Settings" classname="Red Hybrid - MVA - Settings (App/Account/Privacy)" time="0">
    <skipped message="&apos;cucumber.filter.tags=@TC_1048344&apos; did not match this scenario"/>
  </testcase>
  <testcase name="Red Hybrid - MVA - Settings (App/Account/Privacy) - P1_check behavior of &quot;App privacy&quot; link in Privacy Settings" classname="Red Hybrid - MVA - Settings (App/Account/Privacy)" time="0">
    <skipped message="&apos;cucumber.filter.tags=@TC_1048344&apos; did not match this scenario"/>
  </testcase>
  <testcase name="Red Hybrid - MVA - Settings (App/Account/Privacy) - P1_check behavior of &quot;Marketing preferences&quot; link in Privacy Settings _FUNC" classname="Red Hybrid - MVA - Settings (App/Account/Privacy)" time="0">
    <skipped message="&apos;cucumber.filter.tags=@TC_1048344&apos; did not match this scenario"/>
  </testcase>
  <testcase name="Red Hybrid - MVA - Settings (App/Account/Privacy) - P1_check behavior of &quot;App Privacy Supplement&quot; link in Privacy Settings" classname="Red Hybrid - MVA - Settings (App/Account/Privacy)" time="0">
    <skipped message="&apos;cucumber.filter.tags=@TC_1048344&apos; did not match this scenario"/>
  </testcase>
  <testcase name="Red Hybrid - MVA - Settings (App/Account/Privacy) - P1_check behavior of &quot;Vodafone Privacy Portal&quot; link in Privacy Settings" classname="Red Hybrid - MVA - Settings (App/Account/Privacy)" time="0">
    <skipped message="&apos;cucumber.filter.tags=@TC_1048344&apos; did not match this scenario"/>
  </testcase>
  <testcase name="Automation First || Red Hybrid - MVA - Plan Management - Change Plan and Opting In/Opting Out - Check the behavior when RedHybrid user who has no/expired payment card added is trying to add a new plan from the plan tab in subscription overlay" classname="Automation First || Red Hybrid - MVA - Plan Management - Change Plan and Opting In/Opting Out" time="0">
    <skipped message="&apos;cucumber.filter.tags=@TC_1048344&apos; did not match this scenario"/>
  </testcase>
  <testcase name="Automation First || Red Hybrid - MVA - Plan Management - Change Plan and Opting In/Opting Out - Check the behavior when RedHybrid user who has no/expired payment card added is trying to change next plan in quick links menu items" classname="Automation First || Red Hybrid - MVA - Plan Management - Change Plan and Opting In/Opting Out" time="0">
    <skipped message="&apos;cucumber.filter.tags=@TC_1048344&apos; did not match this scenario"/>
  </testcase>
  <testcase name="Automation First || Red Hybrid - MVA - Plan Management - Change Plan and Opting In/Opting Out - Check the behavior when clicking on skip button on the overlay informing user to add a payment card" classname="Automation First || Red Hybrid - MVA - Plan Management - Change Plan and Opting In/Opting Out" time="0">
    <skipped message="&apos;cucumber.filter.tags=@TC_1048344&apos; did not match this scenario"/>
  </testcase>
  <testcase name="Automation First || Red Hybrid - MVA - Plan Management - Change Plan and Opting In/Opting Out - Check the behavior when clicking on &quot;Add a new card&quot; CTA" classname="Automation First || Red Hybrid - MVA - Plan Management - Change Plan and Opting In/Opting Out" time="0">
    <skipped message="&apos;cucumber.filter.tags=@TC_1048344&apos; did not match this scenario"/>
  </testcase>
  <testcase name="Automation First || Red Hybrid - MVA - Plan Management - Change Plan and Opting In/Opting Out - Check the behavior when RedHybrid user who has no/expired payment card added is trying to add a new plan from the plan tab in subscription overlay PostBeta" classname="Automation First || Red Hybrid - MVA - Plan Management - Change Plan and Opting In/Opting Out" time="0">
    <skipped message="&apos;cucumber.filter.tags=@TC_1048344&apos; did not match this scenario"/>
  </testcase>
  <testcase name="Automation First || Red Hybrid - MVA - Plan Management - Change Plan and Opting In/Opting Out - Check the behavior when clicking on &quot;Add a new card&quot; CTA PostBeta" classname="Automation First || Red Hybrid - MVA - Plan Management - Change Plan and Opting In/Opting Out" time="0">
    <skipped message="&apos;cucumber.filter.tags=@TC_1048344&apos; did not match this scenario"/>
  </testcase>
  <testcase name="Automation First || Red Hybrid -  MVA - Plan Management - Change Plan and Opting In/Opting Out - P1_Check the behavior when the request of changing next plan is reflected in the plan tab" classname="Automation First || Red Hybrid -  MVA - Plan Management - Change Plan and Opting In/Opting Out" time="0">
    <skipped message="&apos;cucumber.filter.tags=@TC_1048344&apos; did not match this scenario"/>
  </testcase>
  <testcase name="Automation First || Red Hybrid -  MVA - Plan Management - Change Plan and Opting In/Opting Out - P2_Check the behavior when the user try to initiate another request to change next plan" classname="Automation First || Red Hybrid -  MVA - Plan Management - Change Plan and Opting In/Opting Out" time="0">
    <skipped message="&apos;cucumber.filter.tags=@TC_1048344&apos; did not match this scenario"/>
  </testcase>
  <testcase name="Automation First || Red Hybrid -  MVA - Plan Management - Change Plan and Opting In/Opting Out - P2_Check the behavior when the user try to turn off auto renew toggle after the request of changing next plan is reflected" classname="Automation First || Red Hybrid -  MVA - Plan Management - Change Plan and Opting In/Opting Out" time="0">
    <skipped message="&apos;cucumber.filter.tags=@TC_1048344&apos; did not match this scenario"/>
  </testcase>
  <testcase name="Confirm Your Purchase screen in case of adding a new plan - TC_946614: P1_Check UI of &quot;Payment processing&quot;overlay in Add new plan journey _UI" classname="Confirm Your Purchase screen in case of adding a new plan" time="0">
    <skipped message="&apos;cucumber.filter.tags=@TC_1048344&apos; did not match this scenario"/>
  </testcase>
  <testcase name="Confirm Your Purchase screen in case of adding a new plan - TC_650390: P1_Check App behavior in case of tapping on Continue CTA in &quot;Payment method&quot; overlay_Functional" classname="Confirm Your Purchase screen in case of adding a new plan" time="0">
    <skipped message="&apos;cucumber.filter.tags=@TC_1048344&apos; did not match this scenario"/>
  </testcase>
  <testcase name="Confirm Your Purchase screen in case of adding a new plan - TC_650393 : P1_Check App behavior when the user toggles ON the Terms and Conditions in &quot;Confirm your purchase&quot; overlay_Functional" classname="Confirm Your Purchase screen in case of adding a new plan" time="0">
    <skipped message="&apos;cucumber.filter.tags=@TC_1048344&apos; did not match this scenario"/>
  </testcase>
  <testcase name="RedHybrid Login Feature - Check Skip Login Functionality On 4G" classname="RedHybrid Login Feature" time="0">
    <skipped message="&apos;cucumber.filter.tags=@TC_1048344&apos; did not match this scenario"/>
  </testcase>
  <testcase name="RedHybrid Login Feature - Check Login Functionality On 4G" classname="RedHybrid Login Feature" time="0">
    <skipped message="&apos;cucumber.filter.tags=@TC_1048344&apos; did not match this scenario"/>
  </testcase>
  <testcase name="RedHybrid Login Feature - Check Login Functionality On WiFi" classname="RedHybrid Login Feature" time="0">
    <skipped message="&apos;cucumber.filter.tags=@TC_1048344&apos; did not match this scenario"/>
  </testcase>
  <testcase name="RedHybrid No Active Plan Feature - 540026.01_P1_check the dashboard items for Red Hybrid user that has no active plan _FUNC" classname="RedHybrid No Active Plan Feature" time="0">
    <skipped message="&apos;cucumber.filter.tags=@TC_1048344&apos; did not match this scenario"/>
  </testcase>
  <testcase name="RedHybrid PaymentReminder Overlay - check App behavior for Red Hybrid user that his plan renews in 14 days or less days and has not added a Payment card _FUNC" classname="RedHybrid PaymentReminder Overlay" time="0">
    <skipped message="&apos;cucumber.filter.tags=@TC_1048344&apos; did not match this scenario"/>
  </testcase>
  <testcase name="RedHybrid PaymentReminder Overlay - check behavior of &quot;X&quot; CTA in the Add Payment Method Reminder Overlay _FUNC" classname="RedHybrid PaymentReminder Overlay" time="0">
    <skipped message="&apos;cucumber.filter.tags=@TC_1048344&apos; did not match this scenario"/>
  </testcase>
  <testcase name="RedHybrid PaymentReminder Overlay - check behavior of &quot;Add payment card&quot; CTA in the Add Payment Method Reminder Overlay _FUNC" classname="RedHybrid PaymentReminder Overlay" time="0">
    <skipped message="&apos;cucumber.filter.tags=@TC_1048344&apos; did not match this scenario"/>
  </testcase>
  <testcase name="RedHybrid PaymentReminder Overlay - check behavior of &quot;Return to My Vodafone&quot; CTA in the Add Payment Method Reminder Overlay _FUNC" classname="RedHybrid PaymentReminder Overlay" time="0">
    <skipped message="&apos;cucumber.filter.tags=@TC_1048344&apos; did not match this scenario"/>
  </testcase>
  <testcase name="RedHybrid PaymentReminder Overlay - check App behavior when Red Hybrid user has active plan delete the Added payment card after adding it in the next visit_FUNC" classname="RedHybrid PaymentReminder Overlay" time="0">
    <skipped message="&apos;cucumber.filter.tags=@TC_1048344&apos; did not match this scenario"/>
  </testcase>
  <testcase name="RedHybrid PaymentReminder Overlay - Check App&apos;s behavior when tapping on Manage cards universal link using PAYM after hard close the app" classname="RedHybrid PaymentReminder Overlay" time="0">
    <skipped message="&apos;cucumber.filter.tags=@TC_1048344&apos; did not match this scenario"/>
  </testcase>
  <testcase name="RedHybrid PaymentReminder Overlay - Check App&apos;s behavior when tapping on Manage cards universal link using PAYM after hard close the app" classname="RedHybrid PaymentReminder Overlay" time="0">
    <skipped message="&apos;cucumber.filter.tags=@TC_1048344&apos; did not match this scenario"/>
  </testcase>
  <testcase name="RedHybrid Plan card feature - TC_582154: Check the UI displaying of &quot;Plan card&quot; in Subscriptions Overlay - Plan tab" classname="RedHybrid Plan card feature" time="0">
    <skipped message="&apos;cucumber.filter.tags=@TC_1048344&apos; did not match this scenario"/>
  </testcase>
  <testcase name="RedHybrid Plan card feature - TC_582155: Check the Action of clicking on Show more button" classname="RedHybrid Plan card feature" time="0">
    <skipped message="&apos;cucumber.filter.tags=@TC_1048344&apos; did not match this scenario"/>
  </testcase>
  <testcase name="RedHybrid Plan card feature - P1_Check Plan tab behavior in case of removing the payment method added and hardclose the app_Functional" classname="RedHybrid Plan card feature" time="0">
    <skipped message="&apos;cucumber.filter.tags=@TC_1048344&apos; did not match this scenario"/>
  </testcase>
  <testcase name="RedHybrid SubsOverlay Feature - Test Case 567377: Check the header of Subscriptions overlay for RedHybrid user_UI" classname="RedHybrid SubsOverlay Feature" time="0">
    <skipped message="&apos;cucumber.filter.tags=@TC_1048344&apos; did not match this scenario"/>
  </testcase>
  <testcase name="RedHybrid SubsOverlay Feature - Test Case 567376: Check the tabs of Subscriptions overlay for RedHybrid user_FUNC" classname="RedHybrid SubsOverlay Feature" time="0">
    <skipped message="&apos;cucumber.filter.tags=@TC_1048344&apos; did not match this scenario"/>
  </testcase>
  <testcase name="RedHybrid SubsOverlay Feature - Check RedHybrid SubsOverlay After App SoftClose" classname="RedHybrid SubsOverlay Feature" time="0">
    <skipped message="&apos;cucumber.filter.tags=@TC_1048344&apos; did not match this scenario"/>
  </testcase>
  <testcase name="RedHybrid SubsOverlay Feature - Test Case 567378: Check behavior of &quot;X&quot; CTA in the Subscriptions overlay header for RedHybrid user_FUNC" classname="RedHybrid SubsOverlay Feature" time="0">
    <skipped message="&apos;cucumber.filter.tags=@TC_1048344&apos; did not match this scenario"/>
  </testcase>
  <testcase name="546216: Red Hybrid - Subscriptions Overlay - Extras tab - P1_Check the UI of extras tab in the subs overlay screen" classname="546216: Red Hybrid - Subscriptions Overlay - Extras tab" time="0">
    <skipped message="&apos;cucumber.filter.tags=@TC_1048344&apos; did not match this scenario"/>
  </testcase>
  <testcase name="546216: Red Hybrid - Subscriptions Overlay - Extras tab - P3_Check that pay as you go extras card is removed" classname="546216: Red Hybrid - Subscriptions Overlay - Extras tab" time="0">
    <skipped message="&apos;cucumber.filter.tags=@TC_1048344&apos; did not match this scenario"/>
  </testcase>
  <testcase name="546216: Red Hybrid - Subscriptions Overlay - Extras tab - Check My Extra allowances card if the user has active Extras" classname="546216: Red Hybrid - Subscriptions Overlay - Extras tab" time="0">
    <skipped message="&apos;cucumber.filter.tags=@TC_1048344&apos; did not match this scenario"/>
  </testcase>
  <testcase name="Red Hybrid - Subscriptions Overlay - Usage tab - Usage card - TC_583547: Check the displaying of the usage card for RedHybrid user has an active plan with auto renew on" classname="Red Hybrid - Subscriptions Overlay - Usage tab - Usage card" time="0">
    <skipped message="&apos;cucumber.filter.tags=@TC_1048344&apos; did not match this scenario"/>
  </testcase>
  <testcase name="Red Hybrid - Subscriptions Overlay - Usage tab - Usage card - TC_583556: P1_Check Mapping of the data retrieved from GetBalance DXL API with the Usage card_Functional" classname="Red Hybrid - Subscriptions Overlay - Usage tab - Usage card" time="0">
    <skipped message="&apos;cucumber.filter.tags=@TC_1048344&apos; did not match this scenario"/>
  </testcase>
  <testcase name="Red Hybrid - MVA - Subscriptions Overlay - Check the content of Active extras card for Red Hybrid user has active Extras" classname="Red Hybrid - MVA - Subscriptions Overlay" time="0">
    <skipped message="&apos;cucumber.filter.tags=@TC_1048344&apos; did not match this scenario"/>
  </testcase>
  <testcase name="Red Hybrid - MVA - Subscriptions Overlay - Check that Add Extras CTA is removed for Red Hybrid User has Active Extras" classname="Red Hybrid - MVA - Subscriptions Overlay" time="0">
    <skipped message="&apos;cucumber.filter.tags=@TC_1048344&apos; did not match this scenario"/>
  </testcase>
  <testcase name="Red Hybrid Add Extras Category links - Check functionality of link &quot;What destinations are included?&quot; in &quot;Extra&quot; overlay - Examples - Example #1.1" classname="Red Hybrid Add Extras Category links - Check functionality of link &quot;What destinations are included?&quot; in &quot;Extra&quot; overlay - Examples" time="0">
    <skipped message="&apos;cucumber.filter.tags=@TC_1048344&apos; did not match this scenario"/>
  </testcase>
  <testcase name="Red Hybrid Add Extras Category links - Check functionality of link &quot;What destinations are included?&quot; in &quot;Extra&quot; overlay - Examples - Example #1.2" classname="Red Hybrid Add Extras Category links - Check functionality of link &quot;What destinations are included?&quot; in &quot;Extra&quot; overlay - Examples" time="0">
    <skipped message="&apos;cucumber.filter.tags=@TC_1048344&apos; did not match this scenario"/>
  </testcase>
  <testcase name="Red Hybrid Add Extras Category links - Check functionality of link &quot;What destinations are included?&quot; in &quot;Extra&quot; overlay - Examples - Example #1.3" classname="Red Hybrid Add Extras Category links - Check functionality of link &quot;What destinations are included?&quot; in &quot;Extra&quot; overlay - Examples" time="0">
    <skipped message="&apos;cucumber.filter.tags=@TC_1048344&apos; did not match this scenario"/>
  </testcase>
  <testcase name="Red Hybrid Add Extras Category links - Check functionality of link &quot;What destinations are included?&quot; in &quot;Extra&quot; overlay - Examples - Example #1.4" classname="Red Hybrid Add Extras Category links - Check functionality of link &quot;What destinations are included?&quot; in &quot;Extra&quot; overlay - Examples" time="0">
    <skipped message="&apos;cucumber.filter.tags=@TC_1048344&apos; did not match this scenario"/>
  </testcase>
  <testcase name="Red Hybrid Add Extras Category links - Check functionality of link &quot;What destinations are included?&quot; in &quot;Extra&quot; overlay - Examples - Example #1.5" classname="Red Hybrid Add Extras Category links - Check functionality of link &quot;What destinations are included?&quot; in &quot;Extra&quot; overlay - Examples" time="0">
    <skipped message="&apos;cucumber.filter.tags=@TC_1048344&apos; did not match this scenario"/>
  </testcase>
  <testcase name="Red Hybrid Add Extras Category links - Check UI of Extras overlay after tapping on &quot;Extra&quot; tile from &quot;Add Extras&quot; screen_UI - Examples - Example #1.1" classname="Red Hybrid Add Extras Category links - Check UI of Extras overlay after tapping on &quot;Extra&quot; tile from &quot;Add Extras&quot; screen_UI - Examples" time="0">
    <skipped message="&apos;cucumber.filter.tags=@TC_1048344&apos; did not match this scenario"/>
  </testcase>
  <testcase name="Red Hybrid Add Extras Category links - Check UI of Extras overlay after tapping on &quot;Extra&quot; tile from &quot;Add Extras&quot; screen_UI - Examples - Example #1.2" classname="Red Hybrid Add Extras Category links - Check UI of Extras overlay after tapping on &quot;Extra&quot; tile from &quot;Add Extras&quot; screen_UI - Examples" time="0">
    <skipped message="&apos;cucumber.filter.tags=@TC_1048344&apos; did not match this scenario"/>
  </testcase>
  <testcase name="Red Hybrid Add Extras Category links - Check UI of Extras overlay after tapping on &quot;Extra&quot; tile from &quot;Add Extras&quot; screen_UI - Examples - Example #1.3" classname="Red Hybrid Add Extras Category links - Check UI of Extras overlay after tapping on &quot;Extra&quot; tile from &quot;Add Extras&quot; screen_UI - Examples" time="0">
    <skipped message="&apos;cucumber.filter.tags=@TC_1048344&apos; did not match this scenario"/>
  </testcase>
  <testcase name="Red Hybrid Add Extras Category links - Check UI of Extras overlay after tapping on &quot;Extra&quot; tile from &quot;Add Extras&quot; screen_UI - Examples - Example #1.4" classname="Red Hybrid Add Extras Category links - Check UI of Extras overlay after tapping on &quot;Extra&quot; tile from &quot;Add Extras&quot; screen_UI - Examples" time="0">
    <skipped message="&apos;cucumber.filter.tags=@TC_1048344&apos; did not match this scenario"/>
  </testcase>
  <testcase name="Red Hybrid Add Extras Category links - Check UI of Extras overlay after tapping on &quot;Extra&quot; tile from &quot;Add Extras&quot; screen_UI - Examples - Example #1.5" classname="Red Hybrid Add Extras Category links - Check UI of Extras overlay after tapping on &quot;Extra&quot; tile from &quot;Add Extras&quot; screen_UI - Examples" time="0">
    <skipped message="&apos;cucumber.filter.tags=@TC_1048344&apos; did not match this scenario"/>
  </testcase>
  <testcase name="Red Hybrid Add Extras Category links - Check that Renew plan early overlay is displayed in Add Data overlay" classname="Red Hybrid Add Extras Category links" time="38.769">
    <error message="Could not start a new session. Response code 500. Message: An unknown server-side error occurred while processing the command. Original error: Unable to launch WebDriverAgent because of xcodebuild failure: xcodebuild failed with code 65&#10;xcodebuild error message:&#10;. Make sure you follow the tutorial at https://github.com/appium/appium-xcuitest-driver/blob/master/docs/real-device-config.md. Try to remove the WebDriverAgentRunner application from the device if it is installed and reboot the device. &#10;Host info: host: &apos;E1180517&apos;, ip: &apos;fe80:0:0:0:44:43a0:7825:8479%en0&apos;&#10;Build info: version: &apos;4.13.0&apos;, revision: &apos;ba948ece5b*&apos;&#10;System info: os.name: &apos;Mac OS X&apos;, os.arch: &apos;aarch64&apos;, os.version: &apos;13.5.1&apos;, java.version: &apos;17.0.7&apos;&#10;Driver info: io.appium.java_client.ios.IOSDriver&#10;Command: [null, newSession {capabilities=[{appium:autoAcceptAlerts=false, appium:automationName=XCUITest, appium:bundleId=com.VIS.myvodafoneUK, appium:deviceName=iPhone 12 Pro, appium:newCommandTimeout=60000, appium:noReset=false, platformName=IOS, appium:platformVersion=16.1.1, appium:udid=00008101-000E399A2684001E}], desiredCapabilities=Capabilities {autoAcceptAlerts: false, automationName: XCUITest, bundleId: com.VIS.myvodafoneUK, deviceName: iPhone 12 Pro, newCommandTimeout: 60000, noReset: false, platformName: IOS, platformVersion: 16.1.1, udid: 00008101-000E399A2684001E}}]&#10;Capabilities {autoAcceptAlerts: false, automationName: XCUITest, bundleId: com.VIS.myvodafoneUK, deviceName: iPhone 12 Pro, newCommandTimeout: 60000, noReset: false, platformName: IOS, platformVersion: 16.1.1, udid: 00008101-000E399A2684001E}" type="org.openqa.selenium.SessionNotCreatedException"><![CDATA[org.openqa.selenium.SessionNotCreatedException: 
Could not start a new session. Response code 500. Message: An unknown server-side error occurred while processing the command. Original error: Unable to launch WebDriverAgent because of xcodebuild failure: xcodebuild failed with code 65
xcodebuild error message:
. Make sure you follow the tutorial at https://github.com/appium/appium-xcuitest-driver/blob/master/docs/real-device-config.md. Try to remove the WebDriverAgentRunner application from the device if it is installed and reboot the device. 
Host info: host: 'E1180517', ip: 'fe80:0:0:0:44:43a0:7825:8479%en0'
Build info: version: '4.13.0', revision: 'ba948ece5b*'
System info: os.name: 'Mac OS X', os.arch: 'aarch64', os.version: '13.5.1', java.version: '17.0.7'
Driver info: io.appium.java_client.ios.IOSDriver
Command: [null, newSession {capabilities=[{appium:autoAcceptAlerts=false, appium:automationName=XCUITest, appium:bundleId=com.VIS.myvodafoneUK, appium:deviceName=iPhone 12 Pro, appium:newCommandTimeout=60000, appium:noReset=false, platformName=IOS, appium:platformVersion=16.1.1, appium:udid=00008101-000E399A2684001E}], desiredCapabilities=Capabilities {autoAcceptAlerts: false, automationName: XCUITest, bundleId: com.VIS.myvodafoneUK, deviceName: iPhone 12 Pro, newCommandTimeout: 60000, noReset: false, platformName: IOS, platformVersion: 16.1.1, udid: 00008101-000E399A2684001E}}]
Capabilities {autoAcceptAlerts: false, automationName: XCUITest, bundleId: com.VIS.myvodafoneUK, deviceName: iPhone 12 Pro, newCommandTimeout: 60000, noReset: false, platformName: IOS, platformVersion: 16.1.1, udid: 00008101-000E399A2684001E}
	at org.openqa.selenium.remote.ProtocolHandshake.createSession(ProtocolHandshake.java:140)
	at java.base/jdk.internal.reflect.NativeMethodAccessorImpl.invoke0(Native Method)
	at java.base/jdk.internal.reflect.NativeMethodAccessorImpl.invoke(NativeMethodAccessorImpl.java:77)
	at java.base/jdk.internal.reflect.DelegatingMethodAccessorImpl.invoke(DelegatingMethodAccessorImpl.java:43)
	at java.base/java.lang.reflect.Method.invoke(Method.java:568)
	at io.appium.java_client.remote.AppiumProtocolHandshake.createSession(AppiumProtocolHandshake.java:133)
	at io.appium.java_client.remote.AppiumProtocolHandshake.createSession(AppiumProtocolHandshake.java:102)
	at io.appium.java_client.remote.AppiumCommandExecutor.createSession(AppiumCommandExecutor.java:182)
	at io.appium.java_client.remote.AppiumCommandExecutor.execute(AppiumCommandExecutor.java:250)
	at org.openqa.selenium.remote.RemoteWebDriver.execute(RemoteWebDriver.java:602)
	at io.appium.java_client.AppiumDriver.startSession(AppiumDriver.java:274)
	at org.openqa.selenium.remote.RemoteWebDriver.<init>(RemoteWebDriver.java:163)
	at io.appium.java_client.AppiumDriver.<init>(AppiumDriver.java:89)
	at io.appium.java_client.AppiumDriver.<init>(AppiumDriver.java:101)
	at io.appium.java_client.ios.IOSDriver.<init>(IOSDriver.java:104)
	at core.drivers_initializer.drivers.BaseIOSDriver.createDriver(BaseIOSDriver.java:18)
	at core.drivers_initializer.drivers.BaseIOSDriver.createDriver(BaseIOSDriver.java:12)
	at core.drivers_initializer.drivers.AppiumMobileDriver.setup(AppiumMobileDriver.java:154)
	at core.Hooks.beforeAll(Hooks.java:216)
]]></error>
    <system-out><![CDATA[
@3G @RedHybrid @TC_1048344 @POST_BETA
Scenario: Check that Renew plan early overlay is displayed in Add Data overlay &amp#27;[90m# src/test/resources/features/RedHybrid/Red_Hybrid_Add_Extras_Category_links.feature:37&amp#27;[0m
Erqz9AO1nO6aP8EJhKlvANrA2BSND+KOKP8MoMY4HkhncDEY7VGcvZaAgdvjCbqjy6ibR2/6tlWgACXA+iepbH2POhR2LQYhwj8momEKlZQpxosXE3Twa4CUPOcUY00W7lyaHVIuGx0khbk3iEL9qHoOGhXsqyCkGJgJfnZ3Jc1U+o5IAWRbBiHTXpFfvkOOxGwOeMzlR3dFUOSlUxB4S4DF7myiqxo24ZzvZI2fPOZui6BPtdCtg7bULWNnPYaxMX8JfJ1+U0EB/HWGWxrqUfeYRtfq5qxEuWQaFZw1aI2K36tGR7TduW+LLE1YIyZHfZI/zRGtgWhYfjBGkPOSJJ0UD3Ih851QM37kGYjjvCMZAizKEyserh0B3m4qxFy0k6DoKFNzut5M4DXyUdltGtk6DCxUepOyMpeLX4niDqvFhPEe3PtD7cTVrEkgAePn3EhKw91g428lOYXfMM1RLlThI2aBGvLcwZyTRvuHUr6IfDdbw0kuxIFjBly67ONyToJh3sjl/VFMW93b2WCnG2OzhWGFYZg7DmaAbw9NrIlW90BlIQgGE9kOzjMi+gQJle7dPMwpnaCcbLEfuGBoLDPf/WJrqC6w4IEopwMxI5pcdCkLOR6B4Bzvg2hWm2RZ/6wYEtD/Dpmbg25Le5yo36BdW9REphV7jwuAiTRvPS9RtZoVHeVw5TusyFkZCUm0ch/tPI8/mRNR9lUXzQ4IUQqMKYPFXXLDP0X+VlFmGhLdLvN0mFKryZKIkDzAb4ByyBj3RWZYkhaDhjIRUOUHEb25UiTpFS1DUCi9o0NrGfzBQ2BZMQLEcX1xHQXQqDgBF5bX3bTND77SDE+ZGHpAHsngd+mHAbtm8+auFaYTql90orK8kLGMNgayj70rsrldiQM/i1Rz3Hdb7NqB8LSUtB4QxHDZIRyBUvCb7YznU4S2Q+qnZWmdoWHphqZCR/otHM9Ld22DCgEXbnnFvj6bza5X4dysMxfZbWvctHy6wO60NF12ILGJg21ijss9z1yfPsoZ2kEs+M1LHMNa+x/QIqwWKRiYcRygMMuqYBPaxjfjOFCLrfc7+s7Hqov3s3vJQ6JE9R9Nt79/gE7vOiQG8DLncE3xYqypvOq0NOWl9/8U9Z1Qh/MFJ965lHRbGGYgrDBafSrg+d8mwyMNK+UrsJTm0iPoCzvgoR6Z3OvCyuB5fu33vQ4y3M9HcoppMwYZvr1wCzlfz/k87ILfPT2JOhHHzicR2RGKngNh0iVzK/9W+IG9po6abUa2lhBAsBcmEkayjDbMpAxJRY7k/eg5AW2dPPmXOMtAtw5ZaedIlLOCto4cZ9oQ8AtVM2i8khXNnXB9tWHdoXAPX86fSDkJmTeQPJNn2LsDXkWc/X6e+vfvE5k/PI5cY4tM10ceqhZKG+VUMwYvt8+m75sVxJiWI/htD88kQhnS1ih0nfgXKQ7ik8jR/GmFO4CXZ2lJ/IN9cX6XbHAPiBGgOp8GQuGT7IF0uau40ywg8Hd71u8CfTuJ68XAcuSFvS30AGB+t53kM6Tx55sIxtjzHmtAFJBa3JS6IL6DgH89P15+mr80GpGRtJF4bFLeG2a2dD3Kie2p1B+YZW4uY7HfXL1JTkpcu7ZsHmNFrYvDGw5ifLJ3gPW3vcpz7q//dURYpTSosg93ddbPkLnewVbe3+lqPu3QnzfGXLb5RaD0JJDFeAbeg4/pCtpbd3jm3uPc6BicBdvpvXfoP+2mOQ9YKxnENQSXXEBFZVfE/bMjHS+spbMAcUCNrzxqwi4VZhtYR6ufDTs/z75XRtB/t371qcrMwu9JYsOQf+1lPEOIysSXK8Jg0M/1rfiFdMVxvpjZMMXrmGxTCHq28Y7PRY4veFricCUEYWNfSRHoiQxfIOxgUzOF5pUp5mchS8r8AXXRN5v7i9N/jfzOTfK5ERSsNmk/MikDGJA8tJpdijWqb/Exblgx1j3A+G9OiR7y1Ywg7QDYZ6oe7LgBAqijT7fl1jS0u11oTa+XK4gWZGfxOYvL38R8qI9vJBaLElYwTSHBe2b696FHwfFOQdIK93zP1fLe/wlUzlm9zkXD1gTm8Y5VkYWbFk79XTVF8mPrAnyaS7Oeaj4EpgN8cEsGzJxouYOMJQWX1xFjMVa+7JMCCoGv0OmGSmPDF1HK1ANLOlKJf81npyBLakwXocH8fNN1890cqIqD99cgyiz4/D5JZjJfAOkDZOXCGWi7NEwUVeurB9QQt7V100qtJTz+p4i50pUxj+XnjPlt/wN9xXg1GOU9fnBTXBwayA1XpLk3gfbAMKGfSLsX71Dq/Gu8rflofpfG+yCV5qrSJXlW+ifo8REutH3FfjqTvNcpiFvfl/uFP8Qr5Q1HWcl2vccZpwarLqGwN0Z2+PMe/R5b8yrehQo4g4b4phPWMmatY+IOIyAQ+ge77HBz561EaJyp7gj77ShuS4bFGlrDUtrWHK95vcMLBbTR2NR37V/ndL+bZv/sDMuKVZXrdgLVXzJJhqn21/e77cyv5xhXnnjgwbp1ITixgLoHTa9aPwLdkx7t4gQhUJEuGiEuKsfE9bwHvwznRPAN/41JH2xRhfkw7iAHV1/B3ORpC+KO4H42bnwpV9yheJYSFh6C6GdOnbVWPfwem8vcAi6Z76rFk569obAwu7RPiPvSFE0ABnE51pWkL+kgH8bkEFANQfY0SQvv/ViePcLnLXAILBZ32+vkHGk+1ThZonHtvGc=
MSISDN:   447879673601
API URL:   https://mvax.dx-int1-common.digital.vodafoneaws.co.uk
[B@5aa5b3af
DSmp9ipWx6w5hZG/paR9jHKKi9728OU5LUhfsG6Hfbwe42PVo1zkymel6vt/I3FRoYt2eL4k782q36gAq6uifhRWFC0bW2Or6EAoTpzlaTNS+xs2A2j5SAb023tmzsnmoJj8U3j4HEjEEX2bpgLvNcyGJfp6hAD4LLrEzyaXUk0esQruX6fn2Abek7IdDe3Pf1UGHetcR+eP98doJdR9Lj8rfJO8IHS6ADev4SnqxqwoZ1TpO8PJ0NWT9H/JoYFDi4rM0VOvdPw7yh4mo9DG9d6xLVsnzDVd/sjuQLcv4Np7NwkTdLvrjj0Qhner0YoZg21crvH7b/PjvJmb1uBevQFaPdbFXI/V40gfw2buOrbJ/itEZEuM4MqwrGk9FmuRLorwnI78JnxGHzTHftk7UYE+R6H0iBC9zpOz9CfuPl2oJR49wzWI3H8oxhe1YTyUe9jyZF2CFOE75AzdNbllw/IdDYZUGZRaMS+6SKng+Xm5IZftnITIULKGdgUZwWvtyRLb4kPmwATZb/M6WGICA3SyVbu0DuYDrlThJE0k0Z8FVYzyHFBz1XiFh0orLFn+KZi1bYhg8f3QecXVjz2zGyNMjeMA4xIsOmjLOm2fHnRjrWmxS31uYRXNSN4NczwQNB2iQUZa9lWCnuky4ZqHB2cq4GK0rRoZUYw1D77RJg/NBQwWWYdJV+X2I0wIFMD2W2Hh+8WiylAG4lyAX74kelkNcQW2UriVuZ/fmrkG+trA4fk4j7AaNK+8/egs1m6H0O4L1bVDtIZSl0J8eO8gNFZdytWnh9Gdtiy2RzjwdDWm/mDhrXZ2tEPCqRXW7OLBNdMShv7qeXKenqaMF4E6t3Y+Resfo0DaFe6i/odpSWFKC6LQet3ZfsiD67d+T3Jhvbo4zmHRgTp5f5SrCUfVktjDhdCYoUVF5FkyaAuGIM+RFyvfqourKrV3ETxZ39lgN00CbwlXU/lMOmMPHxx9OTLkMVhfszeoNMm6saa7Lww3BZ/gCerT9IHkZLPUYCetvWf0UtSN7Sx3ixWcQIPu5jlToVJ0SKu6dsKT+thEBPR2+kL2wcKvL4T5/tvBAnW6V0opSf/p+GNx6n27bIrReyPOXfDPki3cO07rWJcD9UVfhUPz88oRdiCK8fdYif/sWndxJD+4uqn2Duarizk5d7p4bvXQOHVE5/WbWhqI923txKuuNMbAm9hpGFVGrPfwvhmcm5G09twQ9OAO3lizBw3g0diZR+Jn08LXIBwZQ+kjcFfxOOAs79aBdb3Nm2sTPf3fv6wRTq+6pr2C+zqkH7GvE5NfDtnTeRB62qKoMukBdX64iHK3ej6RVDcSfCZWICFbmh871a4KqNUpnAYvFrf57fD1JhKN7dIwcdXiCLJmhwszaLONcRcABQa73nuZ8sfOXPu2jdl4URG41CkyF77v4elaJkA+lSwbpYYqGjcbTRCXvoMF5aiWQ+1/GhYDh0kovfCGJxKBk/GtcNDcXj0zcKwvEiLYiGEtERe78+hq+1CrzWDYv9IRxRsrdEEBoYOCRo7r5tqjf94Awfi0xETrMBKXDGYxbozruZ5y/rPFaIRvdveJkXPRM2XXi5Gxl3G1pBKjPEoq0aM3k2QlpK43FVgvonjt4qI9WfLuqwwVIUDPzZPORd6gIjCuSE1RZ7iwKNcOaPILSJI6gK3KsN2cwcDbTjxM9yxCjpp1j8gDpREdRqEmL8RzRSSdUvydO7xRAjXh0xP9+mP0QgZ8mjFXg1CE9kWQJCA4MAR0j62GlxbpZoAcbSCVgulM16KX60O3RDesxXtBlHCB1eOW4dZLwcmwA+e7b0WODrQIuAhoxrkbIHvLJ+SOKU2an08+3Du4yT6SM7oBWsNqElKFdIcO2Efxfl1nErYxEcfLR0lpeRhqy8VXxuIAXggtnBzgKq9KwrghQv/G2dNiWt6/O9bLrGWV5+fRlVO5rzav62jD5F7uO0b7mXIwfag2yS41H/URju0PHeZJXdKExsV2j/o7NgRs4j1nF/GFqFuFjR8nTIfxk6PST+hP0lTo20eaFaEm3cZP+MJ9ahZRmFW2rqGY2PYF4qVEHMOuynpfEjp8SUHgJmAjoZpfkI3pUEAoPUX1OrRkjlks5biiCSONNFZkNxgNcO246jfmx/Ae8tHMak6Tyc+Uc5TqgvUeHNE3cdnwc98wuPmeLvP+qhOVLgPEhcmh5K5Jva0PLXCP3gP5N4uEAZoWkOwSC5brCJao+A4zpNHy3Fmf+BPTxCGDwMAutAdlJ/B2oh20tPNCGFdoX9x38zzw5jkBD7aFIW4DVUG+qfKtVgtYOh9mC9DSz/icfyFFgEcUlKdCvVWAtz4wMBFntcV6IaTWn5d1zrZIkNI0zcCgn23f9n588EEaQkWqPxkUuN0RaTxP1EM7JywXsPUaluEy0QCYo87RPY15nzINr2mIlHRKRWltjqDkU77AWlotY8AMJC+4vQEegAz/2vACQGMDudD4ZsveIkIcfhU94VfycA88HPw5CIfsR2eSLj6gOF2uEWJcxO80wyZ2KXJbvzZF+Mt6CVivUGTj8HHDH+G+XpefnNery9G/DilI8jd6YcIm9UH0mG7YR324CBQ6GzWPzrhY+d3ZG3U+weuN8UcCQFRvOjGESn2IHN82WlkIQT/N2hD/1kB7l9izVX0zdfyV7J++Wq8i5+8osUd0JtFoTYiBW1ONg0nVVQ2PyGcnODwqctW1zx6beXg=
ios
Running using local Appium server
linesplatformName=iOS
linesplatformVersion=16.1.1
linesdeviceName=iPhone 12 Pro
linesudid=00008101-000E399A2684001E
linesautoAcceptAlerts=false
linesnoReset=false
linesautomationName=XCUITest
linesbundleId=com.VIS.myvodafoneUK
linesnewCommandTimeout=60000
      &amp#27;[31morg.openqa.selenium.SessionNotCreatedException: Could not start a new session. Response code 500. Message: An unknown server-side error occurred while processing the command. Original error: Unable to launch WebDriverAgent because of xcodebuild failure: xcodebuild failed with code 65
xcodebuild error message:
. Make sure you follow the tutorial at https://github.com/appium/appium-xcuitest-driver/blob/master/docs/real-device-config.md. Try to remove the WebDriverAgentRunner application from the device if it is installed and reboot the device. 
Host info: host: 'E1180517', ip: 'fe80:0:0:0:44:43a0:7825:8479%en0'
Build info: version: '4.13.0', revision: 'ba948ece5b*'
System info: os.name: 'Mac OS X', os.arch: 'aarch64', os.version: '13.5.1', java.version: '17.0.7'
Driver info: io.appium.java_client.ios.IOSDriver
Command: [null, newSession {capabilities=[{appium:autoAcceptAlerts=false, appium:automationName=XCUITest, appium:bundleId=com.VIS.myvodafoneUK, appium:deviceName=iPhone 12 Pro, appium:newCommandTimeout=60000, appium:noReset=false, platformName=IOS, appium:platformVersion=16.1.1, appium:udid=00008101-000E399A2684001E}], desiredCapabilities=Capabilities {autoAcceptAlerts: false, automationName: XCUITest, bundleId: com.VIS.myvodafoneUK, deviceName: iPhone 12 Pro, newCommandTimeout: 60000, noReset: false, platformName: IOS, platformVersion: 16.1.1, udid: 00008101-000E399A2684001E}}]
Capabilities {autoAcceptAlerts: false, automationName: XCUITest, bundleId: com.VIS.myvodafoneUK, deviceName: iPhone 12 Pro, newCommandTimeout: 60000, noReset: false, platformName: IOS, platformVersion: 16.1.1, udid: 00008101-000E399A2684001E}
	at org.openqa.selenium.remote.ProtocolHandshake.createSession(ProtocolHandshake.java:140)
	at java.base/jdk.internal.reflect.NativeMethodAccessorImpl.invoke0(Native Method)
	at java.base/jdk.internal.reflect.NativeMethodAccessorImpl.invoke(NativeMethodAccessorImpl.java:77)
	at java.base/jdk.internal.reflect.DelegatingMethodAccessorImpl.invoke(DelegatingMethodAccessorImpl.java:43)
	at java.base/java.lang.reflect.Method.invoke(Method.java:568)
	at io.appium.java_client.remote.AppiumProtocolHandshake.createSession(AppiumProtocolHandshake.java:133)
	at io.appium.java_client.remote.AppiumProtocolHandshake.createSession(AppiumProtocolHandshake.java:102)
	at io.appium.java_client.remote.AppiumCommandExecutor.createSession(AppiumCommandExecutor.java:182)
	at io.appium.java_client.remote.AppiumCommandExecutor.execute(AppiumCommandExecutor.java:250)
	at org.openqa.selenium.remote.RemoteWebDriver.execute(RemoteWebDriver.java:602)
	at io.appium.java_client.AppiumDriver.startSession(AppiumDriver.java:274)
	at org.openqa.selenium.remote.RemoteWebDriver.<init>(RemoteWebDriver.java:163)
	at io.appium.java_client.AppiumDriver.<init>(AppiumDriver.java:89)
	at io.appium.java_client.AppiumDriver.<init>(AppiumDriver.java:101)
	at io.appium.java_client.ios.IOSDriver.<init>(IOSDriver.java:104)
	at core.drivers_initializer.drivers.BaseIOSDriver.createDriver(BaseIOSDriver.java:18)
	at core.drivers_initializer.drivers.BaseIOSDriver.createDriver(BaseIOSDriver.java:12)
	at core.drivers_initializer.drivers.AppiumMobileDriver.setup(AppiumMobileDriver.java:154)
	at core.Hooks.beforeAll(Hooks.java:216)
&amp#27;[0m
  &amp#27;[36mGiven &amp#27;[0m&amp#27;[36mI am MVA user and logged in using Soft Login&amp#27;[0m                           &amp#27;[90m# stepdefs.RedHybrid.RedHybrid_Login.clickOnSkipLoginButton()&amp#27;[0m
  &amp#27;[36mAnd &amp#27;[0m&amp#27;[36mI should be navigated to dashboard&amp#27;[0m                                       &amp#27;[90m# stepdefs.RedHybrid.RedHybrid_Login.dashboardIsDisplayed()&amp#27;[0m
  &amp#27;[36mWhen &amp#27;[0m&amp#27;[36mI navigate to add extras overlay&amp#27;[0m                                        &amp#27;[90m# stepdefs.RedHybrid.Dashboard_ExtrasList_Overlay.userClicksOnAddExtrasTile()&amp#27;[0m
  &amp#27;[36mWhen &amp#27;[0m&amp#27;[36mI click on &amp#27;[0m&amp#27;[36m&amp#27;[1m"Data Extra"&amp#27;[0m&amp#27;[36m extra&amp#27;[0m                                           &amp#27;[90m# stepdefs.RedHybrid.RedHybrid_AddExtras_CategoryLink.userClicksOnRoaming_In_Europe_Extra(java.lang.String)&amp#27;[0m
  &amp#27;[36mAnd &amp#27;[0m&amp#27;[36mI navigate to Extra overlay&amp#27;[0m                                              &amp#27;[90m# stepdefs.RedHybrid.RedHybrid_AddExtras_CategoryLink.extraOverlayAppearToTheUser()&amp#27;[0m
  &amp#27;[36mThen &amp#27;[0m&amp#27;[36mI should see Renew Plan Early CTA is Displayed&amp#27;[0m                          &amp#27;[90m# stepdefs.RedHybrid.RedHybrid_AddExtras_CategoryLink.CheckRenewPlanEarlyCTA()&amp#27;[0m
  &amp#27;[36mWhen &amp#27;[0m&amp#27;[36mI click on Renew Plan Early CTA&amp#27;[0m                                         &amp#27;[90m# stepdefs.RedHybrid.RedHybrid_AddExtras_CategoryLink.iClickOnRenewPlanEarlyCTA()&amp#27;[0m
  &amp#27;[36mThen &amp#27;[0m&amp#27;[36mI should be directed to Renew_plan_early_overlay&amp#27;[0m                        &amp#27;[90m# stepdefs.RedHybrid.RenewPlanEarly.userShouldBeDirectedToRenew_plan_early_overlay()&amp#27;[0m
Failed to take embed Screenshot
========/n Return to the dashborad /n===========
[Ljava.lang.StackTraceElement;@76fdd5f1
]]></system-out>
  </testcase>
  <testcase name="Removing Payment Card - 487760.1-P1.Check UI of Add payment method screen in case of a payment card is already added_UI" classname="Removing Payment Card" time="0">
    <skipped message="&apos;cucumber.filter.tags=@TC_1048344&apos; did not match this scenario"/>
  </testcase>
  <testcase name="Removing Payment Card - 487760.2-P1.Check app behavior when clicking on &quot;Edit&quot; CTA in &quot;Add payment method&quot; screen_Functional" classname="Removing Payment Card" time="0">
    <skipped message="&apos;cucumber.filter.tags=@TC_1048344&apos; did not match this scenario"/>
  </testcase>
  <testcase name="Removing Payment Card - 487760.5-P1.Check app behavior when clicking on Cancel CTA in Confirmation popup_Functional" classname="Removing Payment Card" time="0">
    <skipped message="&apos;cucumber.filter.tags=@TC_1048344&apos; did not match this scenario"/>
  </testcase>
  <testcase name="Removing Payment Card - 487760.6-P1.Check app behavior when clicking on Cancel CTA in &quot;Add payment method&quot; screen_Functional" classname="Removing Payment Card" time="0">
    <skipped message="&apos;cucumber.filter.tags=@TC_1048344&apos; did not match this scenario"/>
  </testcase>
  <testcase name="Removing Payment Card - 487760.7-P2. Check app behavior when clicking on &quot;X&quot; icon in &quot;Add payment method&quot; screen_Functional" classname="Removing Payment Card" time="0">
    <skipped message="&apos;cucumber.filter.tags=@TC_1048344&apos; did not match this scenario"/>
  </testcase>
  <testcase name="Removing Payment Card - P1_validate that the user will see new copy when removing payment card" classname="Removing Payment Card" time="0">
    <skipped message="&apos;cucumber.filter.tags=@TC_1048344&apos; did not match this scenario"/>
  </testcase>
  <testcase name="Removing Payment Card - 487760.4-P1.Check app behavior when clicking on Remove CTA in Confirmation popup_Functional" classname="Removing Payment Card" time="0">
    <skipped message="&apos;cucumber.filter.tags=@TC_1048344&apos; did not match this scenario"/>
  </testcase>
  <testcase name="Feature 568177: Red Hybrid - MVA - Renew Early - Check the Content of Renew Early bundles and UI is retrieved correctly After clicking on &quot;Renew plan early&quot; at quick links menu_Func" classname="Feature 568177: Red Hybrid - MVA - Renew Early" time="0">
    <skipped message="&apos;cucumber.filter.tags=@TC_1048344&apos; did not match this scenario"/>
  </testcase>
  <testcase name="Feature 568177: Red Hybrid - MVA - Renew Early - Check continue CTA in payment Method overlay while &quot;Renew plan early&quot; from quick links menu_Func" classname="Feature 568177: Red Hybrid - MVA - Renew Early" time="0">
    <skipped message="&apos;cucumber.filter.tags=@TC_1048344&apos; did not match this scenario"/>
  </testcase>
  <testcase name="Feature 568177: Red Hybrid - MVA - Renew Early - Check physical Back in payment Method overlay while &quot;Renew plan early&quot; from quick links menu_Func" classname="Feature 568177: Red Hybrid - MVA - Renew Early" time="0">
    <skipped message="&apos;cucumber.filter.tags=@TC_1048344&apos; did not match this scenario"/>
  </testcase>
  <testcase name="Feature 568177: Red Hybrid - MVA - Renew Early - Check UI &amp; back CTA of Confirm your purchase overlay while &quot;Renew plan early&quot; from quick links menu_Func" classname="Feature 568177: Red Hybrid - MVA - Renew Early" time="0">
    <skipped message="&apos;cucumber.filter.tags=@TC_1048344&apos; did not match this scenario"/>
  </testcase>
  <testcase name="Feature 568177: Red Hybrid - MVA - Renew Early - Check &quot;Payment Processing&quot; and &quot;Order confirmation&quot; overlay while Renew plan early_UI" classname="Feature 568177: Red Hybrid - MVA - Renew Early" time="0">
    <skipped message="&apos;cucumber.filter.tags=@TC_1048344&apos; did not match this scenario"/>
  </testcase>
  <testcase name="Feature 568177: Red Hybrid - MVA - Renew Early - Check the behavior when click on &quot;Continue&quot; in &quot;order confirmation&quot; overlay" classname="Feature 568177: Red Hybrid - MVA - Renew Early" time="0">
    <skipped message="&apos;cucumber.filter.tags=@TC_1048344&apos; did not match this scenario"/>
  </testcase>
  <testcase name="Feature 568177: Red Hybrid - MVA - Renew Early - Check behavior when RH user with expired / no Payment method added try to renew the plan from quick links" classname="Feature 568177: Red Hybrid - MVA - Renew Early" time="0">
    <skipped message="&apos;cucumber.filter.tags=@TC_1048344&apos; did not match this scenario"/>
  </testcase>
  <testcase name="Feature 568177: Red Hybrid - MVA - Renew Early - Check behavior when RH user with expired / no Payment method added try to renew the plan from plan tab" classname="Feature 568177: Red Hybrid - MVA - Renew Early" time="0">
    <skipped message="&apos;cucumber.filter.tags=@TC_1048344&apos; did not match this scenario"/>
  </testcase>
  <testcase name="Feature 568177: Red Hybrid - MVA - Renew Early - Check behavior of &quot;Add a new card&quot; CTA in &quot;Add a payment method&quot; overlay" classname="Feature 568177: Red Hybrid - MVA - Renew Early" time="0">
    <skipped message="&apos;cucumber.filter.tags=@TC_1048344&apos; did not match this scenario"/>
  </testcase>
  <testcase name="Feature 568177: Red Hybrid - MVA - Renew Early - Check behavior of back arrow in &quot;Add a payment method&quot; overlay" classname="Feature 568177: Red Hybrid - MVA - Renew Early" time="0">
    <skipped message="&apos;cucumber.filter.tags=@TC_1048344&apos; did not match this scenario"/>
  </testcase>
  <testcase name="Replacing Payment Card - P1- Check the behavior of the app when click on replace my card CTA in payment method screen _Functional" classname="Replacing Payment Card" time="0">
    <skipped message="&apos;cucumber.filter.tags=@TC_1048344&apos; did not match this scenario"/>
  </testcase>
  <testcase name="Replacing Payment Card - P1- Check the behavior of the app when replace the card with the card type_Functional" classname="Replacing Payment Card" time="0">
    <skipped message="&apos;cucumber.filter.tags=@TC_1048344&apos; did not match this scenario"/>
  </testcase>
  <testcase name="Replacing Payment Card - P2- Check the behavior of the app when click physical back button after tapping on replace my card" classname="Replacing Payment Card" time="0">
    <skipped message="&apos;cucumber.filter.tags=@TC_1048344&apos; did not match this scenario"/>
  </testcase>
  <testcase name="Retrieve Payment Card - Check the app behavior when clicking on the continue button after a new payment method is verified_Functional" classname="Retrieve Payment Card" time="0">
    <skipped message="&apos;cucumber.filter.tags=@TC_1048344&apos; did not match this scenario"/>
  </testcase>
  <testcase name="Retrieve Payment Card - check app behavior when clicking on the &quot;x&quot; button in the payment method screen_Functional" classname="Retrieve Payment Card" time="0">
    <skipped message="&apos;cucumber.filter.tags=@TC_1048344&apos; did not match this scenario"/>
  </testcase>
  <testcase name="Retrieve Payment Card - check app behavior when soft close the app on the add payment method screen_Functional" classname="Retrieve Payment Card" time="0">
    <skipped message="&apos;cucumber.filter.tags=@TC_1048344&apos; did not match this scenario"/>
  </testcase>
  <testcase name="RedHybrid - Stay on My Plan - Clicking on Stay on my plan CTA from teal card while not logged-in user and verifying content" classname="RedHybrid - Stay on My Plan" time="0">
    <skipped message="&apos;cucumber.filter.tags=@TC_1048344&apos; did not match this scenario"/>
  </testcase>
  <testcase name="RedHybrid - Stay on My Plan - Clicking on No Thanks CTA and &quot;X&quot; CTA from StayOnMyPlanOrNot Overlay" classname="RedHybrid - Stay on My Plan" time="0">
    <skipped message="&apos;cucumber.filter.tags=@TC_1048344&apos; did not match this scenario"/>
  </testcase>
  <testcase name="RedHybrid - Stay on My Plan - Clicking on stay on current plan CTA from StayOnMyPlanOrNot tray and verifying content" classname="RedHybrid - Stay on My Plan" time="0">
    <skipped message="&apos;cucumber.filter.tags=@TC_1048344&apos; did not match this scenario"/>
  </testcase>
  <testcase name="Red Hybrid - Subscriptions Overlay - Extras tab - Extras list overlay - Check App behavior in case of tapping on &quot;Buy extras&quot; CTA from Extras tab_Functional" classname="Red Hybrid - Subscriptions Overlay - Extras tab - Extras list overlay" time="0">
    <skipped message="&apos;cucumber.filter.tags=@TC_1048344&apos; did not match this scenario"/>
  </testcase>
  <testcase name="Red Hybrid - Subscriptions Overlay - Extras tab - Extras list overlay - Check UI of &quot;Add extras&quot; overlay after tapping on &quot;Buy extras&quot; CTA from Extras tab_UI" classname="Red Hybrid - Subscriptions Overlay - Extras tab - Extras list overlay" time="0">
    <skipped message="&apos;cucumber.filter.tags=@TC_1048344&apos; did not match this scenario"/>
  </testcase>
  <testcase name="Automation First Red Hybrid - MVA - Dashboard Top Tiles - Check that user can see the select new plan card in the top tiles" classname="Automation First Red Hybrid - MVA - Dashboard Top Tiles" time="0">
    <skipped message="&apos;cucumber.filter.tags=@TC_1048344&apos; did not match this scenario"/>
  </testcase>
  <testcase name="Automation First Red Hybrid - MVA - Dashboard Top Tiles - Check that user can swipe the allowance card to view his available extras" classname="Automation First Red Hybrid - MVA - Dashboard Top Tiles" time="0">
    <skipped message="&apos;cucumber.filter.tags=@TC_1048344&apos; did not match this scenario"/>
  </testcase>
  <testcase name="Automation First Red Hybrid - MVA - Dashboard Top Tiles - TC01_checkAllowanceTileHeader" classname="Automation First Red Hybrid - MVA - Dashboard Top Tiles" time="0">
    <skipped message="&apos;cucumber.filter.tags=@TC_1048344&apos; did not match this scenario"/>
  </testcase>
  <testcase name="Automation First Red Hybrid - View Plan Tile - TC01_checkPlanTile" classname="Automation First Red Hybrid - View Plan Tile" time="0">
    <skipped message="&apos;cucumber.filter.tags=@TC_1048344&apos; did not match this scenario"/>
  </testcase>
  <testcase name="632627 - Red Hybrid - Add new plan - Confirm your purchase - Cancelled/Failed Status - P1_Check App behavior in case the user clicks on &quot;cancel CTA in the  &quot;Payment method&quot; overlay_Functional" classname="632627 - Red Hybrid - Add new plan - Confirm your purchase - Cancelled/Failed Status" time="0">
    <skipped message="&apos;cucumber.filter.tags=@TC_1048344&apos; did not match this scenario"/>
  </testcase>
  <testcase name="632627 - Red Hybrid - Add new plan - Confirm your purchase - Cancelled/Failed Status - Check App behavior in case the authorization fails after clicking &quot;continue&quot; CTA in &quot;Payment method&quot; overlay_Functional" classname="632627 - Red Hybrid - Add new plan - Confirm your purchase - Cancelled/Failed Status" time="0">
    <skipped message="&apos;cucumber.filter.tags=@TC_1048344&apos; did not match this scenario"/>
  </testcase>
  <testcase name="632627 - Red Hybrid - Add new plan - Confirm your purchase - Cancelled/Failed Status - P1_Check App behavior in case the user clicks on &quot;Try again&quot; CTA in the &quot;Payment" classname="632627 - Red Hybrid - Add new plan - Confirm your purchase - Cancelled/Failed Status" time="0">
    <skipped message="&apos;cucumber.filter.tags=@TC_1048344&apos; did not match this scenario"/>
  </testcase>
  <testcase name="632627 - Red Hybrid - Add new plan - Confirm your purchase - Cancelled/Failed Status - P1_Check App behavior in case the user clicks on dismissal X CTA in the Payment error overlay after the authorization fails_Functional" classname="632627 - Red Hybrid - Add new plan - Confirm your purchase - Cancelled/Failed Status" time="0">
    <skipped message="&apos;cucumber.filter.tags=@TC_1048344&apos; did not match this scenario"/>
  </testcase>
  <testcase name="632627 - Red Hybrid - Add new plan - Confirm your purchase - Cancelled/Failed Status - P1_Check the UI of the Payment error overlay when the authorization fails after clicking continue CTA in Payment method overlay_UI" classname="632627 - Red Hybrid - Add new plan - Confirm your purchase - Cancelled/Failed Status" time="0">
    <skipped message="&apos;cucumber.filter.tags=@TC_1048344&apos; did not match this scenario"/>
  </testcase>
  <testcase name="speedChecker onePlatform - Check speedchecker screen and functionality" classname="speedChecker onePlatform" time="0">
    <skipped message="&apos;cucumber.filter.tags=@TC_1048344&apos; did not match this scenario"/>
  </testcase>
  <testcase name="speedChecker onePlatform - Check Speed Checker Screen when Network Optimization toggle is OFF" classname="speedChecker onePlatform" time="0">
    <skipped message="&apos;cucumber.filter.tags=@TC_1048344&apos; did not match this scenario"/>
  </testcase>
  <testcase name="speedChecker onePlatform - Check when click on Check data and wifi speed tab in dashboard_Functional" classname="speedChecker onePlatform" time="0">
    <skipped message="&apos;cucumber.filter.tags=@TC_1048344&apos; did not match this scenario"/>
  </testcase>
  <testcase name="speedChecker onePlatform - Check when test network speed when connected to WIFI_FUNC" classname="speedChecker onePlatform" time="0">
    <skipped message="&apos;cucumber.filter.tags=@TC_1048344&apos; did not match this scenario"/>
  </testcase>
  <testcase name="speedChecker onePlatform - Check when test network speed when connected to mobile data_FUNC" classname="speedChecker onePlatform" time="0">
    <skipped message="&apos;cucumber.filter.tags=@TC_1048344&apos; did not match this scenario"/>
  </testcase>
  <testcase name="speedChecker onePlatform - Check speed test results screen_functional" classname="speedChecker onePlatform" time="0">
    <skipped message="&apos;cucumber.filter.tags=@TC_1048344&apos; did not match this scenario"/>
  </testcase>
  <testcase name="speedChecker onePlatform - check More on data and wi-fi speed hyperlink in speed test results screen" classname="speedChecker onePlatform" time="0">
    <skipped message="&apos;cucumber.filter.tags=@TC_1048344&apos; did not match this scenario"/>
  </testcase>
  <testcase name="speedChecker onePlatform - check More on data and wi-fi speed hyperlink in speed test results screen" classname="speedChecker onePlatform" time="0">
    <skipped message="&apos;cucumber.filter.tags=@TC_1048344&apos; did not match this scenario"/>
  </testcase>
  <testcase name="speedChecker onePlatform - check the behavior when user clicks on why this network" classname="speedChecker onePlatform" time="0">
    <skipped message="&apos;cucumber.filter.tags=@TC_1048344&apos; did not match this scenario"/>
  </testcase>
  <testcase name="Strategic Trade in -NON VF Customers- - verify that the user can start strategic trade in from acquisition dashboard discover tile" classname="Strategic Trade in -NON VF Customers-" time="0">
    <skipped message="&apos;cucumber.filter.tags=@TC_1048344&apos; did not match this scenario"/>
  </testcase>
  <testcase name="Strategic Trade in -NON VF Customers- - Verify that the trade in icon navigates to the strategic diagnostic page" classname="Strategic Trade in -NON VF Customers-" time="0">
    <skipped message="&apos;cucumber.filter.tags=@TC_1048344&apos; did not match this scenario"/>
  </testcase>
  <testcase name="Strategic Trade in -VF Customers- - verify that the user can access strategic trade in from assistance link" classname="Strategic Trade in -VF Customers-" time="0">
    <skipped message="&apos;cucumber.filter.tags=@TC_1048344&apos; did not match this scenario"/>
  </testcase>
  <testcase name="Bingo Benefits - TC01_ValidateNewPlanIncludesSection" classname="Bingo Benefits" time="0">
    <skipped message="&apos;cucumber.filter.tags=@TC_1048344&apos; did not match this scenario"/>
  </testcase>
  <testcase name="Bingo Benefits - TC06_Check That 51 Roam Free Destinations Product in the Plan tab" classname="Bingo Benefits" time="0">
    <skipped message="&apos;cucumber.filter.tags=@TC_1048344&apos; did not match this scenario"/>
  </testcase>
  <testcase name="Bingo Benefits - TC02_ValidateUnlimitedPictureMessagesProductTitle" classname="Bingo Benefits" time="0">
    <skipped message="&apos;cucumber.filter.tags=@TC_1048344&apos; did not match this scenario"/>
  </testcase>
  <testcase name="Bingo Benefits - TC05_Check That 50% off OneNumber Benefit in the Plan tab" classname="Bingo Benefits" time="0">
    <skipped message="&apos;cucumber.filter.tags=@TC_1048344&apos; did not match this scenario"/>
  </testcase>
  <testcase name="Bingo Benefits - Check Unlimited Data Booster journey under &quot;Includes&quot; section in Plan Card_Functional" classname="Bingo Benefits" time="0">
    <skipped message="&apos;cucumber.filter.tags=@TC_1048344&apos; did not match this scenario"/>
  </testcase>
  <testcase name="Bingo Benefits - P2_Check Battery refresh Tool icon and copy for Bingo or non-Bingo users_UI" classname="Bingo Benefits" time="0">
    <skipped message="&apos;cucumber.filter.tags=@TC_1048344&apos; did not match this scenario"/>
  </testcase>
  <testcase name="Bingo Benefits - TC07_Check That 81 Roam Free Destinations Product in the Plan tab" classname="Bingo Benefits" time="0">
    <skipped message="&apos;cucumber.filter.tags=@TC_1048344&apos; did not match this scenario"/>
  </testcase>
  <testcase name="Bingo Benefits - Check app behavior when Bingo user clicks on &quot;Phone Buy-Back Guarantee&quot; in device plan sub overlay screen" classname="Bingo Benefits" time="0">
    <skipped message="&apos;cucumber.filter.tags=@TC_1048344&apos; did not match this scenario"/>
  </testcase>
  <testcase name="Bingo Benefits - Check app behavior when Bingo user clicks on &quot;Lifetime Warranty&quot; in &quot;Device plan&quot; subs overlay screen" classname="Bingo Benefits" time="0">
    <skipped message="&apos;cucumber.filter.tags=@TC_1048344&apos; did not match this scenario"/>
  </testcase>
  <testcase name="Bingo Benefits - Check app behavior when Bingo user clicks on &quot;Total Care Warranty&quot; in &quot;Device plan&quot; subs overlay screen" classname="Bingo Benefits" time="0">
    <skipped message="&apos;cucumber.filter.tags=@TC_1048344&apos; did not match this scenario"/>
  </testcase>
  <testcase name="Bingo Benefits - Check app behavior when Bingo user with iPhone 15 Loan clicks on &quot;Phone Buy-Back Guarantee&quot; in device plan sub overlay screen" classname="Bingo Benefits" time="0">
    <skipped message="&apos;cucumber.filter.tags=@TC_1048344&apos; did not match this scenario"/>
  </testcase>
  <testcase name="DX-IDM Heritage User SubsOverlay - Heritage Users Overlay Displayed" classname="DX-IDM Heritage User SubsOverlay" time="0">
    <skipped message="&apos;cucumber.filter.tags=@TC_1048344&apos; did not match this scenario"/>
  </testcase>
  <testcase name="DX-IDM Heritage User SubsOverlay - Close ICon Displayed on Heritage SubsOverlay" classname="DX-IDM Heritage User SubsOverlay" time="0">
    <skipped message="&apos;cucumber.filter.tags=@TC_1048344&apos; did not match this scenario"/>
  </testcase>
  <testcase name="DX-IDM Heritage User SubsOverlay - Return to my vodafone CTA Displayed on Heritage SubsOverlay" classname="DX-IDM Heritage User SubsOverlay" time="0">
    <skipped message="&apos;cucumber.filter.tags=@TC_1048344&apos; did not match this scenario"/>
  </testcase>
  <testcase name="DX-IDM Unknown User SubsOverlay - Unknown Users Overlay Displayed" classname="DX-IDM Unknown User SubsOverlay" time="0">
    <skipped message="&apos;cucumber.filter.tags=@TC_1048344&apos; did not match this scenario"/>
  </testcase>
  <testcase name="DX-IDM Unknown User SubsOverlay - Close ICon Displayed on Unknown SubsOverlay" classname="DX-IDM Unknown User SubsOverlay" time="0">
    <skipped message="&apos;cucumber.filter.tags=@TC_1048344&apos; did not match this scenario"/>
  </testcase>
  <testcase name="DX-IDM Unknown User SubsOverlay - Return to my vodafone CTA Displayed on Unknown SubsOverlay" classname="DX-IDM Unknown User SubsOverlay" time="0">
    <skipped message="&apos;cucumber.filter.tags=@TC_1048344&apos; did not match this scenario"/>
  </testcase>
  <testcase name="DX-IDM Unknown User SubsOverlay - Login CTA Displayed on Unknown SubsOverlay" classname="DX-IDM Unknown User SubsOverlay" time="0">
    <skipped message="&apos;cucumber.filter.tags=@TC_1048344&apos; did not match this scenario"/>
  </testcase>
  <testcase name="DX-IDM VOXI SubsOverlay - VOXI Users Overlay Displayed" classname="DX-IDM VOXI SubsOverlay" time="0">
    <skipped message="&apos;cucumber.filter.tags=@TC_1048344&apos; did not match this scenario"/>
  </testcase>
  <testcase name="DX-IDM VOXI SubsOverlay - visit VOXI CTA Displayed on VOXI SubsOverlay" classname="DX-IDM VOXI SubsOverlay" time="0">
    <skipped message="&apos;cucumber.filter.tags=@TC_1048344&apos; did not match this scenario"/>
  </testcase>
  <testcase name="DX-IDM VOXI SubsOverlay - Return to my vodafone CTA Displayed on VOXI SubsOverlay" classname="DX-IDM VOXI SubsOverlay" time="0">
    <skipped message="&apos;cucumber.filter.tags=@TC_1048344&apos; did not match this scenario"/>
  </testcase>
  <testcase name="VOXI SubsOverlay - First time login/ Welcome Journey - VOXI Users Overlay" classname="VOXI SubsOverlay" time="0">
    <skipped message="&apos;cucumber.filter.tags=@TC_1048344&apos; did not match this scenario"/>
  </testcase>
  <testcase name="Charges tab for PAYM users - CheckAdditionalCharges" classname="Charges tab for PAYM users" time="0">
    <skipped message="&apos;cucumber.filter.tags=@TC_1048344&apos; did not match this scenario"/>
  </testcase>
  <testcase name="Charges tab for PAYM users - Check not logged in user can&apos;t view the itemized out of bundle charges screen" classname="Charges tab for PAYM users" time="0">
    <skipped message="&apos;cucumber.filter.tags=@TC_1048344&apos; did not match this scenario"/>
  </testcase>
  <testcase name="Charges tab for PAYM users - Check logged in user can view the itemized out of bundle charges screen" classname="Charges tab for PAYM users" time="0">
    <skipped message="&apos;cucumber.filter.tags=@TC_1048344&apos; did not match this scenario"/>
  </testcase>
  <testcase name="Charges tab for PAYM users - TC06_validateUnBillsMoreThanSix" classname="Charges tab for PAYM users" time="0">
    <skipped message="&apos;cucumber.filter.tags=@TC_1048344&apos; did not match this scenario"/>
  </testcase>
  <testcase name="Charges tab for PAYM users - Check the new changes in Reinvent webview  when accessing &quot;VIEW_ITEMISED_BILL&quot; journey using a FL SoleTrader" classname="Charges tab for PAYM users" time="0">
    <skipped message="&apos;cucumber.filter.tags=@TC_1048344&apos; did not match this scenario"/>
  </testcase>
  <testcase name="Charges tab for PAYM users - Validate the Charges screen content" classname="Charges tab for PAYM users" time="0">
    <skipped message="&apos;cucumber.filter.tags=@TC_1048344&apos; did not match this scenario"/>
  </testcase>
  <testcase name="ChevronViewOfLoans - Check the chevron/accordion view of multiple paid/Unpaid loans with extras in the device plan over-lay screen" classname="ChevronViewOfLoans" time="0">
    <skipped message="&apos;cucumber.filter.tags=@TC_1048344&apos; did not match this scenario"/>
  </testcase>
  <testcase name="ChevronViewOfLoans - Check that there is no chevron icon if user has only one loan in the device plan over-lay screen" classname="ChevronViewOfLoans" time="0">
    <skipped message="&apos;cucumber.filter.tags=@TC_1048344&apos; did not match this scenario"/>
  </testcase>
  <testcase name="DevicePlanTab - Test Case 601899: P1_Check Device plan tab when user has one loan_UI" classname="DevicePlanTab" time="0">
    <skipped message="&apos;cucumber.filter.tags=@TC_1048344&apos; did not match this scenario"/>
  </testcase>
  <testcase name="DevicePlanTab - Test Case 601925: P1 232566.04_Check that after tapping on Total Care Warranty in includes it will open Total Care Warranty screen_UI" classname="DevicePlanTab" time="0">
    <skipped message="&apos;cucumber.filter.tags=@TC_1048344&apos; did not match this scenario"/>
  </testcase>
  <testcase name="DevicePlanTab - Test Case 634662: P1-Check Battery refresh for Bingo in device plan_FUN" classname="DevicePlanTab" time="0">
    <skipped message="&apos;cucumber.filter.tags=@TC_1048344&apos; did not match this scenario"/>
  </testcase>
  <testcase name="DevicePlanTab - P1-Check Manage device plans CTA and tray list in each card in device plan_FUN" classname="DevicePlanTab" time="0">
    <skipped message="&apos;cucumber.filter.tags=@TC_1048344&apos; did not match this scenario"/>
  </testcase>
  <testcase name="DevicePlanTab - Check behavior when Bingo user clicks on &quot;What is a Device Plan?&quot; link in device plan" classname="DevicePlanTab" time="0">
    <skipped message="&apos;cucumber.filter.tags=@TC_1048344&apos; did not match this scenario"/>
  </testcase>
  <testcase name="DevicePlanTab - Check UI when Bingo user clicks on &quot;What is an Airtime Plan?&quot; link in airtime plan tab" classname="DevicePlanTab" time="0">
    <skipped message="&apos;cucumber.filter.tags=@TC_1048344&apos; did not match this scenario"/>
  </testcase>
  <testcase name="Extras tab for all users - P1 - Check the display of (Extra bars and caps) card for PAYM, PAYG users_Functional" classname="Extras tab for all users" time="0">
    <skipped message="&apos;cucumber.filter.tags=@TC_1048344&apos; did not match this scenario"/>
  </testcase>
  <testcase name="Extras tab for all users - P1 - Check the display of (Buys and manage extras) CTA only for PAYM_Functional" classname="Extras tab for all users" time="0">
    <skipped message="&apos;cucumber.filter.tags=@TC_1048344&apos; did not match this scenario"/>
  </testcase>
  <testcase name="Extras tab for all users - P1 - Check allowances details using PayM user_UI" classname="Extras tab for all users" time="0">
    <skipped message="&apos;cucumber.filter.tags=@TC_1048344&apos; did not match this scenario"/>
  </testcase>
  <testcase name="Extras tab for all users - Check the content of Extras tab for HBB user has an affiliate or promo discount" classname="Extras tab for all users" time="0">
    <skipped message="&apos;cucumber.filter.tags=@TC_1048344&apos; did not match this scenario"/>
  </testcase>
  <testcase name="Extras tab for all users - Check updated copy of &quot;Manage Controls and Limits&quot; CTA and It&apos;s redirection" classname="Extras tab for all users" time="0">
    <skipped message="&apos;cucumber.filter.tags=@TC_1048344&apos; did not match this scenario"/>
  </testcase>
  <testcase name="Group data for Red Leaders users - Test Case 601825: P1 - Check Dashboard tiles for Red leader_Functional" classname="Group data for Red Leaders users" time="0">
    <skipped message="&apos;cucumber.filter.tags=@TC_1048344&apos; did not match this scenario"/>
  </testcase>
  <testcase name="Group data for Red Leaders users - Test Case 601826: P1 - Check group data section_functional" classname="Group data for Red Leaders users" time="0">
    <skipped message="&apos;cucumber.filter.tags=@TC_1048344&apos; did not match this scenario"/>
  </testcase>
  <testcase name="Group data for Red Leaders users - Test Case 601827: P1 - Check Red leader can change limit for sharer when limit is Off and button will be dimmed until changing the limit_Functional" classname="Group data for Red Leaders users" time="0">
    <skipped message="&apos;cucumber.filter.tags=@TC_1048344&apos; did not match this scenario"/>
  </testcase>
  <testcase name="Group data for Red Leaders users - Test Case 601827: P1 - Check Red leader can change limit for sharer when limit is Off and button will be dimmed until changing the limit_Functional in IOS" classname="Group data for Red Leaders users" time="0">
    <skipped message="&apos;cucumber.filter.tags=@TC_1048344&apos; did not match this scenario"/>
  </testcase>
  <testcase name="Add New Plan Overlay - Check the UI of &quot;Add a new plan overlay&quot; after tapping on Tap here to select a plan card" classname="Add New Plan Overlay" time="0">
    <skipped message="&apos;cucumber.filter.tags=@TC_1048344&apos; did not match this scenario"/>
  </testcase>
  <testcase name="Add New Plan Overlay - Check App behavior in case of tapping on &quot;View plan details&quot; CTA in Add a new plan" classname="Add New Plan Overlay" time="0">
    <skipped message="&apos;cucumber.filter.tags=@TC_1048344&apos; did not match this scenario"/>
  </testcase>
  <testcase name="HBB Upgrades - Check HBB Upgrades eligibility card UI and CTA behavior" classname="HBB Upgrades" time="0">
    <skipped message="&apos;cucumber.filter.tags=@TC_1048344&apos; did not match this scenario"/>
  </testcase>
  <testcase name="OneNumber Card - TC01_Validate_OneCardImage" classname="OneNumber Card" time="0">
    <skipped message="&apos;cucumber.filter.tags=@TC_1048344&apos; did not match this scenario"/>
  </testcase>
  <testcase name="OneNumber Card - TC02_Validate_OneCardTitle" classname="OneNumber Card" time="0">
    <skipped message="&apos;cucumber.filter.tags=@TC_1048344&apos; did not match this scenario"/>
  </testcase>
  <testcase name="OneNumber Card - TC03_Validate_OneCardDescription" classname="OneNumber Card" time="0">
    <skipped message="&apos;cucumber.filter.tags=@TC_1048344&apos; did not match this scenario"/>
  </testcase>
  <testcase name="OneNumber Card - TC04_Validate_OneCardCTAsDisplayed" classname="OneNumber Card" time="0">
    <skipped message="&apos;cucumber.filter.tags=@TC_1048344&apos; did not match this scenario"/>
  </testcase>
  <testcase name="OneNumber Card - Check &quot;Get Connected&quot; and &quot;Find out more&quot; CTAs in One Number card opens in Custom tab" classname="OneNumber Card" time="0">
    <skipped message="&apos;cucumber.filter.tags=@TC_1048344&apos; did not match this scenario"/>
  </testcase>
  <testcase name="OneNumber Card - Check Find out more CTA in One Number card opens in Custom tab" classname="OneNumber Card" time="0">
    <skipped message="&apos;cucumber.filter.tags=@TC_1048344&apos; did not match this scenario"/>
  </testcase>
  <testcase name="OneNumber Card - Check the new One Number card title &amp; body" classname="OneNumber Card" time="0">
    <skipped message="&apos;cucumber.filter.tags=@TC_1048344&apos; did not match this scenario"/>
  </testcase>
  <testcase name="Plan Cards for PAYG Users - Check Plan screen for Payg1 user_FUN" classname="Plan Cards for PAYG Users" time="0">
    <skipped message="&apos;cucumber.filter.tags=@TC_1048344&apos; did not match this scenario"/>
  </testcase>
  <testcase name="Plan Details - Test Case 601911: P1_Check plan screen for BVB user_Functional" classname="Plan Details" time="0">
    <skipped message="&apos;cucumber.filter.tags=@TC_1048344&apos; did not match this scenario"/>
  </testcase>
  <testcase name="Plan Details - Test Case 601908: P1_Check when user is eligible for upgrade_FUN" classname="Plan Details" time="0">
    <skipped message="&apos;cucumber.filter.tags=@TC_1048344&apos; did not match this scenario"/>
  </testcase>
  <testcase name="Plan Details - Test Case 601926: P1 Check inclusive extras in plan tab when there are more than 5 products_Functional" classname="Plan Details" time="0">
    <skipped message="&apos;cucumber.filter.tags=@TC_1048344&apos; did not match this scenario"/>
  </testcase>
  <testcase name="Plan Details - Test Case 601927: P1 Check inclusive extras in plan tab when there are less than or equal to 5 products_Functional" classname="Plan Details" time="0">
    <skipped message="&apos;cucumber.filter.tags=@TC_1048344&apos; did not match this scenario"/>
  </testcase>
  <testcase name="Plan Details - Test Case 601907: P1_Check plan tab for FLN_FUN" classname="Plan Details" time="0">
    <skipped message="&apos;cucumber.filter.tags=@TC_1048344&apos; did not match this scenario"/>
  </testcase>
  <testcase name="Plan Details - Check for the content of Extras tab for a PayM user with HBB subscription has &quot;Vodafone together&quot; discount_FUN" classname="Plan Details" time="0">
    <skipped message="&apos;cucumber.filter.tags=@TC_1048344&apos; did not match this scenario"/>
  </testcase>
  <testcase name="Unlimited Data Booster - Active - Check Active Counter in Unlimited Data Booster screen when user has active data booster" classname="Unlimited Data Booster - Active" time="0">
    <skipped message="&apos;cucumber.filter.tags=@TC_1048344&apos; did not match this scenario"/>
  </testcase>
  <testcase name="Unlimited Data Booster - Active - Check UI of &quot;Unlimited Data Booster&quot; screen for MPS users" classname="Unlimited Data Booster - Active" time="0">
    <skipped message="&apos;cucumber.filter.tags=@TC_1048344&apos; did not match this scenario"/>
  </testcase>
  <testcase name="Unlimited Data Booster - Active - Check UI of &quot;Unlimited Data Booster&quot; screen for MBB subscription users" classname="Unlimited Data Booster - Active" time="0">
    <skipped message="&apos;cucumber.filter.tags=@TC_1048344&apos; did not match this scenario"/>
  </testcase>
  <testcase name="Unlimited Data Booster - Not Active - Check Unlimited Data Booster journey under &quot;Includes&quot; section in Plan Card_Functional" classname="Unlimited Data Booster - Not Active" time="0">
    <skipped message="&apos;cucumber.filter.tags=@TC_1048344&apos; did not match this scenario"/>
  </testcase>
  <testcase name="Unlimited Data Booster - Not Active - Check UI of Need more data Card and Change your Plan CTA for a user that has used all boosts_UI" classname="Unlimited Data Booster - Not Active" time="0">
    <skipped message="&apos;cucumber.filter.tags=@TC_1048344&apos; did not match this scenario"/>
  </testcase>
  <testcase name="Upgrade Card Card - TC01_ValidateEligibleForUpgradeCard" classname="Upgrade Card Card" time="0">
    <skipped message="&apos;cucumber.filter.tags=@TC_1048344&apos; did not match this scenario"/>
  </testcase>
  <testcase name="Upgrade Card Card - TC02_ValidateEligibleForUpgradeCardCTA" classname="Upgrade Card Card" time="0">
    <skipped message="&apos;cucumber.filter.tags=@TC_1048344&apos; did not match this scenario"/>
  </testcase>
  <testcase name="Upgrade Card Card - TC03_ValidateNotEligibleForUpgradeCard" classname="Upgrade Card Card" time="0">
    <skipped message="&apos;cucumber.filter.tags=@TC_1048344&apos; did not match this scenario"/>
  </testcase>
  <testcase name="Upgrade Card Card - TC04_ValidateFancyCard" classname="Upgrade Card Card" time="0">
    <skipped message="&apos;cucumber.filter.tags=@TC_1048344&apos; did not match this scenario"/>
  </testcase>
  <testcase name="Upgrade Card Card - TC05_ValidateFancyCardCTA" classname="Upgrade Card Card" time="0">
    <skipped message="&apos;cucumber.filter.tags=@TC_1048344&apos; did not match this scenario"/>
  </testcase>
  <testcase name="Upgrade Card Card - TC06_ValidateChangePlanCard" classname="Upgrade Card Card" time="0">
    <skipped message="&apos;cucumber.filter.tags=@TC_1048344&apos; did not match this scenario"/>
  </testcase>
  <testcase name="Upgrade Card Card - TC07_ValidateChangePlanCardCTA" classname="Upgrade Card Card" time="0">
    <skipped message="&apos;cucumber.filter.tags=@TC_1048344&apos; did not match this scenario"/>
  </testcase>
  <testcase name="Upgrade Card Card - TC08_Check the behavior when user click on &quot;Upgrade now&quot; CTA" classname="Upgrade Card Card" time="0">
    <skipped message="&apos;cucumber.filter.tags=@TC_1048344&apos; did not match this scenario"/>
  </testcase>
  <testcase name="Upgrade Card Card - TC09_Check the behavior when user click on &quot;Choose a phone plan&quot; CTA _FUN" classname="Upgrade Card Card" time="0">
    <skipped message="&apos;cucumber.filter.tags=@TC_1048344&apos; did not match this scenario"/>
  </testcase>
  <testcase name="Upgrade Card Card - TC10_Check the UI of the new pop up of trade-in when user is eligible for handset upgrade_UI" classname="Upgrade Card Card" time="0">
    <skipped message="&apos;cucumber.filter.tags=@TC_1048344&apos; did not match this scenario"/>
  </testcase>
  <testcase name="Upgrade Card Card - TC11_Check the functionality of X close in the new popup of trade in_FUN" classname="Upgrade Card Card" time="0">
    <skipped message="&apos;cucumber.filter.tags=@TC_1048344&apos; did not match this scenario"/>
  </testcase>
  <testcase name="Upgrade Card Card - TC12_Check the functionality of 1st CTA &quot;Yes, Please&quot; in the new popup of trade in_FUN" classname="Upgrade Card Card" time="0">
    <skipped message="&apos;cucumber.filter.tags=@TC_1048344&apos; did not match this scenario"/>
  </testcase>
  <testcase name="Upgrade Card Card - TC 519606: Check The PAYM MBB user have the new Upgrade Eligibility Message _FUN" classname="Upgrade Card Card" time="0">
    <skipped message="&apos;cucumber.filter.tags=@TC_1048344&apos; did not match this scenario"/>
  </testcase>
  <testcase name="Upgrade Card Card - Check upgrade card for PayM MPS has SIMO and handset upgrades" classname="Upgrade Card Card" time="0">
    <skipped message="&apos;cucumber.filter.tags=@TC_1048344&apos; did not match this scenario"/>
  </testcase>
  <testcase name="Upgrade Card Card - TC 1458341: 1263538.01_P1_Check Plan tab UI for AOM offer upgrade for consumer &amp; normal eligibility upgrade user" classname="Upgrade Card Card" time="0">
    <skipped message="&apos;cucumber.filter.tags=@TC_1048344&apos; did not match this scenario"/>
  </testcase>
  <testcase name="Subscription overlay for different users - P1 - Check subscription overlay header view for PayM,PayG,FLN and BB users in subscription overlay screen_UI" classname="Subscription overlay for different users" time="0">
    <skipped message="&apos;cucumber.filter.tags=@TC_1048344&apos; did not match this scenario"/>
  </testcase>
  <testcase name="Subscription overlay for different users - Check BB subsoverlay" classname="Subscription overlay for different users" time="0">
    <skipped message="&apos;cucumber.filter.tags=@TC_1048344&apos; did not match this scenario"/>
  </testcase>
  <testcase name="Usages tab - P1 - Check plan card for PAYM user in usage screen has plan data , mins and calls and expiry/renewal date_Functional" classname="Usages tab" time="0">
    <skipped message="&apos;cucumber.filter.tags=@TC_1048344&apos; did not match this scenario"/>
  </testcase>
  <testcase name="Usages tab - P1 - Check Add extras CTA is displayed for all users_Functional" classname="Usages tab" time="0">
    <skipped message="&apos;cucumber.filter.tags=@TC_1048344&apos; did not match this scenario"/>
  </testcase>
  <testcase name="Usages tab - Check clicking on &quot;Add extra&quot; CTA in usage tab using a softlogged in Red leader user" classname="Usages tab" time="0">
    <skipped message="&apos;cucumber.filter.tags=@TC_1048344&apos; did not match this scenario"/>
  </testcase>
  <testcase name="Usages tab - Check clicking on &quot;Add extra&quot; CTA in usage tab using a FL Bingo user" classname="Usages tab" time="0">
    <skipped message="&apos;cucumber.filter.tags=@TC_1048344&apos; did not match this scenario"/>
  </testcase>
  <testcase name="Usages tab - Check the existence of &quot;Manage extras, caps and bars&quot; CTA in usage tab using a softlogged in Consumer MPS user" classname="Usages tab" time="0">
    <skipped message="&apos;cucumber.filter.tags=@TC_1048344&apos; did not match this scenario"/>
  </testcase>
  <testcase name="Usages tab CRO - P1 -Check that AC experience appear on 2 different devices and their functionality" classname="Usages tab CRO" time="0">
    <skipped message="&apos;cucumber.filter.tags=@TC_1048344&apos; did not match this scenario"/>
  </testcase>
  <testcase name="Synthetics - Discover" classname="Synthetics" time="0">
    <skipped message="&apos;cucumber.filter.tags=@TC_1048344&apos; did not match this scenario"/>
  </testcase>
  <testcase name="Synthetics - Veryme" classname="Synthetics" time="0">
    <skipped message="&apos;cucumber.filter.tags=@TC_1048344&apos; did not match this scenario"/>
  </testcase>
  <testcase name="Synthetics - Tobi" classname="Synthetics" time="0">
    <skipped message="&apos;cucumber.filter.tags=@TC_1048344&apos; did not match this scenario"/>
  </testcase>
  <testcase name="Synthetics - C2U" classname="Synthetics" time="0">
    <skipped message="&apos;cucumber.filter.tags=@TC_1048344&apos; did not match this scenario"/>
  </testcase>
  <testcase name="Synthetics - Billing and Usage" classname="Synthetics" time="0">
    <skipped message="&apos;cucumber.filter.tags=@TC_1048344&apos; did not match this scenario"/>
  </testcase>
  <testcase name="Synthetics - Sub-Switch" classname="Synthetics" time="0">
    <skipped message="&apos;cucumber.filter.tags=@TC_1048344&apos; did not match this scenario"/>
  </testcase>
  <testcase name="Synthetics - Top up" classname="Synthetics" time="0">
    <skipped message="&apos;cucumber.filter.tags=@TC_1048344&apos; did not match this scenario"/>
  </testcase>
  <testcase name="Synthetics - Tariff Migration" classname="Synthetics" time="0">
    <skipped message="&apos;cucumber.filter.tags=@TC_1048344&apos; did not match this scenario"/>
  </testcase>
  <testcase name="Synthetics - Upgrade Now" classname="Synthetics" time="0">
    <skipped message="&apos;cucumber.filter.tags=@TC_1048344&apos; did not match this scenario"/>
  </testcase>
  <testcase name="Accessibility Options - validate Accessibility item on account setting screen" classname="Accessibility Options" time="0">
    <skipped message="&apos;cucumber.filter.tags=@TC_1048344&apos; did not match this scenario"/>
  </testcase>
  <testcase name="Accessibility Options - Validate that Accessibility Open reinvent eCare link" classname="Accessibility Options" time="0">
    <skipped message="&apos;cucumber.filter.tags=@TC_1048344&apos; did not match this scenario"/>
  </testcase>
  <testcase name="Account Settings List Reordering - validate the new order and text for Account setting list for Soft login user has Spend manager" classname="Account Settings List Reordering" time="0">
    <skipped message="&apos;cucumber.filter.tags=@TC_1048344&apos; did not match this scenario"/>
  </testcase>
  <testcase name="Account Settings List Reordering - validate the new eCare reinvent page for spend Manager" classname="Account Settings List Reordering" time="0">
    <skipped message="&apos;cucumber.filter.tags=@TC_1048344&apos; did not match this scenario"/>
  </testcase>
  <testcase name="Account Settings List Reordering - Validate the new eCare Reinvent journey for Cards &amp; Payments" classname="Account Settings List Reordering" time="0">
    <skipped message="&apos;cucumber.filter.tags=@TC_1048344&apos; did not match this scenario"/>
  </testcase>
  <testcase name="Account Settings List Reordering - validate the new eCare reinvent page for Data Notifications" classname="Account Settings List Reordering" time="0">
    <skipped message="&apos;cucumber.filter.tags=@TC_1048344&apos; did not match this scenario"/>
  </testcase>
  <testcase name="Account Settings List Reordering - validate the new eCare reinvent page for Profile &amp; Address" classname="Account Settings List Reordering" time="0">
    <skipped message="&apos;cucumber.filter.tags=@TC_1048344&apos; did not match this scenario"/>
  </testcase>
  <testcase name="Account Settings List Reordering - validate the new eCare reinvent page for Activate SIM" classname="Account Settings List Reordering" time="0">
    <skipped message="&apos;cucumber.filter.tags=@TC_1048344&apos; did not match this scenario"/>
  </testcase>
  <testcase name="Account Settings List Reordering - validate the new eCare reinvent page for SIM Swap" classname="Account Settings List Reordering" time="0">
    <skipped message="&apos;cucumber.filter.tags=@TC_1048344&apos; did not match this scenario"/>
  </testcase>
  <testcase name="Account Settings List Reordering - validate Account settings screen for SMB user" classname="Account Settings List Reordering" time="0">
    <skipped message="&apos;cucumber.filter.tags=@TC_1048344&apos; did not match this scenario"/>
  </testcase>
  <testcase name="Account Settings List Reordering - validate Account settings screen for PAYG+ user" classname="Account Settings List Reordering" time="0">
    <skipped message="&apos;cucumber.filter.tags=@TC_1048344&apos; did not match this scenario"/>
  </testcase>
  <testcase name="Account Settings List Reordering - Validate Log out for UFL user using WIFI" classname="Account Settings List Reordering" time="0">
    <skipped message="&apos;cucumber.filter.tags=@TC_1048344&apos; did not match this scenario"/>
  </testcase>
  <testcase name="App Settings - TC01_ValidateAppSettingsItems" classname="App Settings" time="0">
    <skipped message="&apos;cucumber.filter.tags=@TC_1048344&apos; did not match this scenario"/>
  </testcase>
  <testcase name="App Settings - TC05_ValidateTAndCFunctionality" classname="App Settings" time="0">
    <skipped message="&apos;cucumber.filter.tags=@TC_1048344&apos; did not match this scenario"/>
  </testcase>
  <testcase name="App Settings - TC06_ValidateLoginOptionsBeforeLoginFunctionality" classname="App Settings" time="0">
    <skipped message="&apos;cucumber.filter.tags=@TC_1048344&apos; did not match this scenario"/>
  </testcase>
  <testcase name="App Settings - TC04_ValidateDevicePermissionsFunctionality" classname="App Settings" time="0">
    <skipped message="&apos;cucumber.filter.tags=@TC_1048344&apos; did not match this scenario"/>
  </testcase>
  <testcase name="App Settings - TC03_ValidateResetAppFunctionality" classname="App Settings" time="0">
    <skipped message="&apos;cucumber.filter.tags=@TC_1048344&apos; did not match this scenario"/>
  </testcase>
  <testcase name="App Settings - TC13_ValidateResetAppJourney" classname="App Settings" time="0">
    <skipped message="&apos;cucumber.filter.tags=@TC_1048344&apos; did not match this scenario"/>
  </testcase>
  <testcase name="App Settings - Validate App Settings Screen" classname="App Settings" time="0">
    <skipped message="&apos;cucumber.filter.tags=@TC_1048344&apos; did not match this scenario"/>
  </testcase>
  <testcase name="App Settings - Validate App Settings Screen for Unknown Users" classname="App Settings" time="0">
    <skipped message="&apos;cucumber.filter.tags=@TC_1048344&apos; did not match this scenario"/>
  </testcase>
  <testcase name="App Settings - Validate App Settings deeplink" classname="App Settings" time="0">
    <skipped message="&apos;cucumber.filter.tags=@TC_1048344&apos; did not match this scenario"/>
  </testcase>
  <testcase name="Billing Screen - Check the content of the billing dashboard using a softlogged consumer MPS user has more than 6 bills" classname="Billing Screen" time="0">
    <skipped message="&apos;cucumber.filter.tags=@TC_1048344&apos; did not match this scenario"/>
  </testcase>
  <testcase name="Billing Screen - Check the content of the billing dashboard using a softlogged consumer MBB user who has less than 3 bills" classname="Billing Screen" time="0">
    <skipped message="&apos;cucumber.filter.tags=@TC_1048344&apos; did not match this scenario"/>
  </testcase>
  <testcase name="Billing Screen - Validate Login Screen opened when user Click on Billing in soft logged in" classname="Billing Screen" time="0">
    <skipped message="&apos;cucumber.filter.tags=@TC_1048344&apos; did not match this scenario"/>
  </testcase>
  <testcase name="DashboardTray - Validate My Account" classname="DashboardTray" time="0">
    <skipped message="&apos;cucumber.filter.tags=@TC_1048344&apos; did not match this scenario"/>
  </testcase>
  <testcase name="DashboardTray - Check that TOBi opens and respond successfully from dashboard Tray" classname="DashboardTray" time="0">
    <skipped message="&apos;cucumber.filter.tags=@TC_1048344&apos; did not match this scenario"/>
  </testcase>
  <testcase name="DashboardTray - Check Tobi journey displayed for child user _function" classname="DashboardTray" time="0">
    <skipped message="&apos;cucumber.filter.tags=@TC_1048344&apos; did not match this scenario"/>
  </testcase>
  <testcase name="Important Documents item - validate Important Document item on account setting screen" classname="Important Documents item" time="0">
    <skipped message="&apos;cucumber.filter.tags=@TC_1048344&apos; did not match this scenario"/>
  </testcase>
  <testcase name="Important Documents item - Validate that Important Documents Open reinvent eCare link" classname="Important Documents item" time="0">
    <skipped message="&apos;cucumber.filter.tags=@TC_1048344&apos; did not match this scenario"/>
  </testcase>
  <testcase name="My Account drawer - TC02_ValidateMultipleAccountsUsers" classname="My Account drawer" time="0">
    <skipped message="&apos;cucumber.filter.tags=@TC_1048344&apos; did not match this scenario"/>
  </testcase>
  <testcase name="My Account drawer - Check app behavior when switch to PayG user" classname="My Account drawer" time="0">
    <skipped message="&apos;cucumber.filter.tags=@TC_1048344&apos; did not match this scenario"/>
  </testcase>
  <testcase name="My Account drawer - Check app behavior when switch to another subscription and hard close the app" classname="My Account drawer" time="0">
    <skipped message="&apos;cucumber.filter.tags=@TC_1048344&apos; did not match this scenario"/>
  </testcase>
  <testcase name="My Account drawer - Validate My Account New Implementation" classname="My Account drawer" time="0">
    <skipped message="&apos;cucumber.filter.tags=@TC_1048344&apos; did not match this scenario"/>
  </testcase>
  <testcase name="Privacy settings - TC01_ValidatePrivacySettingsItems" classname="Privacy settings" time="0">
    <skipped message="&apos;cucumber.filter.tags=@TC_1048344&apos; did not match this scenario"/>
  </testcase>
  <testcase name="Privacy settings - TC02_ValidateAppPrivacySupplementChevrons" classname="Privacy settings" time="0">
    <skipped message="&apos;cucumber.filter.tags=@TC_1048344&apos; did not match this scenario"/>
  </testcase>
  <testcase name="Privacy settings - TC04_ValidateMarketingPreferencesFunctionality" classname="Privacy settings" time="0">
    <skipped message="&apos;cucumber.filter.tags=@TC_1048344&apos; did not match this scenario"/>
  </testcase>
  <testcase name="Privacy settings - Validate Privacy Settings Screen" classname="Privacy settings" time="0">
    <skipped message="&apos;cucumber.filter.tags=@TC_1048344&apos; did not match this scenario"/>
  </testcase>
  <testcase name="Privacy settings - Check Privacy Settings tray UI using Unknown User" classname="Privacy settings" time="0">
    <skipped message="&apos;cucumber.filter.tags=@TC_1048344&apos; did not match this scenario"/>
  </testcase>
  <testcase name="RewardsTray - Check veryme card function" classname="RewardsTray" time="0">
    <skipped message="&apos;cucumber.filter.tags=@TC_1048344&apos; did not match this scenario"/>
  </testcase>
  <testcase name="RewardsTray - Check offers for you card function" classname="RewardsTray" time="0">
    <skipped message="&apos;cucumber.filter.tags=@TC_1048344&apos; did not match this scenario"/>
  </testcase>
  <testcase name="Setting Drawer and Account Settings - TC01_ValidateSettingsDrawerItems" classname="Setting Drawer and Account Settings" time="0">
    <skipped message="&apos;cucumber.filter.tags=@TC_1048344&apos; did not match this scenario"/>
  </testcase>
  <testcase name="Setting Drawer and Account Settings - TC04_ValidateSettingsDrawerForFLNUsers" classname="Setting Drawer and Account Settings" time="0">
    <skipped message="&apos;cucumber.filter.tags=@TC_1048344&apos; did not match this scenario"/>
  </testcase>
  <testcase name="Setting Drawer and Account Settings - TC05_ValidateSettingsDrawerForHBBUsers" classname="Setting Drawer and Account Settings" time="0">
    <skipped message="&apos;cucumber.filter.tags=@TC_1048344&apos; did not match this scenario"/>
  </testcase>
  <testcase name="DP&amp;C - Settings - Settings tray new UI - Check app behavior when MVA user taps on &quot;Settings&quot; tray in dashboard" classname="DP&amp;C - Settings - Settings tray new UI" time="0">
    <skipped message="&apos;cucumber.filter.tags=@TC_1048344&apos; did not match this scenario"/>
  </testcase>
  <testcase name="DP&amp;C - Settings - Settings tray new UI - Check app behavior when user taps on dismissal button of &quot;Settings&quot; tray" classname="DP&amp;C - Settings - Settings tray new UI" time="0">
    <skipped message="&apos;cucumber.filter.tags=@TC_1048344&apos; did not match this scenario"/>
  </testcase>
  <testcase name="DP&amp;C - Settings - Settings tray new UI - Check app behavior when Unknown user taps on &quot;Settings&quot; tray in Acquisition dashboard" classname="DP&amp;C - Settings - Settings tray new UI" time="0">
    <skipped message="&apos;cucumber.filter.tags=@TC_1048344&apos; did not match this scenario"/>
  </testcase>
  <testcase name="DP&amp;C - Settings - Settings tray new UI - Check changes in Dashboard api for App and Privacy settings for root Paym user" classname="DP&amp;C - Settings - Settings tray new UI" time="0">
    <skipped message="&apos;cucumber.filter.tags=@TC_1048344&apos; did not match this scenario"/>
  </testcase>
  <testcase name="Tobi Login Prompt - TC01_Validate Prompt displayed when Returning PAYM user with Biometrics clicks on Tobi" classname="Tobi Login Prompt" time="0">
    <skipped message="&apos;cucumber.filter.tags=@TC_1048344&apos; did not match this scenario"/>
  </testcase>
  <testcase name="Tobi Login Prompt - TC02_Validate behavior when user clicks on Skip login on the Tobi Prompt" classname="Tobi Login Prompt" time="0">
    <skipped message="&apos;cucumber.filter.tags=@TC_1048344&apos; did not match this scenario"/>
  </testcase>
  <testcase name="Tobi Login Prompt - TC03_Validate behavior when user clicks on Skip login on the Tobi Prompt" classname="Tobi Login Prompt" time="0">
    <skipped message="&apos;cucumber.filter.tags=@TC_1048344&apos; did not match this scenario"/>
  </testcase>
  <testcase name="New UFL Flows - TC01_ValidateUFLByPAYG" classname="New UFL Flows" time="0">
    <skipped message="&apos;cucumber.filter.tags=@TC_1048344&apos; did not match this scenario"/>
  </testcase>
  <testcase name="UFL Flows - TC01_validatePleaseContactUsFooter" classname="UFL Flows" time="0">
    <skipped message="&apos;cucumber.filter.tags=@TC_1048344&apos; did not match this scenario"/>
  </testcase>
  <testcase name="UFL Flows - TC02_checkFingerPrintDisplayed" classname="UFL Flows" time="0">
    <skipped message="&apos;cucumber.filter.tags=@TC_1048344&apos; did not match this scenario"/>
  </testcase>
  <testcase name="UFL Flows - TC03_validatedRestPINJourney" classname="UFL Flows" time="0">
    <skipped message="&apos;cucumber.filter.tags=@TC_1048344&apos; did not match this scenario"/>
  </testcase>
  <testcase name="Universal Link - TC01_ValidateBingoUniversalLinkwhileAppInForeground" classname="Universal Link" time="0">
    <skipped message="&apos;cucumber.filter.tags=@TC_1048344&apos; did not match this scenario"/>
  </testcase>
  <testcase name="Universal Link - TC02_ValidateBingoUniversalLinkwhileAppInBackground" classname="Universal Link" time="0">
    <skipped message="&apos;cucumber.filter.tags=@TC_1048344&apos; did not match this scenario"/>
  </testcase>
  <testcase name="Universal Link - TC03_ValidateNotBingoUniversalLink" classname="Universal Link" time="0">
    <skipped message="&apos;cucumber.filter.tags=@TC_1048344&apos; did not match this scenario"/>
  </testcase>
  <testcase name="Universal Link - TC01_ValidateUsageUniversalLink" classname="Universal Link" time="0">
    <skipped message="&apos;cucumber.filter.tags=@TC_1048344&apos; did not match this scenario"/>
  </testcase>
  <testcase name="Universal Link - TC02_ValidateFAQSUniversalLink" classname="Universal Link" time="0">
    <skipped message="&apos;cucumber.filter.tags=@TC_1048344&apos; did not match this scenario"/>
  </testcase>
  <testcase name="Universal Link - TC03_ValidateTopUpUniversalLink" classname="Universal Link" time="0">
    <skipped message="&apos;cucumber.filter.tags=@TC_1048344&apos; did not match this scenario"/>
  </testcase>
  <testcase name="Universal Link - TC04_ValidateExtrasUniversalLink" classname="Universal Link" time="0">
    <skipped message="&apos;cucumber.filter.tags=@TC_1048344&apos; did not match this scenario"/>
  </testcase>
  <testcase name="Universal Link - TC04_493624: P1_Check that the Universal Link on App 10.22_FUN" classname="Universal Link" time="0">
    <skipped message="&apos;cucumber.filter.tags=@TC_1048344&apos; did not match this scenario"/>
  </testcase>
  <testcase name="Universal Link - TC04_493632: Check that the Universal Link for strategic trade in journey will navigate to strategic trade in journey when the app is Hard closed" classname="Universal Link" time="0">
    <skipped message="&apos;cucumber.filter.tags=@TC_1048344&apos; did not match this scenario"/>
  </testcase>
  <testcase name="Universal Link - TC04_493636: Check that the Universal Link for strategic trade in journey will navigate to strategic trade in journey when the app is in the background" classname="Universal Link" time="0">
    <skipped message="&apos;cucumber.filter.tags=@TC_1048344&apos; did not match this scenario"/>
  </testcase>
  <testcase name="Universal Link - 496423.01_P1- Check the app behavior when click on the notification deeplink when user logged in and App in background (SoftClose)" classname="Universal Link" time="0">
    <skipped message="&apos;cucumber.filter.tags=@TC_1048344&apos; did not match this scenario"/>
  </testcase>
  <testcase name="Universal Link - 496423.02_P1- Check the app behavior when click on the notification deeplink when user is logged in and hard close the App" classname="Universal Link" time="0">
    <skipped message="&apos;cucumber.filter.tags=@TC_1048344&apos; did not match this scenario"/>
  </testcase>
  <testcase name="Universal Link - 496423.03_P1- Check the app behavior when click on the notification deeplink when app in background and user not logged in (SoftClose)" classname="Universal Link" time="0">
    <skipped message="&apos;cucumber.filter.tags=@TC_1048344&apos; did not match this scenario"/>
  </testcase>
  <testcase name="Universal Link - 496423.04_P1- Check the app behavior when click on the notification deeplink when the user hardClose the App and being not logged in" classname="Universal Link" time="0">
    <skipped message="&apos;cucumber.filter.tags=@TC_1048344&apos; did not match this scenario"/>
  </testcase>
  <testcase name="Universal Link - Check the content of the billing dashboard using a FL consumer child user on 10.27 app when accessing it through a universal link" classname="Universal Link" time="0">
    <skipped message="&apos;cucumber.filter.tags=@TC_1048344&apos; did not match this scenario"/>
  </testcase>
  <testcase name="Universal Link - Check that very me offer will open from universal link" classname="Universal Link" time="0">
    <skipped message="&apos;cucumber.filter.tags=@TC_1048344&apos; did not match this scenario"/>
  </testcase>
  <testcase name="Universal Link - Validate Your Plan Universal Link Navigate to plan subsoverlay screen" classname="Universal Link" time="0">
    <skipped message="&apos;cucumber.filter.tags=@TC_1048344&apos; did not match this scenario"/>
  </testcase>
  <testcase name="Universal Link - Validate the Trade in universal link open SDK successfully for Non Vodafone Users" classname="Universal Link" time="0">
    <skipped message="&apos;cucumber.filter.tags=@TC_1048344&apos; did not match this scenario"/>
  </testcase>
  <testcase name="Universal Link - Validate Broad band Service Universal Link for HBB user" classname="Universal Link" time="0">
    <skipped message="&apos;cucumber.filter.tags=@TC_1048344&apos; did not match this scenario"/>
  </testcase>
  <testcase name="Universal Link - Validate Broad band Service Universal Link for Consumer user" classname="Universal Link" time="0">
    <skipped message="&apos;cucumber.filter.tags=@TC_1048344&apos; did not match this scenario"/>
  </testcase>
  <testcase name="Universal Link - Validate Device plan Universal Link for EVO user" classname="Universal Link" time="0">
    <skipped message="&apos;cucumber.filter.tags=@TC_1048344&apos; did not match this scenario"/>
  </testcase>
  <testcase name="Universal Link - Validate Device plan Universal Link for Consumer user" classname="Universal Link" time="0">
    <skipped message="&apos;cucumber.filter.tags=@TC_1048344&apos; did not match this scenario"/>
  </testcase>
  <testcase name="Universal Link - Validate Spend Manager Universal Link" classname="Universal Link" time="0">
    <skipped message="&apos;cucumber.filter.tags=@TC_1048344&apos; did not match this scenario"/>
  </testcase>
  <testcase name="Universal Link - Validate AccountSettings Universal Link navigate to account settings screen" classname="Universal Link" time="0">
    <skipped message="&apos;cucumber.filter.tags=@TC_1048344&apos; did not match this scenario"/>
  </testcase>
  <testcase name="Universal Link - Validate Cards and Payment Universal Link navigate to cards and payments screen" classname="Universal Link" time="0">
    <skipped message="&apos;cucumber.filter.tags=@TC_1048344&apos; did not match this scenario"/>
  </testcase>
  <testcase name="Universal Link - Validate Active Controls and Limits Universal link while the app is in background (soft close) using softlogged MPS Consumer user" classname="Universal Link" time="0">
    <skipped message="&apos;cucumber.filter.tags=@TC_1048344&apos; did not match this scenario"/>
  </testcase>
  <testcase name="Universal Link - Validate Active Controls and Limits Universal link when hard close the app using FL MBB Soletrader user" classname="Universal Link" time="0">
    <skipped message="&apos;cucumber.filter.tags=@TC_1048344&apos; did not match this scenario"/>
  </testcase>
  <testcase name="Universal Link - Validate Extras Universal link navigate to new extras tab" classname="Universal Link" time="0">
    <skipped message="&apos;cucumber.filter.tags=@TC_1048344&apos; did not match this scenario"/>
  </testcase>
  <testcase name="Validate Login and Skip login screen content - Validate Login and skip login screen content" classname="Validate Login and Skip login screen content" time="0">
    <skipped message="&apos;cucumber.filter.tags=@TC_1048344&apos; did not match this scenario"/>
  </testcase>
  <testcase name="Cucumber" classname="Cucumber" time="38.798">
    <error message="Cannot invoke &quot;io.appium.java_client.AppiumDriver.quit()&quot; because &quot;core.Hooks.driver&quot; is null" type="java.lang.NullPointerException"><![CDATA[java.lang.NullPointerException: Cannot invoke "io.appium.java_client.AppiumDriver.quit()" because "core.Hooks.driver" is null
	at core.Hooks.teardown(Hooks.java:82)
	at core.EventHandlerPlugin$1.receive(EventHandlerPlugin.java:29)
	at core.EventHandlerPlugin$1.receive(EventHandlerPlugin.java:25)
	at io.cucumber.core.eventbus.AbstractEventPublisher.send(AbstractEventPublisher.java:51)
	at io.cucumber.core.eventbus.AbstractEventBus.send(AbstractEventBus.java:12)
	at io.cucumber.core.runtime.SynchronizedEventBus.send(SynchronizedEventBus.java:47)
	at io.cucumber.core.runtime.CucumberExecutionContext.emitTestRunFinished(CucumberExecutionContext.java:118)
	at io.cucumber.core.runtime.CucumberExecutionContext.finishTestRun(CucumberExecutionContext.java:105)
	at io.cucumber.junit.platform.engine.CucumberEngineExecutionContext.finishTestRun(CucumberEngineExecutionContext.java:126)
	at io.cucumber.junit.platform.engine.CucumberEngineDescriptor.ifChildren(CucumberEngineDescriptor.java:51)
	at io.cucumber.junit.platform.engine.CucumberEngineDescriptor.cleanUp(CucumberEngineDescriptor.java:36)
	at io.cucumber.junit.platform.engine.CucumberEngineDescriptor.cleanUp(CucumberEngineDescriptor.java:11)
	at org.junit.platform.engine.support.hierarchical.NodeTestTask.lambda$cleanUp$10(NodeTestTask.java:167)
	at org.junit.platform.engine.support.hierarchical.ThrowableCollector.execute(ThrowableCollector.java:73)
	at org.junit.platform.engine.support.hierarchical.NodeTestTask.cleanUp(NodeTestTask.java:167)
	at org.junit.platform.engine.support.hierarchical.NodeTestTask.execute(NodeTestTask.java:98)
	at org.junit.platform.engine.support.hierarchical.SameThreadHierarchicalTestExecutorService.submit(SameThreadHierarchicalTestExecutorService.java:35)
	at org.junit.platform.engine.support.hierarchical.HierarchicalTestExecutor.execute(HierarchicalTestExecutor.java:57)
	at org.junit.platform.engine.support.hierarchical.HierarchicalTestEngine.execute(HierarchicalTestEngine.java:54)
	at org.junit.platform.launcher.core.EngineExecutionOrchestrator.execute(EngineExecutionOrchestrator.java:147)
	at org.junit.platform.launcher.core.EngineExecutionOrchestrator.execute(EngineExecutionOrchestrator.java:127)
	at org.junit.platform.launcher.core.EngineExecutionOrchestrator.execute(EngineExecutionOrchestrator.java:90)
	at org.junit.platform.launcher.core.EngineExecutionOrchestrator.lambda$execute$0(EngineExecutionOrchestrator.java:55)
	at org.junit.platform.launcher.core.EngineExecutionOrchestrator.withInterceptedStreams(EngineExecutionOrchestrator.java:102)
	at org.junit.platform.launcher.core.EngineExecutionOrchestrator.execute(EngineExecutionOrchestrator.java:54)
	at org.junit.platform.launcher.core.DefaultLauncher.execute(DefaultLauncher.java:114)
	at org.junit.platform.launcher.core.DefaultLauncher.execute(DefaultLauncher.java:86)
	at org.junit.platform.launcher.core.DefaultLauncherSession$DelegatingLauncher.execute(DefaultLauncherSession.java:86)
	at org.apache.maven.surefire.junitplatform.LazyLauncher.execute(LazyLauncher.java:55)
	at org.apache.maven.surefire.junitplatform.JUnitPlatformProvider.execute(JUnitPlatformProvider.java:223)
	at org.apache.maven.surefire.junitplatform.JUnitPlatformProvider.invokeAllTests(JUnitPlatformProvider.java:175)
	at org.apache.maven.surefire.junitplatform.JUnitPlatformProvider.invoke(JUnitPlatformProvider.java:139)
	at org.apache.maven.surefire.booter.ForkedBooter.runSuitesInProcess(ForkedBooter.java:456)
	at org.apache.maven.surefire.booter.ForkedBooter.execute(ForkedBooter.java:169)
	at org.apache.maven.surefire.booter.ForkedBooter.run(ForkedBooter.java:595)
	at org.apache.maven.surefire.booter.ForkedBooter.main(ForkedBooter.java:581)
]]></error>
  </testcase>
</testsuite>